
*** Running vivado
    with args -log smartcar_sr04_ip_0_0.vds -m64 -product Vivado -mode batch -messageDb vivado.pb -notrace -source smartcar_sr04_ip_0_0.tcl


****** Vivado v2016.3 (64-bit)
  **** SW Build 1682563 on Mon Oct 10 19:07:27 MDT 2016
  **** IP Build 1681267 on Mon Oct 10 21:28:31 MDT 2016
    ** Copyright 1986-2016 Xilinx, Inc. All Rights Reserved.

source smartcar_sr04_ip_0_0.tcl -notrace
Command: synth_design -top smartcar_sr04_ip_0_0 -part xc7z020clg484-1 -mode out_of_context
Starting synth_design
Attempting to get a license for feature 'Synthesis' and/or device 'xc7z020'
INFO: [Common 17-349] Got license for feature 'Synthesis' and/or device 'xc7z020'
INFO: Launching helper process for spawning children vivado processes
INFO: Helper process launched with PID 14888 
---------------------------------------------------------------------------------
Starting RTL Elaboration : Time (s): cpu = 00:00:14 ; elapsed = 00:00:17 . Memory (MB): peak = 335.059 ; gain = 125.027
---------------------------------------------------------------------------------
INFO: [Synth 8-638] synthesizing module 'smartcar_sr04_ip_0_0' [f:/xproject/smartcar/smartcar.srcs/sources_1/bd/smartcar/ip/smartcar_sr04_ip_0_0/synth/smartcar_sr04_ip_0_0.v:57]
INFO: [Synth 8-638] synthesizing module 'sr04_ip_v2_0' [f:/xproject/smartcar/smartcar.srcs/sources_1/bd/smartcar/ipshared/d074/hdl/sr04_ip_v2_0.v:4]
	Parameter C_S00_AXI_DATA_WIDTH bound to: 32 - type: integer 
	Parameter C_S00_AXI_ADDR_WIDTH bound to: 4 - type: integer 
INFO: [Synth 8-638] synthesizing module 'sr04_ip_v2_0_S00_AXI' [f:/xproject/smartcar/smartcar.srcs/sources_1/bd/smartcar/ipshared/d074/hdl/sr04_ip_v2_0_S00_AXI.v:4]
	Parameter C_S_AXI_DATA_WIDTH bound to: 32 - type: integer 
	Parameter C_S_AXI_ADDR_WIDTH bound to: 4 - type: integer 
	Parameter ADDR_LSB bound to: 2 - type: integer 
	Parameter OPT_MEM_ADDR_BITS bound to: 1 - type: integer 
INFO: [Synth 8-226] default block is never used [f:/xproject/smartcar/smartcar.srcs/sources_1/bd/smartcar/ipshared/d074/hdl/sr04_ip_v2_0_S00_AXI.v:227]
INFO: [Synth 8-226] default block is never used [f:/xproject/smartcar/smartcar.srcs/sources_1/bd/smartcar/ipshared/d074/hdl/sr04_ip_v2_0_S00_AXI.v:368]
INFO: [Synth 8-256] done synthesizing module 'sr04_ip_v2_0_S00_AXI' (1#1) [f:/xproject/smartcar/smartcar.srcs/sources_1/bd/smartcar/ipshared/d074/hdl/sr04_ip_v2_0_S00_AXI.v:4]
INFO: [Synth 8-256] done synthesizing module 'sr04_ip_v2_0' (2#1) [f:/xproject/smartcar/smartcar.srcs/sources_1/bd/smartcar/ipshared/d074/hdl/sr04_ip_v2_0.v:4]
INFO: [Synth 8-256] done synthesizing module 'smartcar_sr04_ip_0_0' (3#1) [f:/xproject/smartcar/smartcar.srcs/sources_1/bd/smartcar/ip/smartcar_sr04_ip_0_0/synth/smartcar_sr04_ip_0_0.v:57]
WARNING: [Synth 8-3331] design sr04_ip_v2_0_S00_AXI has unconnected port S_AXI_AWPROT[2]
WARNING: [Synth 8-3331] design sr04_ip_v2_0_S00_AXI has unconnected port S_AXI_AWPROT[1]
WARNING: [Synth 8-3331] design sr04_ip_v2_0_S00_AXI has unconnected port S_AXI_AWPROT[0]
WARNING: [Synth 8-3331] design sr04_ip_v2_0_S00_AXI has unconnected port S_AXI_ARPROT[2]
WARNING: [Synth 8-3331] design sr04_ip_v2_0_S00_AXI has unconnected port S_AXI_ARPROT[1]
WARNING: [Synth 8-3331] design sr04_ip_v2_0_S00_AXI has unconnected port S_AXI_ARPROT[0]
---------------------------------------------------------------------------------
Finished RTL Elaboration : Time (s): cpu = 00:00:16 ; elapsed = 00:00:19 . Memory (MB): peak = 372.324 ; gain = 162.293
---------------------------------------------------------------------------------

Report Check Netlist: 
+------+------------------+-------+---------+-------+------------------+
|      |Item              |Errors |Warnings |Status |Description       |
+------+------------------+-------+---------+-------+------------------+
|1     |multi_driven_nets |      0|        0|Passed |Multi driven nets |
+------+------------------+-------+---------+-------+------------------+
---------------------------------------------------------------------------------
Finished RTL Optimization Phase 1 : Time (s): cpu = 00:00:16 ; elapsed = 00:00:19 . Memory (MB): peak = 372.324 ; gain = 162.293
---------------------------------------------------------------------------------
INFO: [Device 21-403] Loading part xc7z020clg484-1
INFO: [Project 1-570] Preparing netlist for logic optimization

Processing XDC Constraints
Initializing timing engine
Completed Processing XDC Constraints

INFO: [Project 1-111] Unisim Transformation Summary:
No Unisim elements were transformed.

Constraint Validation Runtime : Time (s): cpu = 00:00:00 ; elapsed = 00:00:00.041 . Memory (MB): peak = 681.711 ; gain = 0.043
---------------------------------------------------------------------------------
Finished Constraint Validation : Time (s): cpu = 00:00:33 ; elapsed = 00:00:38 . Memory (MB): peak = 681.711 ; gain = 471.680
---------------------------------------------------------------------------------
---------------------------------------------------------------------------------
Start Loading Part and Timing Information
---------------------------------------------------------------------------------
Loading part: xc7z020clg484-1
---------------------------------------------------------------------------------
Finished Loading Part and Timing Information : Time (s): cpu = 00:00:33 ; elapsed = 00:00:38 . Memory (MB): peak = 681.711 ; gain = 471.680
---------------------------------------------------------------------------------
---------------------------------------------------------------------------------
Start Applying 'set_property' XDC Constraints
---------------------------------------------------------------------------------
---------------------------------------------------------------------------------
Finished applying 'set_property' XDC Constraints : Time (s): cpu = 00:00:33 ; elapsed = 00:00:38 . Memory (MB): peak = 681.711 ; gain = 471.680
---------------------------------------------------------------------------------
INFO: [Synth 8-5545] ROM "trig" won't be mapped to RAM because address size (32) is larger than maximum supported(25)
INFO: [Synth 8-5545] ROM "trig" won't be mapped to RAM because address size (32) is larger than maximum supported(25)
INFO: [Synth 8-5545] ROM "trig" won't be mapped to RAM because address size (32) is larger than maximum supported(25)
INFO: [Synth 8-5545] ROM "echocnt" won't be mapped to RAM because address size (32) is larger than maximum supported(25)
---------------------------------------------------------------------------------
Finished RTL Optimization Phase 2 : Time (s): cpu = 00:00:33 ; elapsed = 00:00:38 . Memory (MB): peak = 681.711 ; gain = 471.680
---------------------------------------------------------------------------------

Report RTL Partitions: 
+-+--------------+------------+----------+
| |RTL Partition |Replication |Instances |
+-+--------------+------------+----------+
+-+--------------+------------+----------+
---------------------------------------------------------------------------------
Start RTL Component Statistics 
---------------------------------------------------------------------------------
Detailed RTL Component Info : 
+---Adders : 
	   2 Input     32 Bit       Adders := 1     
+---Registers : 
	               32 Bit    Registers := 6     
	                4 Bit    Registers := 2     
	                2 Bit    Registers := 2     
	                1 Bit    Registers := 6     
+---Muxes : 
	   2 Input     32 Bit        Muxes := 2     
	   4 Input     32 Bit        Muxes := 2     
	   3 Input     32 Bit        Muxes := 1     
	   3 Input      2 Bit        Muxes := 1     
	   2 Input      1 Bit        Muxes := 9     
---------------------------------------------------------------------------------
Finished RTL Component Statistics 
---------------------------------------------------------------------------------
---------------------------------------------------------------------------------
Start RTL Hierarchical Component Statistics 
---------------------------------------------------------------------------------
Hierarchical RTL Component report 
Module sr04_ip_v2_0_S00_AXI 
Detailed RTL Component Info : 
+---Adders : 
	   2 Input     32 Bit       Adders := 1     
+---Registers : 
	               32 Bit    Registers := 6     
	                4 Bit    Registers := 2     
	                2 Bit    Registers := 2     
	                1 Bit    Registers := 6     
+---Muxes : 
	   2 Input     32 Bit        Muxes := 2     
	   4 Input     32 Bit        Muxes := 2     
	   3 Input     32 Bit        Muxes := 1     
	   3 Input      2 Bit        Muxes := 1     
	   2 Input      1 Bit        Muxes := 9     
---------------------------------------------------------------------------------
Finished RTL Hierarchical Component Statistics
---------------------------------------------------------------------------------
---------------------------------------------------------------------------------
Start Part Resource Summary
---------------------------------------------------------------------------------
Part Resources:
DSPs: 220 (col length:60)
BRAMs: 280 (col length: RAMB18 60 RAMB36 30)
---------------------------------------------------------------------------------
Finished Part Resource Summary
---------------------------------------------------------------------------------
---------------------------------------------------------------------------------
Start Cross Boundary and Area Optimization
---------------------------------------------------------------------------------
INFO: [Synth 8-5545] ROM "inst/sr04_ip_v2_0_S00_AXI_inst/trig" won't be mapped to RAM because address size (32) is larger than maximum supported(25)
INFO: [Synth 8-5545] ROM "inst/sr04_ip_v2_0_S00_AXI_inst/trig" won't be mapped to RAM because address size (32) is larger than maximum supported(25)
INFO: [Synth 8-5545] ROM "inst/sr04_ip_v2_0_S00_AXI_inst/trig" won't be mapped to RAM because address size (32) is larger than maximum supported(25)
INFO: [Synth 8-5545] ROM "inst/sr04_ip_v2_0_S00_AXI_inst/echocnt" won't be mapped to RAM because address size (32) is larger than maximum supported(25)
WARNING: [Synth 8-3331] design smartcar_sr04_ip_0_0 has unconnected port s00_axi_awprot[2]
WARNING: [Synth 8-3331] design smartcar_sr04_ip_0_0 has unconnected port s00_axi_awprot[1]
WARNING: [Synth 8-3331] design smartcar_sr04_ip_0_0 has unconnected port s00_axi_awprot[0]
WARNING: [Synth 8-3331] design smartcar_sr04_ip_0_0 has unconnected port s00_axi_arprot[2]
WARNING: [Synth 8-3331] design smartcar_sr04_ip_0_0 has unconnected port s00_axi_arprot[1]
WARNING: [Synth 8-3331] design smartcar_sr04_ip_0_0 has unconnected port s00_axi_arprot[0]
INFO: [Synth 8-3886] merging instance 'inst/sr04_ip_v2_0_S00_AXI_inst/axi_rresp_reg[0]' (FDRE) to 'inst/sr04_ip_v2_0_S00_AXI_inst/axi_rresp_reg[1]'
INFO: [Synth 8-3333] propagating constant 0 across sequential element (\inst/sr04_ip_v2_0_S00_AXI_inst/axi_rresp_reg[1] )
INFO: [Synth 8-3886] merging instance 'inst/sr04_ip_v2_0_S00_AXI_inst/axi_bresp_reg[0]' (FDRE) to 'inst/sr04_ip_v2_0_S00_AXI_inst/axi_bresp_reg[1]'
INFO: [Synth 8-3333] propagating constant 0 across sequential element (\inst/sr04_ip_v2_0_S00_AXI_inst/axi_bresp_reg[1] )
INFO: [Synth 8-3332] Sequential element (inst/sr04_ip_v2_0_S00_AXI_inst/axi_awaddr_reg[1]) is unused and will be removed from module smartcar_sr04_ip_0_0.
INFO: [Synth 8-3332] Sequential element (inst/sr04_ip_v2_0_S00_AXI_inst/axi_awaddr_reg[0]) is unused and will be removed from module smartcar_sr04_ip_0_0.
INFO: [Synth 8-3332] Sequential element (inst/sr04_ip_v2_0_S00_AXI_inst/axi_bresp_reg[1]) is unused and will be removed from module smartcar_sr04_ip_0_0.
INFO: [Synth 8-3332] Sequential element (inst/sr04_ip_v2_0_S00_AXI_inst/axi_araddr_reg[1]) is unused and will be removed from module smartcar_sr04_ip_0_0.
INFO: [Synth 8-3332] Sequential element (inst/sr04_ip_v2_0_S00_AXI_inst/axi_araddr_reg[0]) is unused and will be removed from module smartcar_sr04_ip_0_0.
INFO: [Synth 8-3332] Sequential element (inst/sr04_ip_v2_0_S00_AXI_inst/axi_rresp_reg[1]) is unused and will be removed from module smartcar_sr04_ip_0_0.
---------------------------------------------------------------------------------
Finished Cross Boundary and Area Optimization : Time (s): cpu = 00:00:36 ; elapsed = 00:00:41 . Memory (MB): peak = 681.711 ; gain = 471.680
---------------------------------------------------------------------------------

Report RTL Partitions: 
+-+--------------+------------+----------+
| |RTL Partition |Replication |Instances |
+-+--------------+------------+----------+
+-+--------------+------------+----------+
---------------------------------------------------------------------------------
Start Timing Optimization
---------------------------------------------------------------------------------
---------------------------------------------------------------------------------
Start Applying XDC Timing Constraints
---------------------------------------------------------------------------------
---------------------------------------------------------------------------------
Finished Applying XDC Timing Constraints : Time (s): cpu = 00:00:55 ; elapsed = 00:01:02 . Memory (MB): peak = 681.711 ; gain = 471.680
---------------------------------------------------------------------------------
---------------------------------------------------------------------------------
Finished Timing Optimization : Time (s): cpu = 00:00:55 ; elapsed = 00:01:02 . Memory (MB): peak = 681.711 ; gain = 471.680
---------------------------------------------------------------------------------

Report RTL Partitions: 
+-+--------------+------------+----------+
| |RTL Partition |Replication |Instances |
+-+--------------+------------+----------+
+-+--------------+------------+----------+
---------------------------------------------------------------------------------
Start Technology Mapping
---------------------------------------------------------------------------------
---------------------------------------------------------------------------------
Finished Technology Mapping : Time (s): cpu = 00:00:55 ; elapsed = 00:01:02 . Memory (MB): peak = 681.711 ; gain = 471.680
---------------------------------------------------------------------------------

Report RTL Partitions: 
+-+--------------+------------+----------+
| |RTL Partition |Replication |Instances |
+-+--------------+------------+----------+
+-+--------------+------------+----------+
---------------------------------------------------------------------------------
Start IO Insertion
---------------------------------------------------------------------------------
---------------------------------------------------------------------------------
Start Flattening Before IO Insertion
---------------------------------------------------------------------------------
---------------------------------------------------------------------------------
Finished Flattening Before IO Insertion
---------------------------------------------------------------------------------
---------------------------------------------------------------------------------
Start Final Netlist Cleanup
---------------------------------------------------------------------------------
---------------------------------------------------------------------------------
Finished Final Netlist Cleanup
---------------------------------------------------------------------------------
---------------------------------------------------------------------------------
Finished IO Insertion : Time (s): cpu = 00:00:57 ; elapsed = 00:01:04 . Memory (MB): peak = 681.711 ; gain = 471.680
---------------------------------------------------------------------------------

Report Check Netlist: 
+------+------------------+-------+---------+-------+------------------+
|      |Item              |Errors |Warnings |Status |Description       |
+------+------------------+-------+---------+-------+------------------+
|1     |multi_driven_nets |      0|        0|Passed |Multi driven nets |
+------+------------------+-------+---------+-------+------------------+
---------------------------------------------------------------------------------
Start Renaming Generated Instances
---------------------------------------------------------------------------------
---------------------------------------------------------------------------------
Finished Renaming Generated Instances : Time (s): cpu = 00:00:57 ; elapsed = 00:01:04 . Memory (MB): peak = 681.711 ; gain = 471.680
---------------------------------------------------------------------------------

Report RTL Partitions: 
+-+--------------+------------+----------+
| |RTL Partition |Replication |Instances |
+-+--------------+------------+----------+
+-+--------------+------------+----------+
---------------------------------------------------------------------------------
Start Rebuilding User Hierarchy
---------------------------------------------------------------------------------
---------------------------------------------------------------------------------
Finished Rebuilding User Hierarchy : Time (s): cpu = 00:00:57 ; elapsed = 00:01:04 . Memory (MB): peak = 681.711 ; gain = 471.680
---------------------------------------------------------------------------------
---------------------------------------------------------------------------------
Start Renaming Generated Ports
---------------------------------------------------------------------------------
---------------------------------------------------------------------------------
Finished Renaming Generated Ports : Time (s): cpu = 00:00:57 ; elapsed = 00:01:04 . Memory (MB): peak = 681.711 ; gain = 471.680
---------------------------------------------------------------------------------
---------------------------------------------------------------------------------
Start Handling Custom Attributes
---------------------------------------------------------------------------------
---------------------------------------------------------------------------------
Finished Handling Custom Attributes : Time (s): cpu = 00:00:57 ; elapsed = 00:01:04 . Memory (MB): peak = 681.711 ; gain = 471.680
---------------------------------------------------------------------------------
---------------------------------------------------------------------------------
Start Renaming Generated Nets
---------------------------------------------------------------------------------
---------------------------------------------------------------------------------
Finished Renaming Generated Nets : Time (s): cpu = 00:00:57 ; elapsed = 00:01:04 . Memory (MB): peak = 681.711 ; gain = 471.680
---------------------------------------------------------------------------------
---------------------------------------------------------------------------------
Start Writing Synthesis Report
---------------------------------------------------------------------------------

Report BlackBoxes: 
+-+--------------+----------+
| |BlackBox name |Instances |
+-+--------------+----------+
+-+--------------+----------+

Report Cell Usage: 
+------+-------+------+
|      |Cell   |Count |
+------+-------+------+
|1     |CARRY4 |    35|
|2     |LUT1   |   129|
|3     |LUT2   |     7|
|4     |LUT3   |     5|
|5     |LUT4   |    13|
|6     |LUT5   |    25|
|7     |LUT6   |    51|
|8     |FDRE   |   298|
+------+-------+------+

Report Instance Areas: 
+------+------------------------------+---------------------+------+
|      |Instance                      |Module               |Cells |
+------+------------------------------+---------------------+------+
|1     |top                           |                     |   563|
|2     |  inst                        |sr04_ip_v2_0         |   563|
|3     |    sr04_ip_v2_0_S00_AXI_inst |sr04_ip_v2_0_S00_AXI |   563|
+------+------------------------------+---------------------+------+
---------------------------------------------------------------------------------
Finished Writing Synthesis Report : Time (s): cpu = 00:00:57 ; elapsed = 00:01:04 . Memory (MB): peak = 681.711 ; gain = 471.680
---------------------------------------------------------------------------------
Synthesis finished with 0 errors, 0 critical warnings and 6 warnings.
Synthesis Optimization Runtime : Time (s): cpu = 00:00:30 ; elapsed = 00:00:42 . Memory (MB): peak = 681.711 ; gain = 113.414
Synthesis Optimization Complete : Time (s): cpu = 00:00:57 ; elapsed = 00:01:04 . Memory (MB): peak = 681.711 ; gain = 471.680
INFO: [Project 1-571] Translating synthesized netlist
INFO: [Netlist 29-17] Analyzing 35 Unisim elements for replacement
INFO: [Netlist 29-28] Unisim Transformation completed in 0 CPU seconds
INFO: [Project 1-570] Preparing netlist for logic optimization
INFO: [Opt 31-138] Pushed 0 inverter(s) to 0 load pin(s).
INFO: [Project 1-111] Unisim Transformation Summary:
No Unisim elements were transformed.

INFO: [Common 17-83] Releasing license: Synthesis
37 Infos, 12 Warnings, 0 Critical Warnings and 0 Errors encountered.
synth_design completed successfully
synth_design: Time (s): cpu = 00:00:51 ; elapsed = 00:00:56 . Memory (MB): peak = 681.711 ; gain = 422.801
INFO: [Common 17-1381] The checkpoint 'F:/xproject/smartcar/smartcar.runs/smartcar_sr04_ip_0_0_synth_1/smartcar_sr04_ip_0_0.dcp' has been generated.
