
*** Running vivado
    with args -log smartcar_mygpio_ip_0_0.vds -m64 -product Vivado -mode batch -messageDb vivado.pb -notrace -source smartcar_mygpio_ip_0_0.tcl


****** Vivado v2016.3 (64-bit)
  **** SW Build 1682563 on Mon Oct 10 19:07:27 MDT 2016
  **** IP Build 1681267 on Mon Oct 10 21:28:31 MDT 2016
    ** Copyright 1986-2016 Xilinx, Inc. All Rights Reserved.

source smartcar_mygpio_ip_0_0.tcl -notrace
Command: synth_design -top smartcar_mygpio_ip_0_0 -part xc7z020clg484-1 -mode out_of_context
Starting synth_design
Attempting to get a license for feature 'Synthesis' and/or device 'xc7z020'
INFO: [Common 17-349] Got license for feature 'Synthesis' and/or device 'xc7z020'
INFO: Launching helper process for spawning children vivado processes
INFO: Helper process launched with PID 15856 
---------------------------------------------------------------------------------
Starting RTL Elaboration : Time (s): cpu = 00:00:14 ; elapsed = 00:00:17 . Memory (MB): peak = 334.309 ; gain = 124.344
---------------------------------------------------------------------------------
INFO: [Synth 8-638] synthesizing module 'smartcar_mygpio_ip_0_0' [f:/xproject/smartcar/smartcar.srcs/sources_1/bd/smartcar/ip/smartcar_mygpio_ip_0_0/synth/smartcar_mygpio_ip_0_0.v:57]
INFO: [Synth 8-638] synthesizing module 'mygpio_ip_v1_0' [f:/xproject/smartcar/smartcar.srcs/sources_1/bd/smartcar/ipshared/7ec7/hdl/mygpio_ip_v1_0.v:4]
	Parameter C_S00_AXI_DATA_WIDTH bound to: 32 - type: integer 
	Parameter C_S00_AXI_ADDR_WIDTH bound to: 4 - type: integer 
INFO: [Synth 8-638] synthesizing module 'mygpio_ip_v1_0_S00_AXI' [f:/xproject/smartcar/smartcar.srcs/sources_1/bd/smartcar/ipshared/7ec7/hdl/mygpio_ip_v1_0_S00_AXI.v:4]
	Parameter C_S_AXI_DATA_WIDTH bound to: 32 - type: integer 
	Parameter C_S_AXI_ADDR_WIDTH bound to: 4 - type: integer 
	Parameter ADDR_LSB bound to: 2 - type: integer 
	Parameter OPT_MEM_ADDR_BITS bound to: 1 - type: integer 
INFO: [Synth 8-226] default block is never used [f:/xproject/smartcar/smartcar.srcs/sources_1/bd/smartcar/ipshared/7ec7/hdl/mygpio_ip_v1_0_S00_AXI.v:225]
INFO: [Synth 8-226] default block is never used [f:/xproject/smartcar/smartcar.srcs/sources_1/bd/smartcar/ipshared/7ec7/hdl/mygpio_ip_v1_0_S00_AXI.v:366]
INFO: [Synth 8-256] done synthesizing module 'mygpio_ip_v1_0_S00_AXI' (1#1) [f:/xproject/smartcar/smartcar.srcs/sources_1/bd/smartcar/ipshared/7ec7/hdl/mygpio_ip_v1_0_S00_AXI.v:4]
INFO: [Synth 8-256] done synthesizing module 'mygpio_ip_v1_0' (2#1) [f:/xproject/smartcar/smartcar.srcs/sources_1/bd/smartcar/ipshared/7ec7/hdl/mygpio_ip_v1_0.v:4]
INFO: [Synth 8-256] done synthesizing module 'smartcar_mygpio_ip_0_0' (3#1) [f:/xproject/smartcar/smartcar.srcs/sources_1/bd/smartcar/ip/smartcar_mygpio_ip_0_0/synth/smartcar_mygpio_ip_0_0.v:57]
WARNING: [Synth 8-3331] design mygpio_ip_v1_0_S00_AXI has unconnected port S_AXI_AWPROT[2]
WARNING: [Synth 8-3331] design mygpio_ip_v1_0_S00_AXI has unconnected port S_AXI_AWPROT[1]
WARNING: [Synth 8-3331] design mygpio_ip_v1_0_S00_AXI has unconnected port S_AXI_AWPROT[0]
WARNING: [Synth 8-3331] design mygpio_ip_v1_0_S00_AXI has unconnected port S_AXI_ARPROT[2]
WARNING: [Synth 8-3331] design mygpio_ip_v1_0_S00_AXI has unconnected port S_AXI_ARPROT[1]
WARNING: [Synth 8-3331] design mygpio_ip_v1_0_S00_AXI has unconnected port S_AXI_ARPROT[0]
---------------------------------------------------------------------------------
Finished RTL Elaboration : Time (s): cpu = 00:00:16 ; elapsed = 00:00:19 . Memory (MB): peak = 371.641 ; gain = 161.676
---------------------------------------------------------------------------------

Report Check Netlist: 
+------+------------------+-------+---------+-------+------------------+
|      |Item              |Errors |Warnings |Status |Description       |
+------+------------------+-------+---------+-------+------------------+
|1     |multi_driven_nets |      0|        0|Passed |Multi driven nets |
+------+------------------+-------+---------+-------+------------------+
---------------------------------------------------------------------------------
Finished RTL Optimization Phase 1 : Time (s): cpu = 00:00:16 ; elapsed = 00:00:19 . Memory (MB): peak = 371.641 ; gain = 161.676
---------------------------------------------------------------------------------
INFO: [Device 21-403] Loading part xc7z020clg484-1
INFO: [Project 1-570] Preparing netlist for logic optimization

Processing XDC Constraints
Initializing timing engine
Completed Processing XDC Constraints

INFO: [Project 1-111] Unisim Transformation Summary:
No Unisim elements were transformed.

Constraint Validation Runtime : Time (s): cpu = 00:00:00 ; elapsed = 00:00:00.029 . Memory (MB): peak = 681.535 ; gain = 0.051
---------------------------------------------------------------------------------
Finished Constraint Validation : Time (s): cpu = 00:00:32 ; elapsed = 00:00:37 . Memory (MB): peak = 681.535 ; gain = 471.570
---------------------------------------------------------------------------------
---------------------------------------------------------------------------------
Start Loading Part and Timing Information
---------------------------------------------------------------------------------
Loading part: xc7z020clg484-1
---------------------------------------------------------------------------------
Finished Loading Part and Timing Information : Time (s): cpu = 00:00:32 ; elapsed = 00:00:37 . Memory (MB): peak = 681.535 ; gain = 471.570
---------------------------------------------------------------------------------
---------------------------------------------------------------------------------
Start Applying 'set_property' XDC Constraints
---------------------------------------------------------------------------------
---------------------------------------------------------------------------------
Finished applying 'set_property' XDC Constraints : Time (s): cpu = 00:00:32 ; elapsed = 00:00:37 . Memory (MB): peak = 681.535 ; gain = 471.570
---------------------------------------------------------------------------------
---------------------------------------------------------------------------------
Finished RTL Optimization Phase 2 : Time (s): cpu = 00:00:33 ; elapsed = 00:00:38 . Memory (MB): peak = 681.535 ; gain = 471.570
---------------------------------------------------------------------------------

Report RTL Partitions: 
+-+--------------+------------+----------+
| |RTL Partition |Replication |Instances |
+-+--------------+------------+----------+
+-+--------------+------------+----------+
---------------------------------------------------------------------------------
Start RTL Component Statistics 
---------------------------------------------------------------------------------
Detailed RTL Component Info : 
+---Registers : 
	               32 Bit    Registers := 3     
	                4 Bit    Registers := 2     
	                2 Bit    Registers := 2     
	                1 Bit    Registers := 5     
+---Muxes : 
	   2 Input     32 Bit        Muxes := 2     
	   4 Input     32 Bit        Muxes := 3     
	   2 Input      1 Bit        Muxes := 4     
---------------------------------------------------------------------------------
Finished RTL Component Statistics 
---------------------------------------------------------------------------------
---------------------------------------------------------------------------------
Start RTL Hierarchical Component Statistics 
---------------------------------------------------------------------------------
Hierarchical RTL Component report 
Module mygpio_ip_v1_0_S00_AXI 
Detailed RTL Component Info : 
+---Registers : 
	               32 Bit    Registers := 3     
	                4 Bit    Registers := 2     
	                2 Bit    Registers := 2     
	                1 Bit    Registers := 5     
+---Muxes : 
	   2 Input     32 Bit        Muxes := 2     
	   4 Input     32 Bit        Muxes := 3     
	   2 Input      1 Bit        Muxes := 4     
---------------------------------------------------------------------------------
Finished RTL Hierarchical Component Statistics
---------------------------------------------------------------------------------
---------------------------------------------------------------------------------
Start Part Resource Summary
---------------------------------------------------------------------------------
Part Resources:
DSPs: 220 (col length:60)
BRAMs: 280 (col length: RAMB18 60 RAMB36 30)
---------------------------------------------------------------------------------
Finished Part Resource Summary
---------------------------------------------------------------------------------
---------------------------------------------------------------------------------
Start Cross Boundary and Area Optimization
---------------------------------------------------------------------------------
WARNING: [Synth 8-3331] design smartcar_mygpio_ip_0_0 has unconnected port s00_axi_awprot[2]
WARNING: [Synth 8-3331] design smartcar_mygpio_ip_0_0 has unconnected port s00_axi_awprot[1]
WARNING: [Synth 8-3331] design smartcar_mygpio_ip_0_0 has unconnected port s00_axi_awprot[0]
WARNING: [Synth 8-3331] design smartcar_mygpio_ip_0_0 has unconnected port s00_axi_arprot[2]
WARNING: [Synth 8-3331] design smartcar_mygpio_ip_0_0 has unconnected port s00_axi_arprot[1]
WARNING: [Synth 8-3331] design smartcar_mygpio_ip_0_0 has unconnected port s00_axi_arprot[0]
INFO: [Synth 8-3886] merging instance 'inst/mygpio_ip_v1_0_S00_AXI_inst/axi_rresp_reg[0]' (FDRE) to 'inst/mygpio_ip_v1_0_S00_AXI_inst/axi_rresp_reg[1]'
INFO: [Synth 8-3333] propagating constant 0 across sequential element (\inst/mygpio_ip_v1_0_S00_AXI_inst/axi_rresp_reg[1] )
INFO: [Synth 8-3886] merging instance 'inst/mygpio_ip_v1_0_S00_AXI_inst/axi_bresp_reg[0]' (FDRE) to 'inst/mygpio_ip_v1_0_S00_AXI_inst/axi_bresp_reg[1]'
INFO: [Synth 8-3333] propagating constant 0 across sequential element (\inst/mygpio_ip_v1_0_S00_AXI_inst/axi_bresp_reg[1] )
INFO: [Synth 8-3332] Sequential element (inst/mygpio_ip_v1_0_S00_AXI_inst/axi_awaddr_reg[1]) is unused and will be removed from module smartcar_mygpio_ip_0_0.
INFO: [Synth 8-3332] Sequential element (inst/mygpio_ip_v1_0_S00_AXI_inst/axi_awaddr_reg[0]) is unused and will be removed from module smartcar_mygpio_ip_0_0.
INFO: [Synth 8-3332] Sequential element (inst/mygpio_ip_v1_0_S00_AXI_inst/axi_bresp_reg[1]) is unused and will be removed from module smartcar_mygpio_ip_0_0.
INFO: [Synth 8-3332] Sequential element (inst/mygpio_ip_v1_0_S00_AXI_inst/axi_araddr_reg[1]) is unused and will be removed from module smartcar_mygpio_ip_0_0.
INFO: [Synth 8-3332] Sequential element (inst/mygpio_ip_v1_0_S00_AXI_inst/axi_araddr_reg[0]) is unused and will be removed from module smartcar_mygpio_ip_0_0.
INFO: [Synth 8-3332] Sequential element (inst/mygpio_ip_v1_0_S00_AXI_inst/axi_rresp_reg[1]) is unused and will be removed from module smartcar_mygpio_ip_0_0.
---------------------------------------------------------------------------------
Finished Cross Boundary and Area Optimization : Time (s): cpu = 00:00:33 ; elapsed = 00:00:39 . Memory (MB): peak = 681.535 ; gain = 471.570
---------------------------------------------------------------------------------

Report RTL Partitions: 
+-+--------------+------------+----------+
| |RTL Partition |Replication |Instances |
+-+--------------+------------+----------+
+-+--------------+------------+----------+
---------------------------------------------------------------------------------
Start Timing Optimization
---------------------------------------------------------------------------------
---------------------------------------------------------------------------------
Start Applying XDC Timing Constraints
---------------------------------------------------------------------------------
---------------------------------------------------------------------------------
Finished Applying XDC Timing Constraints : Time (s): cpu = 00:00:53 ; elapsed = 00:01:00 . Memory (MB): peak = 681.535 ; gain = 471.570
---------------------------------------------------------------------------------
---------------------------------------------------------------------------------
Finished Timing Optimization : Time (s): cpu = 00:00:53 ; elapsed = 00:01:00 . Memory (MB): peak = 681.535 ; gain = 471.570
---------------------------------------------------------------------------------

Report RTL Partitions: 
+-+--------------+------------+----------+
| |RTL Partition |Replication |Instances |
+-+--------------+------------+----------+
+-+--------------+------------+----------+
---------------------------------------------------------------------------------
Start Technology Mapping
---------------------------------------------------------------------------------
---------------------------------------------------------------------------------
Finished Technology Mapping : Time (s): cpu = 00:00:53 ; elapsed = 00:01:00 . Memory (MB): peak = 681.535 ; gain = 471.570
---------------------------------------------------------------------------------

Report RTL Partitions: 
+-+--------------+------------+----------+
| |RTL Partition |Replication |Instances |
+-+--------------+------------+----------+
+-+--------------+------------+----------+
---------------------------------------------------------------------------------
Start IO Insertion
---------------------------------------------------------------------------------
---------------------------------------------------------------------------------
Start Flattening Before IO Insertion
---------------------------------------------------------------------------------
---------------------------------------------------------------------------------
Finished Flattening Before IO Insertion
---------------------------------------------------------------------------------
---------------------------------------------------------------------------------
Start Final Netlist Cleanup
---------------------------------------------------------------------------------
---------------------------------------------------------------------------------
Finished Final Netlist Cleanup
---------------------------------------------------------------------------------
---------------------------------------------------------------------------------
Finished IO Insertion : Time (s): cpu = 00:00:54 ; elapsed = 00:01:01 . Memory (MB): peak = 681.535 ; gain = 471.570
---------------------------------------------------------------------------------

Report Check Netlist: 
+------+------------------+-------+---------+-------+------------------+
|      |Item              |Errors |Warnings |Status |Description       |
+------+------------------+-------+---------+-------+------------------+
|1     |multi_driven_nets |      0|        0|Passed |Multi driven nets |
+------+------------------+-------+---------+-------+------------------+
---------------------------------------------------------------------------------
Start Renaming Generated Instances
---------------------------------------------------------------------------------
---------------------------------------------------------------------------------
Finished Renaming Generated Instances : Time (s): cpu = 00:00:54 ; elapsed = 00:01:01 . Memory (MB): peak = 681.535 ; gain = 471.570
---------------------------------------------------------------------------------

Report RTL Partitions: 
+-+--------------+------------+----------+
| |RTL Partition |Replication |Instances |
+-+--------------+------------+----------+
+-+--------------+------------+----------+
---------------------------------------------------------------------------------
Start Rebuilding User Hierarchy
---------------------------------------------------------------------------------
---------------------------------------------------------------------------------
Finished Rebuilding User Hierarchy : Time (s): cpu = 00:00:54 ; elapsed = 00:01:01 . Memory (MB): peak = 681.535 ; gain = 471.570
---------------------------------------------------------------------------------
---------------------------------------------------------------------------------
Start Renaming Generated Ports
---------------------------------------------------------------------------------
---------------------------------------------------------------------------------
Finished Renaming Generated Ports : Time (s): cpu = 00:00:54 ; elapsed = 00:01:01 . Memory (MB): peak = 681.535 ; gain = 471.570
---------------------------------------------------------------------------------
---------------------------------------------------------------------------------
Start Handling Custom Attributes
---------------------------------------------------------------------------------
---------------------------------------------------------------------------------
Finished Handling Custom Attributes : Time (s): cpu = 00:00:54 ; elapsed = 00:01:01 . Memory (MB): peak = 681.535 ; gain = 471.570
---------------------------------------------------------------------------------
---------------------------------------------------------------------------------
Start Renaming Generated Nets
---------------------------------------------------------------------------------
---------------------------------------------------------------------------------
Finished Renaming Generated Nets : Time (s): cpu = 00:00:54 ; elapsed = 00:01:01 . Memory (MB): peak = 681.535 ; gain = 471.570
---------------------------------------------------------------------------------
---------------------------------------------------------------------------------
Start Writing Synthesis Report
---------------------------------------------------------------------------------

Report BlackBoxes: 
+-+--------------+----------+
| |BlackBox name |Instances |
+-+--------------+----------+
+-+--------------+----------+

Report Cell Usage: 
+------+-----+------+
|      |Cell |Count |
+------+-----+------+
|1     |LUT1 |     1|
|2     |LUT2 |     1|
|3     |LUT3 |     3|
|4     |LUT4 |    36|
|5     |LUT5 |     5|
|6     |LUT6 |     6|
|7     |FDRE |   105|
+------+-----+------+

Report Instance Areas: 
+------+--------------------------------+-----------------------+------+
|      |Instance                        |Module                 |Cells |
+------+--------------------------------+-----------------------+------+
|1     |top                             |                       |   157|
|2     |  inst                          |mygpio_ip_v1_0         |   157|
|3     |    mygpio_ip_v1_0_S00_AXI_inst |mygpio_ip_v1_0_S00_AXI |   157|
+------+--------------------------------+-----------------------+------+
---------------------------------------------------------------------------------
Finished Writing Synthesis Report : Time (s): cpu = 00:00:54 ; elapsed = 00:01:01 . Memory (MB): peak = 681.535 ; gain = 471.570
---------------------------------------------------------------------------------
Synthesis finished with 0 errors, 0 critical warnings and 6 warnings.
Synthesis Optimization Runtime : Time (s): cpu = 00:00:28 ; elapsed = 00:00:39 . Memory (MB): peak = 681.535 ; gain = 112.137
Synthesis Optimization Complete : Time (s): cpu = 00:00:54 ; elapsed = 00:01:02 . Memory (MB): peak = 681.535 ; gain = 471.570
INFO: [Project 1-571] Translating synthesized netlist
INFO: [Project 1-570] Preparing netlist for logic optimization
INFO: [Opt 31-138] Pushed 0 inverter(s) to 0 load pin(s).
INFO: [Project 1-111] Unisim Transformation Summary:
No Unisim elements were transformed.

INFO: [Common 17-83] Releasing license: Synthesis
27 Infos, 12 Warnings, 0 Critical Warnings and 0 Errors encountered.
synth_design completed successfully
synth_design: Time (s): cpu = 00:00:48 ; elapsed = 00:00:53 . Memory (MB): peak = 681.535 ; gain = 422.031
INFO: [Common 17-1381] The checkpoint 'F:/xproject/smartcar/smartcar.runs/smartcar_mygpio_ip_0_0_synth_1/smartcar_mygpio_ip_0_0.dcp' has been generated.
