
*** Running vivado
    with args -log smartcar_speedsensor_ip_0_0.vds -m64 -product Vivado -mode batch -messageDb vivado.pb -notrace -source smartcar_speedsensor_ip_0_0.tcl


****** Vivado v2016.3 (64-bit)
  **** SW Build 1682563 on Mon Oct 10 19:07:27 MDT 2016
  **** IP Build 1681267 on Mon Oct 10 21:28:31 MDT 2016
    ** Copyright 1986-2016 Xilinx, Inc. All Rights Reserved.

source smartcar_speedsensor_ip_0_0.tcl -notrace
Command: synth_design -top smartcar_speedsensor_ip_0_0 -part xc7z020clg484-1 -mode out_of_context
Starting synth_design
Attempting to get a license for feature 'Synthesis' and/or device 'xc7z020'
INFO: [Common 17-349] Got license for feature 'Synthesis' and/or device 'xc7z020'
INFO: Launching helper process for spawning children vivado processes
INFO: Helper process launched with PID 19552 
---------------------------------------------------------------------------------
Starting RTL Elaboration : Time (s): cpu = 00:00:10 ; elapsed = 00:00:12 . Memory (MB): peak = 336.250 ; gain = 126.270
---------------------------------------------------------------------------------
INFO: [Synth 8-638] synthesizing module 'smartcar_speedsensor_ip_0_0' [f:/xproject/smartcar/smartcar.srcs/sources_1/bd/smartcar/ip/smartcar_speedsensor_ip_0_0/synth/smartcar_speedsensor_ip_0_0.v:57]
INFO: [Synth 8-638] synthesizing module 'speedsensor_v1_0' [f:/xproject/smartcar/smartcar.srcs/sources_1/bd/smartcar/ipshared/9213/hdl/speedsensor_v1_0.v:4]
	Parameter C_S00_AXI_DATA_WIDTH bound to: 32 - type: integer 
	Parameter C_S00_AXI_ADDR_WIDTH bound to: 4 - type: integer 
INFO: [Synth 8-638] synthesizing module 'speedsensor_v1_0_S00_AXI' [f:/xproject/smartcar/smartcar.srcs/sources_1/bd/smartcar/ipshared/9213/hdl/speedsensor_v1_0_S00_AXI.v:4]
	Parameter C_S_AXI_DATA_WIDTH bound to: 32 - type: integer 
	Parameter C_S_AXI_ADDR_WIDTH bound to: 4 - type: integer 
	Parameter ADDR_LSB bound to: 2 - type: integer 
	Parameter OPT_MEM_ADDR_BITS bound to: 1 - type: integer 
INFO: [Synth 8-226] default block is never used [f:/xproject/smartcar/smartcar.srcs/sources_1/bd/smartcar/ipshared/9213/hdl/speedsensor_v1_0_S00_AXI.v:229]
INFO: [Synth 8-226] default block is never used [f:/xproject/smartcar/smartcar.srcs/sources_1/bd/smartcar/ipshared/9213/hdl/speedsensor_v1_0_S00_AXI.v:370]
WARNING: [Synth 8-5788] Register counter1_reg in module speedsensor_v1_0_S00_AXI is has both Set and reset with same priority. This may cause simulation mismatches. Consider rewriting code  [f:/xproject/smartcar/smartcar.srcs/sources_1/bd/smartcar/ipshared/9213/hdl/speedsensor_v1_0_S00_AXI.v:409]
WARNING: [Synth 8-5788] Register counter2_reg in module speedsensor_v1_0_S00_AXI is has both Set and reset with same priority. This may cause simulation mismatches. Consider rewriting code  [f:/xproject/smartcar/smartcar.srcs/sources_1/bd/smartcar/ipshared/9213/hdl/speedsensor_v1_0_S00_AXI.v:421]
INFO: [Synth 8-256] done synthesizing module 'speedsensor_v1_0_S00_AXI' (1#1) [f:/xproject/smartcar/smartcar.srcs/sources_1/bd/smartcar/ipshared/9213/hdl/speedsensor_v1_0_S00_AXI.v:4]
INFO: [Synth 8-256] done synthesizing module 'speedsensor_v1_0' (2#1) [f:/xproject/smartcar/smartcar.srcs/sources_1/bd/smartcar/ipshared/9213/hdl/speedsensor_v1_0.v:4]
INFO: [Synth 8-256] done synthesizing module 'smartcar_speedsensor_ip_0_0' (3#1) [f:/xproject/smartcar/smartcar.srcs/sources_1/bd/smartcar/ip/smartcar_speedsensor_ip_0_0/synth/smartcar_speedsensor_ip_0_0.v:57]
WARNING: [Synth 8-3331] design speedsensor_v1_0_S00_AXI has unconnected port S_AXI_AWPROT[2]
WARNING: [Synth 8-3331] design speedsensor_v1_0_S00_AXI has unconnected port S_AXI_AWPROT[1]
WARNING: [Synth 8-3331] design speedsensor_v1_0_S00_AXI has unconnected port S_AXI_AWPROT[0]
WARNING: [Synth 8-3331] design speedsensor_v1_0_S00_AXI has unconnected port S_AXI_ARPROT[2]
WARNING: [Synth 8-3331] design speedsensor_v1_0_S00_AXI has unconnected port S_AXI_ARPROT[1]
WARNING: [Synth 8-3331] design speedsensor_v1_0_S00_AXI has unconnected port S_AXI_ARPROT[0]
---------------------------------------------------------------------------------
Finished RTL Elaboration : Time (s): cpu = 00:00:11 ; elapsed = 00:00:13 . Memory (MB): peak = 373.609 ; gain = 163.629
---------------------------------------------------------------------------------

Report Check Netlist: 
+------+------------------+-------+---------+-------+------------------+
|      |Item              |Errors |Warnings |Status |Description       |
+------+------------------+-------+---------+-------+------------------+
|1     |multi_driven_nets |      0|        0|Passed |Multi driven nets |
+------+------------------+-------+---------+-------+------------------+
---------------------------------------------------------------------------------
Finished RTL Optimization Phase 1 : Time (s): cpu = 00:00:12 ; elapsed = 00:00:13 . Memory (MB): peak = 373.609 ; gain = 163.629
---------------------------------------------------------------------------------
INFO: [Device 21-403] Loading part xc7z020clg484-1
INFO: [Project 1-570] Preparing netlist for logic optimization

Processing XDC Constraints
Initializing timing engine
Completed Processing XDC Constraints

INFO: [Project 1-111] Unisim Transformation Summary:
No Unisim elements were transformed.

Constraint Validation Runtime : Time (s): cpu = 00:00:01 ; elapsed = 00:00:00.096 . Memory (MB): peak = 683.469 ; gain = 0.035
---------------------------------------------------------------------------------
Finished Constraint Validation : Time (s): cpu = 00:00:24 ; elapsed = 00:00:27 . Memory (MB): peak = 683.469 ; gain = 473.488
---------------------------------------------------------------------------------
---------------------------------------------------------------------------------
Start Loading Part and Timing Information
---------------------------------------------------------------------------------
Loading part: xc7z020clg484-1
---------------------------------------------------------------------------------
Finished Loading Part and Timing Information : Time (s): cpu = 00:00:24 ; elapsed = 00:00:27 . Memory (MB): peak = 683.469 ; gain = 473.488
---------------------------------------------------------------------------------
---------------------------------------------------------------------------------
Start Applying 'set_property' XDC Constraints
---------------------------------------------------------------------------------
---------------------------------------------------------------------------------
Finished applying 'set_property' XDC Constraints : Time (s): cpu = 00:00:24 ; elapsed = 00:00:27 . Memory (MB): peak = 683.469 ; gain = 473.488
---------------------------------------------------------------------------------
INFO: [Synth 8-5818] HDL ADVISOR - The operator resource <adder> is shared. To prevent sharing consider applying a KEEP on the output of the operator [f:/xproject/smartcar/smartcar.srcs/sources_1/bd/smartcar/ipshared/9213/hdl/speedsensor_v1_0_S00_AXI.v:420]
INFO: [Synth 8-5818] HDL ADVISOR - The operator resource <adder> is shared. To prevent sharing consider applying a KEEP on the output of the operator [f:/xproject/smartcar/smartcar.srcs/sources_1/bd/smartcar/ipshared/9213/hdl/speedsensor_v1_0_S00_AXI.v:408]
INFO: [Synth 8-5545] ROM "cstart" won't be mapped to RAM because address size (31) is larger than maximum supported(25)
---------------------------------------------------------------------------------
Finished RTL Optimization Phase 2 : Time (s): cpu = 00:00:24 ; elapsed = 00:00:27 . Memory (MB): peak = 683.469 ; gain = 473.488
---------------------------------------------------------------------------------

Report RTL Partitions: 
+-+--------------+------------+----------+
| |RTL Partition |Replication |Instances |
+-+--------------+------------+----------+
+-+--------------+------------+----------+
---------------------------------------------------------------------------------
Start RTL Component Statistics 
---------------------------------------------------------------------------------
Detailed RTL Component Info : 
+---Adders : 
	   2 Input     32 Bit       Adders := 2     
+---Registers : 
	               32 Bit    Registers := 4     
	                4 Bit    Registers := 2     
	                2 Bit    Registers := 2     
	                1 Bit    Registers := 8     
+---Muxes : 
	   2 Input     32 Bit        Muxes := 7     
	   4 Input     32 Bit        Muxes := 2     
	   2 Input      2 Bit        Muxes := 2     
	   2 Input      1 Bit        Muxes := 5     
---------------------------------------------------------------------------------
Finished RTL Component Statistics 
---------------------------------------------------------------------------------
---------------------------------------------------------------------------------
Start RTL Hierarchical Component Statistics 
---------------------------------------------------------------------------------
Hierarchical RTL Component report 
Module speedsensor_v1_0_S00_AXI 
Detailed RTL Component Info : 
+---Adders : 
	   2 Input     32 Bit       Adders := 2     
+---Registers : 
	               32 Bit    Registers := 4     
	                4 Bit    Registers := 2     
	                2 Bit    Registers := 2     
	                1 Bit    Registers := 8     
+---Muxes : 
	   2 Input     32 Bit        Muxes := 7     
	   4 Input     32 Bit        Muxes := 2     
	   2 Input      2 Bit        Muxes := 2     
	   2 Input      1 Bit        Muxes := 5     
---------------------------------------------------------------------------------
Finished RTL Hierarchical Component Statistics
---------------------------------------------------------------------------------
---------------------------------------------------------------------------------
Start Part Resource Summary
---------------------------------------------------------------------------------
Part Resources:
DSPs: 220 (col length:60)
BRAMs: 280 (col length: RAMB18 60 RAMB36 30)
---------------------------------------------------------------------------------
Finished Part Resource Summary
---------------------------------------------------------------------------------
---------------------------------------------------------------------------------
Start Cross Boundary and Area Optimization
---------------------------------------------------------------------------------
INFO: [Synth 8-5545] ROM "inst/speedsensor_v1_0_S00_AXI_inst/cstart" won't be mapped to RAM because address size (31) is larger than maximum supported(25)
WARNING: [Synth 8-3331] design smartcar_speedsensor_ip_0_0 has unconnected port s00_axi_awprot[2]
WARNING: [Synth 8-3331] design smartcar_speedsensor_ip_0_0 has unconnected port s00_axi_awprot[1]
WARNING: [Synth 8-3331] design smartcar_speedsensor_ip_0_0 has unconnected port s00_axi_awprot[0]
WARNING: [Synth 8-3331] design smartcar_speedsensor_ip_0_0 has unconnected port s00_axi_arprot[2]
WARNING: [Synth 8-3331] design smartcar_speedsensor_ip_0_0 has unconnected port s00_axi_arprot[1]
WARNING: [Synth 8-3331] design smartcar_speedsensor_ip_0_0 has unconnected port s00_axi_arprot[0]
INFO: [Synth 8-3886] merging instance 'inst/speedsensor_v1_0_S00_AXI_inst/axi_rresp_reg[0]' (FDRE) to 'inst/speedsensor_v1_0_S00_AXI_inst/axi_rresp_reg[1]'
INFO: [Synth 8-3333] propagating constant 0 across sequential element (\inst/speedsensor_v1_0_S00_AXI_inst/axi_rresp_reg[1] )
INFO: [Synth 8-3886] merging instance 'inst/speedsensor_v1_0_S00_AXI_inst/axi_bresp_reg[0]' (FDRE) to 'inst/speedsensor_v1_0_S00_AXI_inst/axi_bresp_reg[1]'
INFO: [Synth 8-3333] propagating constant 0 across sequential element (\inst/speedsensor_v1_0_S00_AXI_inst/axi_bresp_reg[1] )
INFO: [Synth 8-3332] Sequential element (inst/speedsensor_v1_0_S00_AXI_inst/axi_bresp_reg[1]) is unused and will be removed from module smartcar_speedsensor_ip_0_0.
INFO: [Synth 8-3332] Sequential element (inst/speedsensor_v1_0_S00_AXI_inst/axi_awaddr_reg[1]) is unused and will be removed from module smartcar_speedsensor_ip_0_0.
INFO: [Synth 8-3332] Sequential element (inst/speedsensor_v1_0_S00_AXI_inst/axi_awaddr_reg[0]) is unused and will be removed from module smartcar_speedsensor_ip_0_0.
INFO: [Synth 8-3332] Sequential element (inst/speedsensor_v1_0_S00_AXI_inst/axi_araddr_reg[1]) is unused and will be removed from module smartcar_speedsensor_ip_0_0.
INFO: [Synth 8-3332] Sequential element (inst/speedsensor_v1_0_S00_AXI_inst/axi_araddr_reg[0]) is unused and will be removed from module smartcar_speedsensor_ip_0_0.
INFO: [Synth 8-3332] Sequential element (inst/speedsensor_v1_0_S00_AXI_inst/axi_rresp_reg[1]) is unused and will be removed from module smartcar_speedsensor_ip_0_0.
INFO: [Synth 8-3333] propagating constant 0 across sequential element (\inst/speedsensor_v1_0_S00_AXI_inst/counter1_reg[0]_C )
INFO: [Synth 8-3333] propagating constant 0 across sequential element (\inst/speedsensor_v1_0_S00_AXI_inst/counter2_reg[0]_C )
INFO: [Synth 8-3333] propagating constant 0 across sequential element (\inst/speedsensor_v1_0_S00_AXI_inst/counter1_reg[1]_C )
INFO: [Synth 8-3333] propagating constant 0 across sequential element (\inst/speedsensor_v1_0_S00_AXI_inst/counter2_reg[1]_C )
INFO: [Synth 8-3333] propagating constant 0 across sequential element (\inst/speedsensor_v1_0_S00_AXI_inst/counter1_reg[2]_C )
INFO: [Synth 8-3333] propagating constant 0 across sequential element (\inst/speedsensor_v1_0_S00_AXI_inst/counter2_reg[2]_C )
INFO: [Synth 8-3333] propagating constant 0 across sequential element (\inst/speedsensor_v1_0_S00_AXI_inst/counter1_reg[3]_C )
INFO: [Synth 8-3333] propagating constant 0 across sequential element (\inst/speedsensor_v1_0_S00_AXI_inst/counter2_reg[3]_C )
INFO: [Synth 8-3333] propagating constant 0 across sequential element (\inst/speedsensor_v1_0_S00_AXI_inst/counter1_reg[4]_C )
INFO: [Synth 8-3333] propagating constant 0 across sequential element (\inst/speedsensor_v1_0_S00_AXI_inst/counter2_reg[4]_C )
INFO: [Synth 8-3333] propagating constant 0 across sequential element (\inst/speedsensor_v1_0_S00_AXI_inst/counter1_reg[5]_C )
INFO: [Synth 8-3333] propagating constant 0 across sequential element (\inst/speedsensor_v1_0_S00_AXI_inst/counter2_reg[5]_C )
INFO: [Synth 8-3333] propagating constant 0 across sequential element (\inst/speedsensor_v1_0_S00_AXI_inst/counter1_reg[6]_C )
INFO: [Synth 8-3333] propagating constant 0 across sequential element (\inst/speedsensor_v1_0_S00_AXI_inst/counter2_reg[6]_C )
INFO: [Synth 8-3333] propagating constant 0 across sequential element (\inst/speedsensor_v1_0_S00_AXI_inst/counter1_reg[7]_C )
INFO: [Synth 8-3333] propagating constant 0 across sequential element (\inst/speedsensor_v1_0_S00_AXI_inst/counter2_reg[7]_C )
INFO: [Synth 8-3333] propagating constant 0 across sequential element (\inst/speedsensor_v1_0_S00_AXI_inst/counter1_reg[8]_C )
INFO: [Synth 8-3333] propagating constant 0 across sequential element (\inst/speedsensor_v1_0_S00_AXI_inst/counter2_reg[8]_C )
INFO: [Synth 8-3333] propagating constant 0 across sequential element (\inst/speedsensor_v1_0_S00_AXI_inst/counter1_reg[9]_C )
INFO: [Synth 8-3333] propagating constant 0 across sequential element (\inst/speedsensor_v1_0_S00_AXI_inst/counter2_reg[9]_C )
INFO: [Synth 8-3333] propagating constant 0 across sequential element (\inst/speedsensor_v1_0_S00_AXI_inst/counter1_reg[10]_C )
INFO: [Synth 8-3333] propagating constant 0 across sequential element (\inst/speedsensor_v1_0_S00_AXI_inst/counter2_reg[10]_C )
INFO: [Synth 8-3333] propagating constant 0 across sequential element (\inst/speedsensor_v1_0_S00_AXI_inst/counter1_reg[11]_C )
INFO: [Synth 8-3333] propagating constant 0 across sequential element (\inst/speedsensor_v1_0_S00_AXI_inst/counter2_reg[11]_C )
INFO: [Synth 8-3333] propagating constant 0 across sequential element (\inst/speedsensor_v1_0_S00_AXI_inst/counter1_reg[12]_C )
INFO: [Synth 8-3333] propagating constant 0 across sequential element (\inst/speedsensor_v1_0_S00_AXI_inst/counter2_reg[12]_C )
INFO: [Synth 8-3333] propagating constant 0 across sequential element (\inst/speedsensor_v1_0_S00_AXI_inst/counter1_reg[13]_C )
INFO: [Synth 8-3333] propagating constant 0 across sequential element (\inst/speedsensor_v1_0_S00_AXI_inst/counter2_reg[13]_C )
INFO: [Synth 8-3333] propagating constant 0 across sequential element (\inst/speedsensor_v1_0_S00_AXI_inst/counter1_reg[14]_C )
INFO: [Synth 8-3333] propagating constant 0 across sequential element (\inst/speedsensor_v1_0_S00_AXI_inst/counter2_reg[14]_C )
INFO: [Synth 8-3333] propagating constant 0 across sequential element (\inst/speedsensor_v1_0_S00_AXI_inst/counter1_reg[15]_C )
INFO: [Synth 8-3333] propagating constant 0 across sequential element (\inst/speedsensor_v1_0_S00_AXI_inst/counter2_reg[15]_C )
INFO: [Synth 8-3333] propagating constant 0 across sequential element (\inst/speedsensor_v1_0_S00_AXI_inst/counter1_reg[16]_C )
INFO: [Synth 8-3333] propagating constant 0 across sequential element (\inst/speedsensor_v1_0_S00_AXI_inst/counter2_reg[16]_C )
INFO: [Synth 8-3333] propagating constant 0 across sequential element (\inst/speedsensor_v1_0_S00_AXI_inst/counter1_reg[17]_C )
INFO: [Synth 8-3333] propagating constant 0 across sequential element (\inst/speedsensor_v1_0_S00_AXI_inst/counter2_reg[17]_C )
INFO: [Synth 8-3333] propagating constant 0 across sequential element (\inst/speedsensor_v1_0_S00_AXI_inst/counter1_reg[18]_C )
INFO: [Synth 8-3333] propagating constant 0 across sequential element (\inst/speedsensor_v1_0_S00_AXI_inst/counter2_reg[18]_C )
INFO: [Synth 8-3333] propagating constant 0 across sequential element (\inst/speedsensor_v1_0_S00_AXI_inst/counter1_reg[19]_C )
INFO: [Synth 8-3333] propagating constant 0 across sequential element (\inst/speedsensor_v1_0_S00_AXI_inst/counter2_reg[19]_C )
INFO: [Synth 8-3333] propagating constant 0 across sequential element (\inst/speedsensor_v1_0_S00_AXI_inst/counter1_reg[20]_C )
INFO: [Synth 8-3333] propagating constant 0 across sequential element (\inst/speedsensor_v1_0_S00_AXI_inst/counter2_reg[20]_C )
INFO: [Synth 8-3333] propagating constant 0 across sequential element (\inst/speedsensor_v1_0_S00_AXI_inst/counter1_reg[21]_C )
INFO: [Synth 8-3333] propagating constant 0 across sequential element (\inst/speedsensor_v1_0_S00_AXI_inst/counter2_reg[21]_C )
INFO: [Synth 8-3333] propagating constant 0 across sequential element (\inst/speedsensor_v1_0_S00_AXI_inst/counter1_reg[22]_C )
INFO: [Synth 8-3333] propagating constant 0 across sequential element (\inst/speedsensor_v1_0_S00_AXI_inst/counter2_reg[22]_C )
INFO: [Synth 8-3333] propagating constant 0 across sequential element (\inst/speedsensor_v1_0_S00_AXI_inst/counter1_reg[23]_C )
INFO: [Synth 8-3333] propagating constant 0 across sequential element (\inst/speedsensor_v1_0_S00_AXI_inst/counter2_reg[23]_C )
INFO: [Synth 8-3333] propagating constant 0 across sequential element (\inst/speedsensor_v1_0_S00_AXI_inst/counter1_reg[24]_C )
INFO: [Synth 8-3333] propagating constant 0 across sequential element (\inst/speedsensor_v1_0_S00_AXI_inst/counter2_reg[24]_C )
INFO: [Synth 8-3333] propagating constant 0 across sequential element (\inst/speedsensor_v1_0_S00_AXI_inst/counter1_reg[25]_C )
INFO: [Synth 8-3333] propagating constant 0 across sequential element (\inst/speedsensor_v1_0_S00_AXI_inst/counter2_reg[25]_C )
INFO: [Synth 8-3333] propagating constant 0 across sequential element (\inst/speedsensor_v1_0_S00_AXI_inst/counter1_reg[26]_C )
INFO: [Synth 8-3333] propagating constant 0 across sequential element (\inst/speedsensor_v1_0_S00_AXI_inst/counter2_reg[26]_C )
INFO: [Synth 8-3333] propagating constant 0 across sequential element (\inst/speedsensor_v1_0_S00_AXI_inst/counter1_reg[27]_C )
INFO: [Synth 8-3333] propagating constant 0 across sequential element (\inst/speedsensor_v1_0_S00_AXI_inst/counter2_reg[27]_C )
INFO: [Synth 8-3333] propagating constant 0 across sequential element (\inst/speedsensor_v1_0_S00_AXI_inst/counter1_reg[28]_C )
INFO: [Synth 8-3333] propagating constant 0 across sequential element (\inst/speedsensor_v1_0_S00_AXI_inst/counter2_reg[28]_C )
INFO: [Synth 8-3333] propagating constant 0 across sequential element (\inst/speedsensor_v1_0_S00_AXI_inst/counter1_reg[29]_C )
INFO: [Synth 8-3333] propagating constant 0 across sequential element (\inst/speedsensor_v1_0_S00_AXI_inst/counter2_reg[29]_C )
INFO: [Synth 8-3333] propagating constant 0 across sequential element (\inst/speedsensor_v1_0_S00_AXI_inst/counter1_reg[30]_C )
INFO: [Synth 8-3333] propagating constant 0 across sequential element (\inst/speedsensor_v1_0_S00_AXI_inst/counter2_reg[30]_C )
INFO: [Synth 8-3333] propagating constant 0 across sequential element (\inst/speedsensor_v1_0_S00_AXI_inst/counter1_reg[31]_C )
INFO: [Synth 8-3333] propagating constant 0 across sequential element (\inst/speedsensor_v1_0_S00_AXI_inst/counter2_reg[31]_C )
INFO: [Synth 8-3332] Sequential element (inst/speedsensor_v1_0_S00_AXI_inst/counter1_reg[31]_C) is unused and will be removed from module smartcar_speedsensor_ip_0_0.
INFO: [Synth 8-3332] Sequential element (inst/speedsensor_v1_0_S00_AXI_inst/counter1_reg[30]_C) is unused and will be removed from module smartcar_speedsensor_ip_0_0.
INFO: [Synth 8-3332] Sequential element (inst/speedsensor_v1_0_S00_AXI_inst/counter1_reg[29]_C) is unused and will be removed from module smartcar_speedsensor_ip_0_0.
INFO: [Synth 8-3332] Sequential element (inst/speedsensor_v1_0_S00_AXI_inst/counter1_reg[28]_C) is unused and will be removed from module smartcar_speedsensor_ip_0_0.
INFO: [Synth 8-3332] Sequential element (inst/speedsensor_v1_0_S00_AXI_inst/counter1_reg[27]_C) is unused and will be removed from module smartcar_speedsensor_ip_0_0.
INFO: [Synth 8-3332] Sequential element (inst/speedsensor_v1_0_S00_AXI_inst/counter1_reg[26]_C) is unused and will be removed from module smartcar_speedsensor_ip_0_0.
INFO: [Synth 8-3332] Sequential element (inst/speedsensor_v1_0_S00_AXI_inst/counter1_reg[25]_C) is unused and will be removed from module smartcar_speedsensor_ip_0_0.
INFO: [Synth 8-3332] Sequential element (inst/speedsensor_v1_0_S00_AXI_inst/counter1_reg[24]_C) is unused and will be removed from module smartcar_speedsensor_ip_0_0.
INFO: [Synth 8-3332] Sequential element (inst/speedsensor_v1_0_S00_AXI_inst/counter1_reg[23]_C) is unused and will be removed from module smartcar_speedsensor_ip_0_0.
INFO: [Synth 8-3332] Sequential element (inst/speedsensor_v1_0_S00_AXI_inst/counter1_reg[22]_C) is unused and will be removed from module smartcar_speedsensor_ip_0_0.
INFO: [Synth 8-3332] Sequential element (inst/speedsensor_v1_0_S00_AXI_inst/counter1_reg[21]_C) is unused and will be removed from module smartcar_speedsensor_ip_0_0.
INFO: [Synth 8-3332] Sequential element (inst/speedsensor_v1_0_S00_AXI_inst/counter1_reg[20]_C) is unused and will be removed from module smartcar_speedsensor_ip_0_0.
INFO: [Synth 8-3332] Sequential element (inst/speedsensor_v1_0_S00_AXI_inst/counter1_reg[19]_C) is unused and will be removed from module smartcar_speedsensor_ip_0_0.
INFO: [Synth 8-3332] Sequential element (inst/speedsensor_v1_0_S00_AXI_inst/counter1_reg[18]_C) is unused and will be removed from module smartcar_speedsensor_ip_0_0.
INFO: [Synth 8-3332] Sequential element (inst/speedsensor_v1_0_S00_AXI_inst/counter1_reg[17]_C) is unused and will be removed from module smartcar_speedsensor_ip_0_0.
INFO: [Synth 8-3332] Sequential element (inst/speedsensor_v1_0_S00_AXI_inst/counter1_reg[16]_C) is unused and will be removed from module smartcar_speedsensor_ip_0_0.
INFO: [Synth 8-3332] Sequential element (inst/speedsensor_v1_0_S00_AXI_inst/counter1_reg[15]_C) is unused and will be removed from module smartcar_speedsensor_ip_0_0.
INFO: [Synth 8-3332] Sequential element (inst/speedsensor_v1_0_S00_AXI_inst/counter1_reg[14]_C) is unused and will be removed from module smartcar_speedsensor_ip_0_0.
INFO: [Synth 8-3332] Sequential element (inst/speedsensor_v1_0_S00_AXI_inst/counter1_reg[13]_C) is unused and will be removed from module smartcar_speedsensor_ip_0_0.
INFO: [Synth 8-3332] Sequential element (inst/speedsensor_v1_0_S00_AXI_inst/counter1_reg[12]_C) is unused and will be removed from module smartcar_speedsensor_ip_0_0.
INFO: [Synth 8-3332] Sequential element (inst/speedsensor_v1_0_S00_AXI_inst/counter1_reg[11]_C) is unused and will be removed from module smartcar_speedsensor_ip_0_0.
INFO: [Synth 8-3332] Sequential element (inst/speedsensor_v1_0_S00_AXI_inst/counter1_reg[10]_C) is unused and will be removed from module smartcar_speedsensor_ip_0_0.
INFO: [Synth 8-3332] Sequential element (inst/speedsensor_v1_0_S00_AXI_inst/counter1_reg[9]_C) is unused and will be removed from module smartcar_speedsensor_ip_0_0.
INFO: [Synth 8-3332] Sequential element (inst/speedsensor_v1_0_S00_AXI_inst/counter1_reg[8]_C) is unused and will be removed from module smartcar_speedsensor_ip_0_0.
INFO: [Synth 8-3332] Sequential element (inst/speedsensor_v1_0_S00_AXI_inst/counter1_reg[7]_C) is unused and will be removed from module smartcar_speedsensor_ip_0_0.
INFO: [Synth 8-3332] Sequential element (inst/speedsensor_v1_0_S00_AXI_inst/counter1_reg[6]_C) is unused and will be removed from module smartcar_speedsensor_ip_0_0.
INFO: [Synth 8-3332] Sequential element (inst/speedsensor_v1_0_S00_AXI_inst/counter1_reg[5]_C) is unused and will be removed from module smartcar_speedsensor_ip_0_0.
INFO: [Synth 8-3332] Sequential element (inst/speedsensor_v1_0_S00_AXI_inst/counter1_reg[4]_C) is unused and will be removed from module smartcar_speedsensor_ip_0_0.
INFO: [Synth 8-3332] Sequential element (inst/speedsensor_v1_0_S00_AXI_inst/counter1_reg[3]_C) is unused and will be removed from module smartcar_speedsensor_ip_0_0.
INFO: [Synth 8-3332] Sequential element (inst/speedsensor_v1_0_S00_AXI_inst/counter1_reg[2]_C) is unused and will be removed from module smartcar_speedsensor_ip_0_0.
INFO: [Synth 8-3332] Sequential element (inst/speedsensor_v1_0_S00_AXI_inst/counter1_reg[1]_C) is unused and will be removed from module smartcar_speedsensor_ip_0_0.
INFO: [Synth 8-3332] Sequential element (inst/speedsensor_v1_0_S00_AXI_inst/counter1_reg[0]_C) is unused and will be removed from module smartcar_speedsensor_ip_0_0.
INFO: [Synth 8-3332] Sequential element (inst/speedsensor_v1_0_S00_AXI_inst/counter2_reg[31]_C) is unused and will be removed from module smartcar_speedsensor_ip_0_0.
INFO: [Synth 8-3332] Sequential element (inst/speedsensor_v1_0_S00_AXI_inst/counter2_reg[30]_C) is unused and will be removed from module smartcar_speedsensor_ip_0_0.
INFO: [Synth 8-3332] Sequential element (inst/speedsensor_v1_0_S00_AXI_inst/counter2_reg[29]_C) is unused and will be removed from module smartcar_speedsensor_ip_0_0.
INFO: [Synth 8-3332] Sequential element (inst/speedsensor_v1_0_S00_AXI_inst/counter2_reg[28]_C) is unused and will be removed from module smartcar_speedsensor_ip_0_0.
INFO: [Synth 8-3332] Sequential element (inst/speedsensor_v1_0_S00_AXI_inst/counter2_reg[27]_C) is unused and will be removed from module smartcar_speedsensor_ip_0_0.
INFO: [Synth 8-3332] Sequential element (inst/speedsensor_v1_0_S00_AXI_inst/counter2_reg[26]_C) is unused and will be removed from module smartcar_speedsensor_ip_0_0.
INFO: [Synth 8-3332] Sequential element (inst/speedsensor_v1_0_S00_AXI_inst/counter2_reg[25]_C) is unused and will be removed from module smartcar_speedsensor_ip_0_0.
INFO: [Synth 8-3332] Sequential element (inst/speedsensor_v1_0_S00_AXI_inst/counter2_reg[24]_C) is unused and will be removed from module smartcar_speedsensor_ip_0_0.
INFO: [Synth 8-3332] Sequential element (inst/speedsensor_v1_0_S00_AXI_inst/counter2_reg[23]_C) is unused and will be removed from module smartcar_speedsensor_ip_0_0.
INFO: [Synth 8-3332] Sequential element (inst/speedsensor_v1_0_S00_AXI_inst/counter2_reg[22]_C) is unused and will be removed from module smartcar_speedsensor_ip_0_0.
INFO: [Synth 8-3332] Sequential element (inst/speedsensor_v1_0_S00_AXI_inst/counter2_reg[21]_C) is unused and will be removed from module smartcar_speedsensor_ip_0_0.
INFO: [Synth 8-3332] Sequential element (inst/speedsensor_v1_0_S00_AXI_inst/counter2_reg[20]_C) is unused and will be removed from module smartcar_speedsensor_ip_0_0.
INFO: [Synth 8-3332] Sequential element (inst/speedsensor_v1_0_S00_AXI_inst/counter2_reg[19]_C) is unused and will be removed from module smartcar_speedsensor_ip_0_0.
INFO: [Synth 8-3332] Sequential element (inst/speedsensor_v1_0_S00_AXI_inst/counter2_reg[18]_C) is unused and will be removed from module smartcar_speedsensor_ip_0_0.
INFO: [Synth 8-3332] Sequential element (inst/speedsensor_v1_0_S00_AXI_inst/counter2_reg[17]_C) is unused and will be removed from module smartcar_speedsensor_ip_0_0.
INFO: [Synth 8-3332] Sequential element (inst/speedsensor_v1_0_S00_AXI_inst/counter2_reg[16]_C) is unused and will be removed from module smartcar_speedsensor_ip_0_0.
INFO: [Synth 8-3332] Sequential element (inst/speedsensor_v1_0_S00_AXI_inst/counter2_reg[15]_C) is unused and will be removed from module smartcar_speedsensor_ip_0_0.
INFO: [Synth 8-3332] Sequential element (inst/speedsensor_v1_0_S00_AXI_inst/counter2_reg[14]_C) is unused and will be removed from module smartcar_speedsensor_ip_0_0.
INFO: [Synth 8-3332] Sequential element (inst/speedsensor_v1_0_S00_AXI_inst/counter2_reg[13]_C) is unused and will be removed from module smartcar_speedsensor_ip_0_0.
INFO: [Synth 8-3332] Sequential element (inst/speedsensor_v1_0_S00_AXI_inst/counter2_reg[12]_C) is unused and will be removed from module smartcar_speedsensor_ip_0_0.
INFO: [Synth 8-3332] Sequential element (inst/speedsensor_v1_0_S00_AXI_inst/counter2_reg[11]_C) is unused and will be removed from module smartcar_speedsensor_ip_0_0.
INFO: [Synth 8-3332] Sequential element (inst/speedsensor_v1_0_S00_AXI_inst/counter2_reg[10]_C) is unused and will be removed from module smartcar_speedsensor_ip_0_0.
INFO: [Synth 8-3332] Sequential element (inst/speedsensor_v1_0_S00_AXI_inst/counter2_reg[9]_C) is unused and will be removed from module smartcar_speedsensor_ip_0_0.
INFO: [Synth 8-3332] Sequential element (inst/speedsensor_v1_0_S00_AXI_inst/counter2_reg[8]_C) is unused and will be removed from module smartcar_speedsensor_ip_0_0.
INFO: [Synth 8-3332] Sequential element (inst/speedsensor_v1_0_S00_AXI_inst/counter2_reg[7]_C) is unused and will be removed from module smartcar_speedsensor_ip_0_0.
INFO: [Synth 8-3332] Sequential element (inst/speedsensor_v1_0_S00_AXI_inst/counter2_reg[6]_C) is unused and will be removed from module smartcar_speedsensor_ip_0_0.
INFO: [Synth 8-3332] Sequential element (inst/speedsensor_v1_0_S00_AXI_inst/counter2_reg[5]_C) is unused and will be removed from module smartcar_speedsensor_ip_0_0.
INFO: [Synth 8-3332] Sequential element (inst/speedsensor_v1_0_S00_AXI_inst/counter2_reg[4]_C) is unused and will be removed from module smartcar_speedsensor_ip_0_0.
INFO: [Synth 8-3332] Sequential element (inst/speedsensor_v1_0_S00_AXI_inst/counter2_reg[3]_C) is unused and will be removed from module smartcar_speedsensor_ip_0_0.
INFO: [Synth 8-3332] Sequential element (inst/speedsensor_v1_0_S00_AXI_inst/counter2_reg[2]_C) is unused and will be removed from module smartcar_speedsensor_ip_0_0.
INFO: [Synth 8-3332] Sequential element (inst/speedsensor_v1_0_S00_AXI_inst/counter2_reg[1]_C) is unused and will be removed from module smartcar_speedsensor_ip_0_0.
INFO: [Synth 8-3332] Sequential element (inst/speedsensor_v1_0_S00_AXI_inst/counter2_reg[0]_C) is unused and will be removed from module smartcar_speedsensor_ip_0_0.
---------------------------------------------------------------------------------
Finished Cross Boundary and Area Optimization : Time (s): cpu = 00:00:26 ; elapsed = 00:00:29 . Memory (MB): peak = 683.469 ; gain = 473.488
---------------------------------------------------------------------------------

Report RTL Partitions: 
+-+--------------+------------+----------+
| |RTL Partition |Replication |Instances |
+-+--------------+------------+----------+
+-+--------------+------------+----------+
---------------------------------------------------------------------------------
Start Timing Optimization
---------------------------------------------------------------------------------
---------------------------------------------------------------------------------
Start Applying XDC Timing Constraints
---------------------------------------------------------------------------------
---------------------------------------------------------------------------------
Finished Applying XDC Timing Constraints : Time (s): cpu = 00:00:40 ; elapsed = 00:00:43 . Memory (MB): peak = 683.469 ; gain = 473.488
---------------------------------------------------------------------------------
---------------------------------------------------------------------------------
Finished Timing Optimization : Time (s): cpu = 00:00:40 ; elapsed = 00:00:43 . Memory (MB): peak = 683.469 ; gain = 473.488
---------------------------------------------------------------------------------

Report RTL Partitions: 
+-+--------------+------------+----------+
| |RTL Partition |Replication |Instances |
+-+--------------+------------+----------+
+-+--------------+------------+----------+
---------------------------------------------------------------------------------
Start Technology Mapping
---------------------------------------------------------------------------------
---------------------------------------------------------------------------------
Finished Technology Mapping : Time (s): cpu = 00:00:40 ; elapsed = 00:00:43 . Memory (MB): peak = 683.469 ; gain = 473.488
---------------------------------------------------------------------------------

Report RTL Partitions: 
+-+--------------+------------+----------+
| |RTL Partition |Replication |Instances |
+-+--------------+------------+----------+
+-+--------------+------------+----------+
---------------------------------------------------------------------------------
Start IO Insertion
---------------------------------------------------------------------------------
---------------------------------------------------------------------------------
Start Flattening Before IO Insertion
---------------------------------------------------------------------------------
---------------------------------------------------------------------------------
Finished Flattening Before IO Insertion
---------------------------------------------------------------------------------
---------------------------------------------------------------------------------
Start Final Netlist Cleanup
---------------------------------------------------------------------------------
---------------------------------------------------------------------------------
Finished Final Netlist Cleanup
---------------------------------------------------------------------------------
---------------------------------------------------------------------------------
Finished IO Insertion : Time (s): cpu = 00:00:41 ; elapsed = 00:00:44 . Memory (MB): peak = 683.469 ; gain = 473.488
---------------------------------------------------------------------------------

Report Check Netlist: 
+------+------------------+-------+---------+-------+------------------+
|      |Item              |Errors |Warnings |Status |Description       |
+------+------------------+-------+---------+-------+------------------+
|1     |multi_driven_nets |      0|        0|Passed |Multi driven nets |
+------+------------------+-------+---------+-------+------------------+
---------------------------------------------------------------------------------
Start Renaming Generated Instances
---------------------------------------------------------------------------------
---------------------------------------------------------------------------------
Finished Renaming Generated Instances : Time (s): cpu = 00:00:41 ; elapsed = 00:00:44 . Memory (MB): peak = 683.469 ; gain = 473.488
---------------------------------------------------------------------------------

Report RTL Partitions: 
+-+--------------+------------+----------+
| |RTL Partition |Replication |Instances |
+-+--------------+------------+----------+
+-+--------------+------------+----------+
---------------------------------------------------------------------------------
Start Rebuilding User Hierarchy
---------------------------------------------------------------------------------
---------------------------------------------------------------------------------
Finished Rebuilding User Hierarchy : Time (s): cpu = 00:00:41 ; elapsed = 00:00:44 . Memory (MB): peak = 683.469 ; gain = 473.488
---------------------------------------------------------------------------------
---------------------------------------------------------------------------------
Start Renaming Generated Ports
---------------------------------------------------------------------------------
---------------------------------------------------------------------------------
Finished Renaming Generated Ports : Time (s): cpu = 00:00:41 ; elapsed = 00:00:44 . Memory (MB): peak = 683.469 ; gain = 473.488
---------------------------------------------------------------------------------
---------------------------------------------------------------------------------
Start Handling Custom Attributes
---------------------------------------------------------------------------------
---------------------------------------------------------------------------------
Finished Handling Custom Attributes : Time (s): cpu = 00:00:41 ; elapsed = 00:00:44 . Memory (MB): peak = 683.469 ; gain = 473.488
---------------------------------------------------------------------------------
---------------------------------------------------------------------------------
Start Renaming Generated Nets
---------------------------------------------------------------------------------
---------------------------------------------------------------------------------
Finished Renaming Generated Nets : Time (s): cpu = 00:00:41 ; elapsed = 00:00:44 . Memory (MB): peak = 683.469 ; gain = 473.488
---------------------------------------------------------------------------------
---------------------------------------------------------------------------------
Start Writing Synthesis Report
---------------------------------------------------------------------------------

Report BlackBoxes: 
+-+--------------+----------+
| |BlackBox name |Instances |
+-+--------------+----------+
+-+--------------+----------+

Report Cell Usage: 
+------+-------+------+
|      |Cell   |Count |
+------+-------+------+
|1     |CARRY4 |    27|
|2     |LUT1   |    34|
|3     |LUT2   |   249|
|4     |LUT3   |    10|
|5     |LUT4   |    99|
|6     |LUT5   |     2|
|7     |LUT6   |    49|
|8     |FDPE   |    64|
|9     |FDRE   |   172|
|10    |LDC    |    64|
+------+-------+------+

Report Instance Areas: 
+------+----------------------------------+-------------------------+------+
|      |Instance                          |Module                   |Cells |
+------+----------------------------------+-------------------------+------+
|1     |top                               |                         |   770|
|2     |  inst                            |speedsensor_v1_0         |   770|
|3     |    speedsensor_v1_0_S00_AXI_inst |speedsensor_v1_0_S00_AXI |   770|
+------+----------------------------------+-------------------------+------+
---------------------------------------------------------------------------------
Finished Writing Synthesis Report : Time (s): cpu = 00:00:41 ; elapsed = 00:00:44 . Memory (MB): peak = 683.469 ; gain = 473.488
---------------------------------------------------------------------------------
Synthesis finished with 0 errors, 0 critical warnings and 6 warnings.
Synthesis Optimization Runtime : Time (s): cpu = 00:00:21 ; elapsed = 00:00:28 . Memory (MB): peak = 683.469 ; gain = 113.871
Synthesis Optimization Complete : Time (s): cpu = 00:00:41 ; elapsed = 00:00:44 . Memory (MB): peak = 683.469 ; gain = 473.488
INFO: [Project 1-571] Translating synthesized netlist
INFO: [Netlist 29-17] Analyzing 91 Unisim elements for replacement
INFO: [Netlist 29-28] Unisim Transformation completed in 1 CPU seconds
INFO: [Project 1-570] Preparing netlist for logic optimization
INFO: [Opt 31-138] Pushed 0 inverter(s) to 0 load pin(s).
INFO: [Project 1-111] Unisim Transformation Summary:
  A total of 64 instances were transformed.
  LDC => LDCE: 64 instances

INFO: [Common 17-83] Releasing license: Synthesis
161 Infos, 14 Warnings, 0 Critical Warnings and 0 Errors encountered.
synth_design completed successfully
synth_design: Time (s): cpu = 00:00:37 ; elapsed = 00:00:39 . Memory (MB): peak = 683.469 ; gain = 423.730
INFO: [Common 17-1381] The checkpoint 'F:/xproject/smartcar/smartcar.runs/smartcar_speedsensor_ip_0_0_synth_1/smartcar_speedsensor_ip_0_0.dcp' has been generated.
