Copyright 1986-2016 Xilinx, Inc. All Rights Reserved.
---------------------------------------------------------------------------------------------
| Tool Version : Vivado v.2016.3 (win64) Build 1682563 Mon Oct 10 19:07:27 MDT 2016
| Date         : Tue Apr 04 19:56:01 2017
| Host         : DESKTOP-OBPTP63 running 64-bit major release  (build 9200)
| Command      : report_control_sets -verbose -file smartcar_wrapper_control_sets_placed.rpt
| Design       : smartcar_wrapper
| Device       : xc7z020
---------------------------------------------------------------------------------------------

Control Set Information

Table of Contents
-----------------
1. Summary
2. Flip-Flop Distribution
3. Detailed Control Set Information

1. Summary
----------

+----------------------------------------------------------+-------+
|                          Status                          | Count |
+----------------------------------------------------------+-------+
| Number of unique control sets                            |    81 |
| Unused register locations in slices containing registers |   142 |
+----------------------------------------------------------+-------+


2. Flip-Flop Distribution
-------------------------

+--------------+-----------------------+------------------------+-----------------+--------------+
| Clock Enable | Synchronous Set/Reset | Asynchronous Set/Reset | Total Registers | Total Slices |
+--------------+-----------------------+------------------------+-----------------+--------------+
| No           | No                    | No                     |             126 |           35 |
| No           | No                    | Yes                    |               0 |            0 |
| No           | Yes                   | No                     |             185 |           58 |
| Yes          | No                    | No                     |             561 |          113 |
| Yes          | No                    | Yes                    |               0 |            0 |
| Yes          | Yes                   | No                     |             626 |          161 |
+--------------+-----------------------+------------------------+-----------------+--------------+


3. Detailed Control Set Information
-----------------------------------

+-------------------------------------------------+---------------------------------------------------------------------------------------------------------------------------------------------------------------+------------------------------------------------------------------------------------------------------------------------------------------+------------------+----------------+
|                   Clock Signal                  |                                                                         Enable Signal                                                                         |                                                             Set/Reset Signal                                                             | Slice Load Count | Bel Load Count |
+-------------------------------------------------+---------------------------------------------------------------------------------------------------------------------------------------------------------------+------------------------------------------------------------------------------------------------------------------------------------------+------------------+----------------+
|  smartcar_i/processing_system7_0/inst/FCLK_CLK0 | smartcar_i/ps7_0_axi_periph/s00_couplers/auto_pc/inst/gen_axilite.gen_b2s_conv.axilite_b2s/WR.b_channel_0/bid_fifo_0/bresp_push                               |                                                                                                                                          |                1 |              2 |
|  smartcar_i/processing_system7_0/inst/FCLK_CLK0 | smartcar_i/ps7_0_axi_periph/s00_couplers/auto_pc/inst/gen_axilite.gen_b2s_conv.axilite_b2s/RD.ar_channel_0/ar_cmd_fsm_0/E[0]                                  |                                                                                                                                          |                2 |              4 |
|  smartcar_i/processing_system7_0/inst/FCLK_CLK0 | smartcar_i/ps7_0_axi_periph/s00_couplers/auto_pc/inst/gen_axilite.gen_b2s_conv.axilite_b2s/WR.aw_channel_0/aw_cmd_fsm_0/wrap_boundary_axaddr_r_reg[11][0]     |                                                                                                                                          |                4 |              4 |
|  smartcar_i/processing_system7_0/inst/FCLK_CLK0 |                                                                                                                                                               | smartcar_i/ps7_0_axi_periph/s00_couplers/auto_pc/inst/gen_axilite.gen_b2s_conv.axilite_b2s/SI_REG/ar_pipe/m_valid_i_reg_0                |                3 |              4 |
|  smartcar_i/processing_system7_0/inst/FCLK_CLK0 |                                                                                                                                                               | smartcar_i/ps7_0_axi_periph/s00_couplers/auto_pc/inst/gen_axilite.gen_b2s_conv.axilite_b2s/SI_REG/aw_pipe/s_ready_i_reg_0                |                3 |              4 |
|  smartcar_i/processing_system7_0/inst/FCLK_CLK0 | smartcar_i/ps7_0_axi_periph/s00_couplers/auto_pc/inst/gen_axilite.gen_b2s_conv.axilite_b2s/WR.aw_channel_0/cmd_translator_0/incr_cmd_0/axaddr_incr[0]_i_1_n_0 |                                                                                                                                          |                1 |              4 |
|  smartcar_i/processing_system7_0/inst/FCLK_CLK0 | smartcar_i/ps7_0_axi_periph/s00_couplers/auto_pc/inst/gen_axilite.gen_b2s_conv.axilite_b2s/WR.aw_channel_0/aw_cmd_fsm_0/axaddr_wrap_reg[0]                    | smartcar_i/ps7_0_axi_periph/s00_couplers/auto_pc/inst/gen_axilite.gen_b2s_conv.axilite_b2s/WR.aw_channel_0/aw_cmd_fsm_0/axlen_cnt_reg[7] |                2 |              4 |
|  smartcar_i/processing_system7_0/inst/FCLK_CLK0 | smartcar_i/ps7_0_axi_periph/s00_couplers/auto_pc/inst/gen_axilite.gen_b2s_conv.axilite_b2s/RD.ar_channel_0/ar_cmd_fsm_0/axlen_cnt_reg[3][0]                   | smartcar_i/ps7_0_axi_periph/s00_couplers/auto_pc/inst/gen_axilite.gen_b2s_conv.axilite_b2s/RD.ar_channel_0/ar_cmd_fsm_0/axlen_cnt_reg[7] |                2 |              4 |
|  smartcar_i/processing_system7_0/inst/FCLK_CLK0 | smartcar_i/ps7_0_axi_periph/s00_couplers/auto_pc/inst/gen_axilite.gen_b2s_conv.axilite_b2s/RD.ar_channel_0/ar_cmd_fsm_0/axaddr_incr_reg[11]                   |                                                                                                                                          |                1 |              4 |
|  smartcar_i/processing_system7_0/inst/FCLK_CLK0 |                                                                                                                                                               | smartcar_i/rst_ps7_0_100M/U0/EXT_LPF/lpf_int                                                                                             |                2 |              5 |
|  smartcar_i/processing_system7_0/inst/FCLK_CLK0 | smartcar_i/rst_ps7_0_100M/U0/SEQ/seq_cnt_en                                                                                                                   | smartcar_i/rst_ps7_0_100M/U0/SEQ/SEQ_COUNTER/clear                                                                                       |                1 |              6 |
|  smartcar_i/processing_system7_0/inst/FCLK_CLK0 | smartcar_i/mygpio_ip_0/inst/mygpio_ip_v1_0_S00_AXI_inst/p_1_in[31]                                                                                            | smartcar_i/mygpio_ip_0/inst/mygpio_ip_v1_0_S00_AXI_inst/slv_reg3[7]_i_1_n_0                                                              |                1 |              8 |
|  smartcar_i/processing_system7_0/inst/FCLK_CLK0 | smartcar_i/speedsensor_ip_0/inst/speedsensor_v1_0_S00_AXI_inst/p_1_in[7]                                                                                      | smartcar_i/speedsensor_ip_0/inst/speedsensor_v1_0_S00_AXI_inst/p_0_in                                                                    |                1 |              8 |
|  smartcar_i/processing_system7_0/inst/FCLK_CLK0 | smartcar_i/speedsensor_ip_0/inst/speedsensor_v1_0_S00_AXI_inst/p_1_in[15]                                                                                     | smartcar_i/speedsensor_ip_0/inst/speedsensor_v1_0_S00_AXI_inst/p_0_in                                                                    |                1 |              8 |
|  smartcar_i/processing_system7_0/inst/FCLK_CLK0 | smartcar_i/speedsensor_ip_0/inst/speedsensor_v1_0_S00_AXI_inst/p_1_in[23]                                                                                     | smartcar_i/speedsensor_ip_0/inst/speedsensor_v1_0_S00_AXI_inst/p_0_in                                                                    |                1 |              8 |
|  smartcar_i/processing_system7_0/inst/FCLK_CLK0 | smartcar_i/speedsensor_ip_0/inst/speedsensor_v1_0_S00_AXI_inst/p_1_in[31]                                                                                     | smartcar_i/speedsensor_ip_0/inst/speedsensor_v1_0_S00_AXI_inst/p_0_in                                                                    |                1 |              8 |
|  smartcar_i/processing_system7_0/inst/FCLK_CLK0 | smartcar_i/sr04_ip_0/inst/sr04_ip_v2_0_S00_AXI_inst/p_1_in[31]                                                                                                | smartcar_i/sr04_ip_0/inst/sr04_ip_v2_0_S00_AXI_inst/p_0_in                                                                               |                1 |              8 |
|  smartcar_i/processing_system7_0/inst/FCLK_CLK0 | smartcar_i/sr04_ip_0/inst/sr04_ip_v2_0_S00_AXI_inst/p_1_in[23]                                                                                                | smartcar_i/sr04_ip_0/inst/sr04_ip_v2_0_S00_AXI_inst/p_0_in                                                                               |                1 |              8 |
|  smartcar_i/processing_system7_0/inst/FCLK_CLK0 | smartcar_i/pwm_ip_0/inst/pwm_ip_v1_0_S00_AXI_inst/p_1_in[31]                                                                                                  | smartcar_i/pwm_ip_0/inst/pwm_ip_v1_0_S00_AXI_inst/slv_reg3[0]_i_1_n_0                                                                    |                2 |              8 |
|  smartcar_i/processing_system7_0/inst/FCLK_CLK0 | smartcar_i/sr04_ip_0/inst/sr04_ip_v2_0_S00_AXI_inst/p_1_in[15]                                                                                                | smartcar_i/sr04_ip_0/inst/sr04_ip_v2_0_S00_AXI_inst/p_0_in                                                                               |                1 |              8 |
|  smartcar_i/processing_system7_0/inst/FCLK_CLK0 | smartcar_i/sr04_ip_0/inst/sr04_ip_v2_0_S00_AXI_inst/p_1_in[7]                                                                                                 | smartcar_i/sr04_ip_0/inst/sr04_ip_v2_0_S00_AXI_inst/p_0_in                                                                               |                1 |              8 |
|  smartcar_i/processing_system7_0/inst/FCLK_CLK0 | smartcar_i/mygpio_ip_0/inst/mygpio_ip_v1_0_S00_AXI_inst/p_1_in[23]                                                                                            | smartcar_i/mygpio_ip_0/inst/mygpio_ip_v1_0_S00_AXI_inst/slv_reg3[7]_i_1_n_0                                                              |                1 |              8 |
|  smartcar_i/processing_system7_0/inst/FCLK_CLK0 | smartcar_i/mygpio_ip_0/inst/mygpio_ip_v1_0_S00_AXI_inst/slv_reg2[15]_i_1_n_0                                                                                  | smartcar_i/mygpio_ip_0/inst/mygpio_ip_v1_0_S00_AXI_inst/slv_reg3[7]_i_1_n_0                                                              |                2 |              8 |
|  smartcar_i/processing_system7_0/inst/FCLK_CLK0 | smartcar_i/mygpio_ip_0/inst/mygpio_ip_v1_0_S00_AXI_inst/slv_reg2[23]_i_1_n_0                                                                                  | smartcar_i/mygpio_ip_0/inst/mygpio_ip_v1_0_S00_AXI_inst/slv_reg3[7]_i_1_n_0                                                              |                2 |              8 |
|  smartcar_i/processing_system7_0/inst/FCLK_CLK0 | smartcar_i/mygpio_ip_0/inst/mygpio_ip_v1_0_S00_AXI_inst/slv_reg2[31]_i_1_n_0                                                                                  | smartcar_i/mygpio_ip_0/inst/mygpio_ip_v1_0_S00_AXI_inst/slv_reg3[7]_i_1_n_0                                                              |                1 |              8 |
|  smartcar_i/processing_system7_0/inst/FCLK_CLK0 | smartcar_i/mygpio_ip_0/inst/mygpio_ip_v1_0_S00_AXI_inst/slv_reg2[7]_i_1_n_0                                                                                   | smartcar_i/mygpio_ip_0/inst/mygpio_ip_v1_0_S00_AXI_inst/slv_reg3[7]_i_1_n_0                                                              |                3 |              8 |
|  smartcar_i/processing_system7_0/inst/FCLK_CLK0 | smartcar_i/mygpio_ip_0/inst/mygpio_ip_v1_0_S00_AXI_inst/p_1_in[15]                                                                                            | smartcar_i/mygpio_ip_0/inst/mygpio_ip_v1_0_S00_AXI_inst/slv_reg3[7]_i_1_n_0                                                              |                3 |              8 |
|  smartcar_i/processing_system7_0/inst/FCLK_CLK0 | smartcar_i/pwm_ip_0/inst/pwm_ip_v1_0_S00_AXI_inst/slv_reg3[15]_i_1_n_0                                                                                        | smartcar_i/pwm_ip_0/inst/pwm_ip_v1_0_S00_AXI_inst/slv_reg3[0]_i_1_n_0                                                                    |                2 |              8 |
|  smartcar_i/processing_system7_0/inst/FCLK_CLK0 | smartcar_i/pwm_ip_0/inst/pwm_ip_v1_0_S00_AXI_inst/slv_reg3[31]_i_1_n_0                                                                                        | smartcar_i/pwm_ip_0/inst/pwm_ip_v1_0_S00_AXI_inst/slv_reg3[0]_i_1_n_0                                                                    |                1 |              8 |
|  smartcar_i/processing_system7_0/inst/FCLK_CLK0 | smartcar_i/pwm_ip_0/inst/pwm_ip_v1_0_S00_AXI_inst/slv_reg0[15]_i_1_n_0                                                                                        | smartcar_i/pwm_ip_0/inst/pwm_ip_v1_0_S00_AXI_inst/slv_reg3[0]_i_1_n_0                                                                    |                1 |              8 |
|  smartcar_i/processing_system7_0/inst/FCLK_CLK0 | smartcar_i/pwm_ip_0/inst/pwm_ip_v1_0_S00_AXI_inst/slv_reg0[31]_i_1_n_0                                                                                        | smartcar_i/pwm_ip_0/inst/pwm_ip_v1_0_S00_AXI_inst/slv_reg3[0]_i_1_n_0                                                                    |                1 |              8 |
|  smartcar_i/processing_system7_0/inst/FCLK_CLK0 | smartcar_i/pwm_ip_0/inst/pwm_ip_v1_0_S00_AXI_inst/slv_reg0[23]_i_1_n_0                                                                                        | smartcar_i/pwm_ip_0/inst/pwm_ip_v1_0_S00_AXI_inst/slv_reg3[0]_i_1_n_0                                                                    |                2 |              8 |
|  smartcar_i/processing_system7_0/inst/FCLK_CLK0 | smartcar_i/pwm_ip_0/inst/pwm_ip_v1_0_S00_AXI_inst/slv_reg1[15]_i_1_n_0                                                                                        | smartcar_i/pwm_ip_0/inst/pwm_ip_v1_0_S00_AXI_inst/slv_reg3[0]_i_1_n_0                                                                    |                2 |              8 |
|  smartcar_i/processing_system7_0/inst/FCLK_CLK0 | smartcar_i/pwm_ip_0/inst/pwm_ip_v1_0_S00_AXI_inst/slv_reg0[7]_i_1_n_0                                                                                         | smartcar_i/pwm_ip_0/inst/pwm_ip_v1_0_S00_AXI_inst/slv_reg3[0]_i_1_n_0                                                                    |                1 |              8 |
|  smartcar_i/processing_system7_0/inst/FCLK_CLK0 | smartcar_i/pwm_ip_0/inst/pwm_ip_v1_0_S00_AXI_inst/slv_reg1[23]_i_1_n_0                                                                                        | smartcar_i/pwm_ip_0/inst/pwm_ip_v1_0_S00_AXI_inst/slv_reg3[0]_i_1_n_0                                                                    |                2 |              8 |
|  smartcar_i/processing_system7_0/inst/FCLK_CLK0 | smartcar_i/pwm_ip_0/inst/pwm_ip_v1_0_S00_AXI_inst/slv_reg1[31]_i_1_n_0                                                                                        | smartcar_i/pwm_ip_0/inst/pwm_ip_v1_0_S00_AXI_inst/slv_reg3[0]_i_1_n_0                                                                    |                2 |              8 |
|  smartcar_i/processing_system7_0/inst/FCLK_CLK0 | smartcar_i/pwm_ip_0/inst/pwm_ip_v1_0_S00_AXI_inst/slv_reg1[7]_i_1_n_0                                                                                         | smartcar_i/pwm_ip_0/inst/pwm_ip_v1_0_S00_AXI_inst/slv_reg3[0]_i_1_n_0                                                                    |                1 |              8 |
|  smartcar_i/processing_system7_0/inst/FCLK_CLK0 | smartcar_i/pwm_ip_0/inst/pwm_ip_v1_0_S00_AXI_inst/p_1_in[7]                                                                                                   | smartcar_i/pwm_ip_0/inst/pwm_ip_v1_0_S00_AXI_inst/slv_reg3[0]_i_1_n_0                                                                    |                1 |              8 |
|  smartcar_i/processing_system7_0/inst/FCLK_CLK0 | smartcar_i/pwm_ip_0/inst/pwm_ip_v1_0_S00_AXI_inst/p_1_in[15]                                                                                                  | smartcar_i/pwm_ip_0/inst/pwm_ip_v1_0_S00_AXI_inst/slv_reg3[0]_i_1_n_0                                                                    |                1 |              8 |
|  smartcar_i/processing_system7_0/inst/FCLK_CLK0 | smartcar_i/pwm_ip_0/inst/pwm_ip_v1_0_S00_AXI_inst/p_1_in[23]                                                                                                  | smartcar_i/pwm_ip_0/inst/pwm_ip_v1_0_S00_AXI_inst/slv_reg3[0]_i_1_n_0                                                                    |                2 |              8 |
|  smartcar_i/processing_system7_0/inst/FCLK_CLK0 | smartcar_i/ps7_0_axi_periph/s00_couplers/auto_pc/inst/gen_axilite.gen_b2s_conv.axilite_b2s/WR.b_channel_0/mhandshake_r                                        | smartcar_i/ps7_0_axi_periph/s00_couplers/auto_pc/inst/gen_axilite.gen_b2s_conv.axilite_b2s/WR.b_channel_0/bid_fifo_0/SR[0]               |                3 |              8 |
|  smartcar_i/processing_system7_0/inst/FCLK_CLK0 |                                                                                                                                                               | smartcar_i/mygpio_ip_0/inst/mygpio_ip_v1_0_S00_AXI_inst/slv_reg3[7]_i_1_n_0                                                              |                4 |              9 |
|  smartcar_i/processing_system7_0/inst/FCLK_CLK0 |                                                                                                                                                               | smartcar_i/pwm_ip_0/inst/pwm_ip_v1_0_S00_AXI_inst/slv_reg3[0]_i_1_n_0                                                                    |                3 |              9 |
|  smartcar_i/processing_system7_0/inst/FCLK_CLK0 |                                                                                                                                                               | smartcar_i/speedsensor_ip_0/inst/speedsensor_v1_0_S00_AXI_inst/p_0_in                                                                    |                3 |              9 |
|  smartcar_i/processing_system7_0/inst/FCLK_CLK0 |                                                                                                                                                               | smartcar_i/sr04_ip_0/inst/sr04_ip_v2_0_S00_AXI_inst/p_0_in                                                                               |                4 |              9 |
|  smartcar_i/processing_system7_0/inst/FCLK_CLK0 | smartcar_i/pwm_ip_0/inst/pwm_ip_v1_0_S00_AXI_inst/slv_reg3[16]_i_1_n_0                                                                                        | smartcar_i/pwm_ip_0/inst/pwm_ip_v1_0_S00_AXI_inst/slv_reg3[0]_i_1_n_0                                                                    |                3 |              9 |
|  smartcar_i/processing_system7_0/inst/FCLK_CLK0 | smartcar_i/pwm_ip_0/inst/pwm_ip_v1_0_S00_AXI_inst/slv_reg3[0]_i_2_n_0                                                                                         | smartcar_i/pwm_ip_0/inst/pwm_ip_v1_0_S00_AXI_inst/slv_reg3[0]_i_1_n_0                                                                    |                2 |              9 |
|  smartcar_i/processing_system7_0/inst/FCLK_CLK0 | smartcar_i/ps7_0_axi_periph/s00_couplers/auto_pc/inst/gen_axilite.gen_b2s_conv.axilite_b2s/RD.ar_channel_0/ar_cmd_fsm_0/axlen_cnt_reg[3][0]                   |                                                                                                                                          |                5 |             12 |
|  smartcar_i/processing_system7_0/inst/FCLK_CLK0 | smartcar_i/ps7_0_axi_periph/s00_couplers/auto_pc/inst/gen_axilite.gen_b2s_conv.axilite_b2s/WR.aw_channel_0/aw_cmd_fsm_0/axaddr_wrap_reg[0]                    |                                                                                                                                          |                4 |             12 |
|  smartcar_i/processing_system7_0/inst/FCLK_CLK0 | smartcar_i/ps7_0_axi_periph/s00_couplers/auto_pc/inst/gen_axilite.gen_b2s_conv.axilite_b2s/RD.r_channel_0/r_push_r                                            |                                                                                                                                          |                4 |             13 |
|  smartcar_i/processing_system7_0/inst/FCLK_CLK0 |                                                                                                                                                               | smartcar_i/ps7_0_axi_periph/xbar/inst/gen_sasd.crossbar_sasd_0/addr_arbiter_inst/SR[0]                                                   |                4 |             13 |
|  smartcar_i/processing_system7_0/inst/FCLK_CLK0 | smartcar_i/ps7_0_axi_periph/s00_couplers/auto_pc/inst/gen_axilite.gen_b2s_conv.axilite_b2s/SI_REG/b_pipe/skid_buffer_reg[0]_0                                 |                                                                                                                                          |                3 |             14 |
|  smartcar_i/processing_system7_0/inst/FCLK_CLK0 | smartcar_i/ps7_0_axi_periph/s00_couplers/auto_pc/inst/gen_axilite.gen_b2s_conv.axilite_b2s/SI_REG/b_pipe/p_1_in                                               |                                                                                                                                          |                2 |             14 |
|  smartcar_i/processing_system7_0/inst/FCLK_CLK0 | smartcar_i/mygpio_ip_0/inst/mygpio_ip_v1_0_S00_AXI_inst/p_1_in[7]                                                                                             | smartcar_i/mygpio_ip_0/inst/mygpio_ip_v1_0_S00_AXI_inst/slv_reg3[7]_i_1_n_0                                                              |                8 |             16 |
|  smartcar_i/processing_system7_0/inst/FCLK_CLK0 | smartcar_i/ps7_0_axi_periph/xbar/inst/gen_sasd.crossbar_sasd_0/addr_arbiter_inst/p_0_in1_in                                                                   | smartcar_i/ps7_0_axi_periph/xbar/inst/gen_sasd.crossbar_sasd_0/addr_arbiter_inst/SR[0]                                                   |                5 |             18 |
|  smartcar_i/processing_system7_0/inst/FCLK_CLK0 | smartcar_i/ps7_0_axi_periph/s00_couplers/auto_pc/inst/gen_axilite.gen_b2s_conv.axilite_b2s/WR.aw_channel_0/aw_cmd_fsm_0/b_push                                |                                                                                                                                          |                5 |             20 |
|  smartcar_i/processing_system7_0/inst/FCLK_CLK0 |                                                                                                                                                               | smartcar_i/speedsensor_ip_0/inst/speedsensor_v1_0_S00_AXI_inst/rstprd__0                                                                 |                8 |             32 |
|  smartcar_i/processing_system7_0/inst/FCLK_CLK0 | sr04_echo_IBUF[1]                                                                                                                                             | smartcar_i/sr04_ip_0/inst/sr04_ip_v2_0_S00_AXI_inst/echocnt[2][0]_i_1_n_0                                                                |                8 |             32 |
|  smartcar_i/processing_system7_0/inst/FCLK_CLK0 | smartcar_i/speedsensor_ip_0/inst/speedsensor_v1_0_S00_AXI_inst/slv_reg_rden__0                                                                                | smartcar_i/speedsensor_ip_0/inst/speedsensor_v1_0_S00_AXI_inst/p_0_in                                                                    |                9 |             32 |
|  smartcar_i/processing_system7_0/inst/FCLK_CLK0 | smartcar_i/speedsensor_ip_0/inst/speedsensor_v1_0_S00_AXI_inst/counter1[0]_i_1_n_0                                                                            | smartcar_i/speedsensor_ip_0/inst/speedsensor_v1_0_S00_AXI_inst/rstprd__0                                                                 |                8 |             32 |
|  smartcar_i/processing_system7_0/inst/FCLK_CLK0 | smartcar_i/pwm_ip_0/inst/pwm_ip_v1_0_S00_AXI_inst/slv_reg_rden__0                                                                                             | smartcar_i/pwm_ip_0/inst/pwm_ip_v1_0_S00_AXI_inst/slv_reg3[0]_i_1_n_0                                                                    |                9 |             32 |
|  smartcar_i/processing_system7_0/inst/FCLK_CLK0 | smartcar_i/sr04_ip_0/inst/sr04_ip_v2_0_S00_AXI_inst/slv_reg_rden__0                                                                                           | smartcar_i/sr04_ip_0/inst/sr04_ip_v2_0_S00_AXI_inst/p_0_in                                                                               |               12 |             32 |
|  smartcar_i/processing_system7_0/inst/FCLK_CLK0 | smartcar_i/pwm_ip_0/inst/pwm_ip_v1_0_S00_AXI_inst/pwm_counter00_out                                                                                           | smartcar_i/pwm_ip_0/inst/pwm_ip_v1_0_S00_AXI_inst/pwm_counter0                                                                           |                8 |             32 |
|  smartcar_i/processing_system7_0/inst/FCLK_CLK0 | smartcar_i/ps7_0_axi_periph/xbar/inst/gen_sasd.crossbar_sasd_0/reg_slice_r/aa_rready                                                                          |                                                                                                                                          |                8 |             32 |
|  smartcar_i/processing_system7_0/inst/FCLK_CLK0 | smartcar_i/mygpio_ip_0/inst/mygpio_ip_v1_0_S00_AXI_inst/slv_reg_rden__0                                                                                       | smartcar_i/mygpio_ip_0/inst/mygpio_ip_v1_0_S00_AXI_inst/slv_reg3[7]_i_1_n_0                                                              |               15 |             32 |
|  smartcar_i/processing_system7_0/inst/FCLK_CLK0 | sr04_echo_IBUF[0]                                                                                                                                             | smartcar_i/sr04_ip_0/inst/sr04_ip_v2_0_S00_AXI_inst/echocnt[2][0]_i_1_n_0                                                                |                8 |             32 |
|  smartcar_i/processing_system7_0/inst/FCLK_CLK0 | sr04_echo_IBUF[2]                                                                                                                                             | smartcar_i/sr04_ip_0/inst/sr04_ip_v2_0_S00_AXI_inst/echocnt[2][0]_i_1_n_0                                                                |                8 |             32 |
|  smartcar_i/processing_system7_0/inst/FCLK_CLK0 | smartcar_i/speedsensor_ip_0/inst/speedsensor_v1_0_S00_AXI_inst/counter2[0]_i_1_n_0                                                                            | smartcar_i/speedsensor_ip_0/inst/speedsensor_v1_0_S00_AXI_inst/rstprd__0                                                                 |                8 |             32 |
|  smartcar_i/processing_system7_0/inst/FCLK_CLK0 |                                                                                                                                                               | smartcar_i/sr04_ip_0/inst/sr04_ip_v2_0_S00_AXI_inst/rstprd                                                                               |               11 |             33 |
|  smartcar_i/processing_system7_0/inst/FCLK_CLK0 | smartcar_i/ps7_0_axi_periph/s00_couplers/auto_pc/inst/gen_axilite.gen_b2s_conv.axilite_b2s/RD.r_channel_0/rd_data_fifo_0/wr_en0                               |                                                                                                                                          |                9 |             34 |
|  smartcar_i/processing_system7_0/inst/FCLK_CLK0 | smartcar_i/ps7_0_axi_periph/xbar/inst/gen_sasd.crossbar_sasd_0/addr_arbiter_inst/E[0]                                                                         |                                                                                                                                          |                7 |             35 |
|  smartcar_i/processing_system7_0/inst/FCLK_CLK0 | smartcar_i/ps7_0_axi_periph/s00_couplers/auto_pc/inst/gen_axilite.gen_b2s_conv.axilite_b2s/SI_REG/ar_pipe/s_axi_arready                                       |                                                                                                                                          |                8 |             43 |
|  smartcar_i/processing_system7_0/inst/FCLK_CLK0 | smartcar_i/ps7_0_axi_periph/s00_couplers/auto_pc/inst/gen_axilite.gen_b2s_conv.axilite_b2s/SI_REG/aw_pipe/s_axi_awready                                       |                                                                                                                                          |                6 |             43 |
|  smartcar_i/processing_system7_0/inst/FCLK_CLK0 | smartcar_i/ps7_0_axi_periph/s00_couplers/auto_pc/inst/gen_axilite.gen_b2s_conv.axilite_b2s/RD.ar_channel_0/ar_cmd_fsm_0/m_payload_i_reg[0]_1[0]               |                                                                                                                                          |                9 |             43 |
|  smartcar_i/processing_system7_0/inst/FCLK_CLK0 | smartcar_i/ps7_0_axi_periph/s00_couplers/auto_pc/inst/gen_axilite.gen_b2s_conv.axilite_b2s/WR.aw_channel_0/aw_cmd_fsm_0/E[0]                                  |                                                                                                                                          |                8 |             43 |
|  smartcar_i/processing_system7_0/inst/FCLK_CLK0 | smartcar_i/ps7_0_axi_periph/s00_couplers/auto_pc/inst/gen_axilite.gen_b2s_conv.axilite_b2s/SI_REG/r_pipe/p_1_in                                               |                                                                                                                                          |                7 |             47 |
|  smartcar_i/processing_system7_0/inst/FCLK_CLK0 | smartcar_i/ps7_0_axi_periph/s00_couplers/auto_pc/inst/gen_axilite.gen_b2s_conv.axilite_b2s/SI_REG/r_pipe/skid_buffer_reg[0]_0                                 |                                                                                                                                          |                7 |             47 |
|  smartcar_i/processing_system7_0/inst/FCLK_CLK0 |                                                                                                                                                               | smartcar_i/ps7_0_axi_periph/s00_couplers/auto_pc/inst/gen_axilite.gen_b2s_conv.axilite_b2s/areset_d1                                     |               13 |             58 |
|  smartcar_i/processing_system7_0/inst/FCLK_CLK0 | smartcar_i/speedsensor_ip_0/inst/speedsensor_v1_0_S00_AXI_inst/rstprd__0                                                                                      |                                                                                                                                          |               12 |             64 |
|  smartcar_i/processing_system7_0/inst/FCLK_CLK0 | smartcar_i/sr04_ip_0/inst/sr04_ip_v2_0_S00_AXI_inst/rstprd                                                                                                    |                                                                                                                                          |               19 |             96 |
|  smartcar_i/processing_system7_0/inst/FCLK_CLK0 |                                                                                                                                                               |                                                                                                                                          |               36 |            127 |
+-------------------------------------------------+---------------------------------------------------------------------------------------------------------------------------------------------------------------+------------------------------------------------------------------------------------------------------------------------------------------+------------------+----------------+


+--------+-----------------------+
| Fanout | Number of ControlSets |
+--------+-----------------------+
| 2      |                     1 |
| 4      |                     8 |
| 5      |                     1 |
| 6      |                     1 |
| 8      |                    30 |
| 9      |                     6 |
| 12     |                     2 |
| 13     |                     2 |
| 14     |                     2 |
| 16+    |                    28 |
+--------+-----------------------+


