
*** Running vivado
    with args -log smartcar_auto_pc_0.vds -m64 -product Vivado -mode batch -messageDb vivado.pb -notrace -source smartcar_auto_pc_0.tcl


****** Vivado v2016.3 (64-bit)
  **** SW Build 1682563 on Mon Oct 10 19:07:27 MDT 2016
  **** IP Build 1681267 on Mon Oct 10 21:28:31 MDT 2016
    ** Copyright 1986-2016 Xilinx, Inc. All Rights Reserved.

source smartcar_auto_pc_0.tcl -notrace
Starting RTL Elaboration : Time (s): cpu = 00:00:20 ; elapsed = 00:00:27 . Memory (MB): peak = 342.172 ; gain = 132.082
INFO: [Synth 8-638] synthesizing module 'smartcar_auto_pc_0' [f:/xproject/smartcar/smartcar.srcs/sources_1/bd/smartcar/ip/smartcar_auto_pc_0/synth/smartcar_auto_pc_0.v:58]
INFO: [Synth 8-638] synthesizing module 'axi_protocol_converter_v2_1_10_axi_protocol_converter' [f:/xproject/smartcar/smartcar.srcs/sources_1/bd/smartcar/ipshared/4a8b/hdl/axi_protocol_converter_v2_1_vl_rfs.v:4806]
INFO: [Synth 8-638] synthesizing module 'axi_protocol_converter_v2_1_10_b2s' [f:/xproject/smartcar/smartcar.srcs/sources_1/bd/smartcar/ipshared/4a8b/hdl/axi_protocol_converter_v2_1_vl_rfs.v:4224]
INFO: [Synth 8-638] synthesizing module 'axi_protocol_converter_v2_1_10_b2s_aw_channel' [f:/xproject/smartcar/smartcar.srcs/sources_1/bd/smartcar/ipshared/4a8b/hdl/axi_protocol_converter_v2_1_vl_rfs.v:3969]
INFO: [Synth 8-638] synthesizing module 'axi_protocol_converter_v2_1_10_b2s_cmd_translator' [f:/xproject/smartcar/smartcar.srcs/sources_1/bd/smartcar/ipshared/4a8b/hdl/axi_protocol_converter_v2_1_vl_rfs.v:3467]
INFO: [Synth 8-638] synthesizing module 'axi_protocol_converter_v2_1_10_b2s_incr_cmd' [f:/xproject/smartcar/smartcar.srcs/sources_1/bd/smartcar/ipshared/4a8b/hdl/axi_protocol_converter_v2_1_vl_rfs.v:3093]
INFO: [Synth 8-256] done synthesizing module 'axi_protocol_converter_v2_1_10_b2s_incr_cmd' (1#1) [f:/xproject/smartcar/smartcar.srcs/sources_1/bd/smartcar/ipshared/4a8b/hdl/axi_protocol_converter_v2_1_vl_rfs.v:3093]
INFO: [Synth 8-638] synthesizing module 'axi_protocol_converter_v2_1_10_b2s_wrap_cmd' [f:/xproject/smartcar/smartcar.srcs/sources_1/bd/smartcar/ipshared/4a8b/hdl/axi_protocol_converter_v2_1_vl_rfs.v:2903]
INFO: [Synth 8-256] done synthesizing module 'axi_protocol_converter_v2_1_10_b2s_wrap_cmd' (2#1) [f:/xproject/smartcar/smartcar.srcs/sources_1/bd/smartcar/ipshared/4a8b/hdl/axi_protocol_converter_v2_1_vl_rfs.v:2903]
INFO: [Synth 8-256] done synthesizing module 'axi_protocol_converter_v2_1_10_b2s_cmd_translator' (3#1) [f:/xproject/smartcar/smartcar.srcs/sources_1/bd/smartcar/ipshared/4a8b/hdl/axi_protocol_converter_v2_1_vl_rfs.v:3467]
INFO: [Synth 8-638] synthesizing module 'axi_protocol_converter_v2_1_10_b2s_wr_cmd_fsm' [f:/xproject/smartcar/smartcar.srcs/sources_1/bd/smartcar/ipshared/4a8b/hdl/axi_protocol_converter_v2_1_vl_rfs.v:3225]
INFO: [Synth 8-256] done synthesizing module 'axi_protocol_converter_v2_1_10_b2s_wr_cmd_fsm' (4#1) [f:/xproject/smartcar/smartcar.srcs/sources_1/bd/smartcar/ipshared/4a8b/hdl/axi_protocol_converter_v2_1_vl_rfs.v:3225]
INFO: [Synth 8-256] done synthesizing module 'axi_protocol_converter_v2_1_10_b2s_aw_channel' (5#1) [f:/xproject/smartcar/smartcar.srcs/sources_1/bd/smartcar/ipshared/4a8b/hdl/axi_protocol_converter_v2_1_vl_rfs.v:3969]
INFO: [Synth 8-638] synthesizing module 'axi_protocol_converter_v2_1_10_b2s_b_channel' [f:/xproject/smartcar/smartcar.srcs/sources_1/bd/smartcar/ipshared/4a8b/hdl/axi_protocol_converter_v2_1_vl_rfs.v:3609]
INFO: [Synth 8-638] synthesizing module 'axi_protocol_converter_v2_1_10_b2s_simple_fifo' [f:/xproject/smartcar/smartcar.srcs/sources_1/bd/smartcar/ipshared/4a8b/hdl/axi_protocol_converter_v2_1_vl_rfs.v:2816]
INFO: [Synth 8-256] done synthesizing module 'axi_protocol_converter_v2_1_10_b2s_simple_fifo' (6#1) [f:/xproject/smartcar/smartcar.srcs/sources_1/bd/smartcar/ipshared/4a8b/hdl/axi_protocol_converter_v2_1_vl_rfs.v:2816]
INFO: [Synth 8-638] synthesizing module 'axi_protocol_converter_v2_1_10_b2s_simple_fifo__parameterized0' [f:/xproject/smartcar/smartcar.srcs/sources_1/bd/smartcar/ipshared/4a8b/hdl/axi_protocol_converter_v2_1_vl_rfs.v:2816]
INFO: [Synth 8-256] done synthesizing module 'axi_protocol_converter_v2_1_10_b2s_simple_fifo__parameterized0' (6#1) [f:/xproject/smartcar/smartcar.srcs/sources_1/bd/smartcar/ipshared/4a8b/hdl/axi_protocol_converter_v2_1_vl_rfs.v:2816]
INFO: [Synth 8-256] done synthesizing module 'axi_protocol_converter_v2_1_10_b2s_b_channel' (7#1) [f:/xproject/smartcar/smartcar.srcs/sources_1/bd/smartcar/ipshared/4a8b/hdl/axi_protocol_converter_v2_1_vl_rfs.v:3609]
INFO: [Synth 8-638] synthesizing module 'axi_protocol_converter_v2_1_10_b2s_ar_channel' [f:/xproject/smartcar/smartcar.srcs/sources_1/bd/smartcar/ipshared/4a8b/hdl/axi_protocol_converter_v2_1_vl_rfs.v:4080]
INFO: [Synth 8-638] synthesizing module 'axi_protocol_converter_v2_1_10_b2s_rd_cmd_fsm' [f:/xproject/smartcar/smartcar.srcs/sources_1/bd/smartcar/ipshared/4a8b/hdl/axi_protocol_converter_v2_1_vl_rfs.v:3336]
INFO: [Synth 8-256] done synthesizing module 'axi_protocol_converter_v2_1_10_b2s_rd_cmd_fsm' (8#1) [f:/xproject/smartcar/smartcar.srcs/sources_1/bd/smartcar/ipshared/4a8b/hdl/axi_protocol_converter_v2_1_vl_rfs.v:3336]
INFO: [Synth 8-256] done synthesizing module 'axi_protocol_converter_v2_1_10_b2s_ar_channel' (9#1) [f:/xproject/smartcar/smartcar.srcs/sources_1/bd/smartcar/ipshared/4a8b/hdl/axi_protocol_converter_v2_1_vl_rfs.v:4080]
INFO: [Synth 8-638] synthesizing module 'axi_protocol_converter_v2_1_10_b2s_r_channel' [f:/xproject/smartcar/smartcar.srcs/sources_1/bd/smartcar/ipshared/4a8b/hdl/axi_protocol_converter_v2_1_vl_rfs.v:3809]
INFO: [Synth 8-638] synthesizing module 'axi_protocol_converter_v2_1_10_b2s_simple_fifo__parameterized1' [f:/xproject/smartcar/smartcar.srcs/sources_1/bd/smartcar/ipshared/4a8b/hdl/axi_protocol_converter_v2_1_vl_rfs.v:2816]
INFO: [Synth 8-256] done synthesizing module 'axi_protocol_converter_v2_1_10_b2s_simple_fifo__parameterized1' (9#1) [f:/xproject/smartcar/smartcar.srcs/sources_1/bd/smartcar/ipshared/4a8b/hdl/axi_protocol_converter_v2_1_vl_rfs.v:2816]
INFO: [Synth 8-638] synthesizing module 'axi_protocol_converter_v2_1_10_b2s_simple_fifo__parameterized2' [f:/xproject/smartcar/smartcar.srcs/sources_1/bd/smartcar/ipshared/4a8b/hdl/axi_protocol_converter_v2_1_vl_rfs.v:2816]
INFO: [Synth 8-256] done synthesizing module 'axi_protocol_converter_v2_1_10_b2s_simple_fifo__parameterized2' (9#1) [f:/xproject/smartcar/smartcar.srcs/sources_1/bd/smartcar/ipshared/4a8b/hdl/axi_protocol_converter_v2_1_vl_rfs.v:2816]
INFO: [Synth 8-256] done synthesizing module 'axi_protocol_converter_v2_1_10_b2s_r_channel' (10#1) [f:/xproject/smartcar/smartcar.srcs/sources_1/bd/smartcar/ipshared/4a8b/hdl/axi_protocol_converter_v2_1_vl_rfs.v:3809]
INFO: [Synth 8-638] synthesizing module 'axi_register_slice_v2_1_10_axi_register_slice' [f:/xproject/smartcar/smartcar.srcs/sources_1/bd/smartcar/ipshared/7efe/hdl/axi_register_slice_v2_1_vl_rfs.v:791]
INFO: [Synth 8-638] synthesizing module 'axi_infrastructure_v1_1_0_axi2vector' [f:/xproject/smartcar/smartcar.srcs/sources_1/bd/smartcar/ipshared/7e3a/hdl/axi_infrastructure_v1_1_vl_rfs.v:60]
INFO: [Synth 8-256] done synthesizing module 'axi_infrastructure_v1_1_0_axi2vector' (11#1) [f:/xproject/smartcar/smartcar.srcs/sources_1/bd/smartcar/ipshared/7e3a/hdl/axi_infrastructure_v1_1_vl_rfs.v:60]
INFO: [Synth 8-638] synthesizing module 'axi_register_slice_v2_1_10_axic_register_slice' [f:/xproject/smartcar/smartcar.srcs/sources_1/bd/smartcar/ipshared/7efe/hdl/axi_register_slice_v2_1_vl_rfs.v:85]
INFO: [Synth 8-256] done synthesizing module 'axi_register_slice_v2_1_10_axic_register_slice' (12#1) [f:/xproject/smartcar/smartcar.srcs/sources_1/bd/smartcar/ipshared/7efe/hdl/axi_register_slice_v2_1_vl_rfs.v:85]
INFO: [Synth 8-638] synthesizing module 'axi_register_slice_v2_1_10_axic_register_slice__parameterized0' [f:/xproject/smartcar/smartcar.srcs/sources_1/bd/smartcar/ipshared/7efe/hdl/axi_register_slice_v2_1_vl_rfs.v:85]
INFO: [Synth 8-256] done synthesizing module 'axi_register_slice_v2_1_10_axic_register_slice__parameterized0' (12#1) [f:/xproject/smartcar/smartcar.srcs/sources_1/bd/smartcar/ipshared/7efe/hdl/axi_register_slice_v2_1_vl_rfs.v:85]
INFO: [Synth 8-638] synthesizing module 'axi_register_slice_v2_1_10_axic_register_slice__parameterized1' [f:/xproject/smartcar/smartcar.srcs/sources_1/bd/smartcar/ipshared/7efe/hdl/axi_register_slice_v2_1_vl_rfs.v:85]
INFO: [Synth 8-256] done synthesizing module 'axi_register_slice_v2_1_10_axic_register_slice__parameterized1' (12#1) [f:/xproject/smartcar/smartcar.srcs/sources_1/bd/smartcar/ipshared/7efe/hdl/axi_register_slice_v2_1_vl_rfs.v:85]
INFO: [Synth 8-638] synthesizing module 'axi_register_slice_v2_1_10_axic_register_slice__parameterized2' [f:/xproject/smartcar/smartcar.srcs/sources_1/bd/smartcar/ipshared/7efe/hdl/axi_register_slice_v2_1_vl_rfs.v:85]
INFO: [Synth 8-256] done synthesizing module 'axi_register_slice_v2_1_10_axic_register_slice__parameterized2' (12#1) [f:/xproject/smartcar/smartcar.srcs/sources_1/bd/smartcar/ipshared/7efe/hdl/axi_register_slice_v2_1_vl_rfs.v:85]
INFO: [Synth 8-638] synthesizing module 'axi_infrastructure_v1_1_0_vector2axi' [f:/xproject/smartcar/smartcar.srcs/sources_1/bd/smartcar/ipshared/7e3a/hdl/axi_infrastructure_v1_1_vl_rfs.v:474]
INFO: [Synth 8-256] done synthesizing module 'axi_infrastructure_v1_1_0_vector2axi' (13#1) [f:/xproject/smartcar/smartcar.srcs/sources_1/bd/smartcar/ipshared/7e3a/hdl/axi_infrastructure_v1_1_vl_rfs.v:474]
INFO: [Synth 8-256] done synthesizing module 'axi_register_slice_v2_1_10_axi_register_slice' (14#1) [f:/xproject/smartcar/smartcar.srcs/sources_1/bd/smartcar/ipshared/7efe/hdl/axi_register_slice_v2_1_vl_rfs.v:791]
INFO: [Synth 8-638] synthesizing module 'axi_register_slice_v2_1_10_axi_register_slice__parameterized0' [f:/xproject/smartcar/smartcar.srcs/sources_1/bd/smartcar/ipshared/7efe/hdl/axi_register_slice_v2_1_vl_rfs.v:791]
INFO: [Synth 8-638] synthesizing module 'axi_infrastructure_v1_1_0_axi2vector__parameterized0' [f:/xproject/smartcar/smartcar.srcs/sources_1/bd/smartcar/ipshared/7e3a/hdl/axi_infrastructure_v1_1_vl_rfs.v:60]
INFO: [Synth 8-256] done synthesizing module 'axi_infrastructure_v1_1_0_axi2vector__parameterized0' (14#1) [f:/xproject/smartcar/smartcar.srcs/sources_1/bd/smartcar/ipshared/7e3a/hdl/axi_infrastructure_v1_1_vl_rfs.v:60]
INFO: [Synth 8-638] synthesizing module 'axi_register_slice_v2_1_10_axic_register_slice__parameterized3' [f:/xproject/smartcar/smartcar.srcs/sources_1/bd/smartcar/ipshared/7efe/hdl/axi_register_slice_v2_1_vl_rfs.v:85]
INFO: [Synth 8-256] done synthesizing module 'axi_register_slice_v2_1_10_axic_register_slice__parameterized3' (14#1) [f:/xproject/smartcar/smartcar.srcs/sources_1/bd/smartcar/ipshared/7efe/hdl/axi_register_slice_v2_1_vl_rfs.v:85]
INFO: [Synth 8-638] synthesizing module 'axi_register_slice_v2_1_10_axic_register_slice__parameterized4' [f:/xproject/smartcar/smartcar.srcs/sources_1/bd/smartcar/ipshared/7efe/hdl/axi_register_slice_v2_1_vl_rfs.v:85]
INFO: [Synth 8-256] done synthesizing module 'axi_register_slice_v2_1_10_axic_register_slice__parameterized4' (14#1) [f:/xproject/smartcar/smartcar.srcs/sources_1/bd/smartcar/ipshared/7efe/hdl/axi_register_slice_v2_1_vl_rfs.v:85]
INFO: [Synth 8-638] synthesizing module 'axi_register_slice_v2_1_10_axic_register_slice__parameterized5' [f:/xproject/smartcar/smartcar.srcs/sources_1/bd/smartcar/ipshared/7efe/hdl/axi_register_slice_v2_1_vl_rfs.v:85]
INFO: [Synth 8-256] done synthesizing module 'axi_register_slice_v2_1_10_axic_register_slice__parameterized5' (14#1) [f:/xproject/smartcar/smartcar.srcs/sources_1/bd/smartcar/ipshared/7efe/hdl/axi_register_slice_v2_1_vl_rfs.v:85]
INFO: [Synth 8-638] synthesizing module 'axi_register_slice_v2_1_10_axic_register_slice__parameterized6' [f:/xproject/smartcar/smartcar.srcs/sources_1/bd/smartcar/ipshared/7efe/hdl/axi_register_slice_v2_1_vl_rfs.v:85]
INFO: [Synth 8-256] done synthesizing module 'axi_register_slice_v2_1_10_axic_register_slice__parameterized6' (14#1) [f:/xproject/smartcar/smartcar.srcs/sources_1/bd/smartcar/ipshared/7efe/hdl/axi_register_slice_v2_1_vl_rfs.v:85]
INFO: [Synth 8-638] synthesizing module 'axi_register_slice_v2_1_10_axic_register_slice__parameterized7' [f:/xproject/smartcar/smartcar.srcs/sources_1/bd/smartcar/ipshared/7efe/hdl/axi_register_slice_v2_1_vl_rfs.v:85]
INFO: [Synth 8-256] done synthesizing module 'axi_register_slice_v2_1_10_axic_register_slice__parameterized7' (14#1) [f:/xproject/smartcar/smartcar.srcs/sources_1/bd/smartcar/ipshared/7efe/hdl/axi_register_slice_v2_1_vl_rfs.v:85]
INFO: [Synth 8-638] synthesizing module 'axi_infrastructure_v1_1_0_vector2axi__parameterized0' [f:/xproject/smartcar/smartcar.srcs/sources_1/bd/smartcar/ipshared/7e3a/hdl/axi_infrastructure_v1_1_vl_rfs.v:474]
INFO: [Synth 8-256] done synthesizing module 'axi_infrastructure_v1_1_0_vector2axi__parameterized0' (14#1) [f:/xproject/smartcar/smartcar.srcs/sources_1/bd/smartcar/ipshared/7e3a/hdl/axi_infrastructure_v1_1_vl_rfs.v:474]
INFO: [Synth 8-256] done synthesizing module 'axi_register_slice_v2_1_10_axi_register_slice__parameterized0' (14#1) [f:/xproject/smartcar/smartcar.srcs/sources_1/bd/smartcar/ipshared/7efe/hdl/axi_register_slice_v2_1_vl_rfs.v:791]
INFO: [Synth 8-256] done synthesizing module 'axi_protocol_converter_v2_1_10_b2s' (15#1) [f:/xproject/smartcar/smartcar.srcs/sources_1/bd/smartcar/ipshared/4a8b/hdl/axi_protocol_converter_v2_1_vl_rfs.v:4224]
INFO: [Synth 8-256] done synthesizing module 'axi_protocol_converter_v2_1_10_axi_protocol_converter' (16#1) [f:/xproject/smartcar/smartcar.srcs/sources_1/bd/smartcar/ipshared/4a8b/hdl/axi_protocol_converter_v2_1_vl_rfs.v:4806]
INFO: [Synth 8-256] done synthesizing module 'smartcar_auto_pc_0' (17#1) [f:/xproject/smartcar/smartcar.srcs/sources_1/bd/smartcar/ip/smartcar_auto_pc_0/synth/smartcar_auto_pc_0.v:58]
Finished RTL Elaboration : Time (s): cpu = 00:01:12 ; elapsed = 00:01:22 . Memory (MB): peak = 458.246 ; gain = 248.156
Finished RTL Optimization Phase 1 : Time (s): cpu = 00:01:13 ; elapsed = 00:01:22 . Memory (MB): peak = 458.246 ; gain = 248.156
INFO: [Device 21-403] Loading part xc7z020clg484-1
Constraint Validation Runtime : Time (s): cpu = 00:00:00 ; elapsed = 00:00:00.131 . Memory (MB): peak = 708.539 ; gain = 0.125
Finished Constraint Validation : Time (s): cpu = 00:01:32 ; elapsed = 00:01:43 . Memory (MB): peak = 708.539 ; gain = 498.449
Finished Loading Part and Timing Information : Time (s): cpu = 00:01:32 ; elapsed = 00:01:43 . Memory (MB): peak = 708.539 ; gain = 498.449
Finished applying 'set_property' XDC Constraints : Time (s): cpu = 00:01:32 ; elapsed = 00:01:43 . Memory (MB): peak = 708.539 ; gain = 498.449
Finished RTL Optimization Phase 2 : Time (s): cpu = 00:01:33 ; elapsed = 00:01:44 . Memory (MB): peak = 708.539 ; gain = 498.449
Finished Cross Boundary and Area Optimization : Time (s): cpu = 00:01:37 ; elapsed = 00:01:49 . Memory (MB): peak = 708.539 ; gain = 498.449
Finished Applying XDC Timing Constraints : Time (s): cpu = 00:01:55 ; elapsed = 00:02:08 . Memory (MB): peak = 708.539 ; gain = 498.449
Finished Timing Optimization : Time (s): cpu = 00:01:58 ; elapsed = 00:02:12 . Memory (MB): peak = 710.563 ; gain = 500.473
Finished Technology Mapping : Time (s): cpu = 00:01:59 ; elapsed = 00:02:12 . Memory (MB): peak = 716.637 ; gain = 506.547
Finished IO Insertion : Time (s): cpu = 00:02:00 ; elapsed = 00:02:13 . Memory (MB): peak = 716.637 ; gain = 506.547
Finished Renaming Generated Instances : Time (s): cpu = 00:02:00 ; elapsed = 00:02:13 . Memory (MB): peak = 716.637 ; gain = 506.547
Finished Rebuilding User Hierarchy : Time (s): cpu = 00:02:01 ; elapsed = 00:02:14 . Memory (MB): peak = 716.637 ; gain = 506.547
Finished Renaming Generated Ports : Time (s): cpu = 00:02:01 ; elapsed = 00:02:14 . Memory (MB): peak = 716.637 ; gain = 506.547
Finished Handling Custom Attributes : Time (s): cpu = 00:02:01 ; elapsed = 00:02:14 . Memory (MB): peak = 716.637 ; gain = 506.547
Finished Renaming Generated Nets : Time (s): cpu = 00:02:01 ; elapsed = 00:02:14 . Memory (MB): peak = 716.637 ; gain = 506.547

Report Cell Usage: 
+------+--------+------+
|      |Cell    |Count |
+------+--------+------+
|1     |CARRY4  |    18|
|2     |LUT1    |    37|
|3     |LUT2    |    17|
|4     |LUT3    |   234|
|5     |LUT4    |    40|
|6     |LUT5    |    72|
|7     |LUT6    |   107|
|8     |SRL16E  |    22|
|9     |SRLC32E |    47|
|10    |FDRE    |   548|
|11    |FDSE    |    52|
+------+--------+------+
Finished Writing Synthesis Report : Time (s): cpu = 00:02:01 ; elapsed = 00:02:14 . Memory (MB): peak = 716.637 ; gain = 506.547
synth_design: Time (s): cpu = 00:01:56 ; elapsed = 00:02:06 . Memory (MB): peak = 725.621 ; gain = 466.398
