
*** Running vivado
    with args -log smartcar_xbar_0.vds -m64 -product Vivado -mode batch -messageDb vivado.pb -notrace -source smartcar_xbar_0.tcl


****** Vivado v2016.3 (64-bit)
  **** SW Build 1682563 on Mon Oct 10 19:07:27 MDT 2016
  **** IP Build 1681267 on Mon Oct 10 21:28:31 MDT 2016
    ** Copyright 1986-2016 Xilinx, Inc. All Rights Reserved.

source smartcar_xbar_0.tcl -notrace
Starting RTL Elaboration : Time (s): cpu = 00:00:16 ; elapsed = 00:00:19 . Memory (MB): peak = 351.836 ; gain = 141.727
INFO: [Synth 8-638] synthesizing module 'smartcar_xbar_0' [f:/xproject/smartcar/smartcar.srcs/sources_1/bd/smartcar/ip/smartcar_xbar_0/synth/smartcar_xbar_0.v:59]
INFO: [Synth 8-638] synthesizing module 'axi_crossbar_v2_1_11_axi_crossbar' [f:/xproject/smartcar/smartcar.srcs/sources_1/bd/smartcar/ipshared/d552/hdl/axi_crossbar_v2_1_vl_rfs.v:4882]
INFO: [Synth 8-638] synthesizing module 'axi_crossbar_v2_1_11_crossbar_sasd' [f:/xproject/smartcar/smartcar.srcs/sources_1/bd/smartcar/ipshared/d552/hdl/axi_crossbar_v2_1_vl_rfs.v:1240]
INFO: [Synth 8-638] synthesizing module 'axi_crossbar_v2_1_11_addr_decoder' [f:/xproject/smartcar/smartcar.srcs/sources_1/bd/smartcar/ipshared/d552/hdl/axi_crossbar_v2_1_vl_rfs.v:794]
INFO: [Synth 8-638] synthesizing module 'generic_baseblocks_v2_1_0_comparator_static' [f:/xproject/smartcar/smartcar.srcs/sources_1/bd/smartcar/ipshared/7ee0/hdl/generic_baseblocks_v2_1_vl_rfs.v:2133]
INFO: [Synth 8-638] synthesizing module 'generic_baseblocks_v2_1_0_carry_and' [f:/xproject/smartcar/smartcar.srcs/sources_1/bd/smartcar/ipshared/7ee0/hdl/generic_baseblocks_v2_1_vl_rfs.v:62]
INFO: [Synth 8-256] done synthesizing module 'generic_baseblocks_v2_1_0_carry_and' (1#1) [f:/xproject/smartcar/smartcar.srcs/sources_1/bd/smartcar/ipshared/7ee0/hdl/generic_baseblocks_v2_1_vl_rfs.v:62]
INFO: [Synth 8-256] done synthesizing module 'generic_baseblocks_v2_1_0_comparator_static' (2#1) [f:/xproject/smartcar/smartcar.srcs/sources_1/bd/smartcar/ipshared/7ee0/hdl/generic_baseblocks_v2_1_vl_rfs.v:2133]
INFO: [Synth 8-638] synthesizing module 'generic_baseblocks_v2_1_0_comparator_static__parameterized0' [f:/xproject/smartcar/smartcar.srcs/sources_1/bd/smartcar/ipshared/7ee0/hdl/generic_baseblocks_v2_1_vl_rfs.v:2133]
INFO: [Synth 8-256] done synthesizing module 'generic_baseblocks_v2_1_0_comparator_static__parameterized0' (2#1) [f:/xproject/smartcar/smartcar.srcs/sources_1/bd/smartcar/ipshared/7ee0/hdl/generic_baseblocks_v2_1_vl_rfs.v:2133]
INFO: [Synth 8-638] synthesizing module 'generic_baseblocks_v2_1_0_comparator_static__parameterized1' [f:/xproject/smartcar/smartcar.srcs/sources_1/bd/smartcar/ipshared/7ee0/hdl/generic_baseblocks_v2_1_vl_rfs.v:2133]
INFO: [Synth 8-256] done synthesizing module 'generic_baseblocks_v2_1_0_comparator_static__parameterized1' (2#1) [f:/xproject/smartcar/smartcar.srcs/sources_1/bd/smartcar/ipshared/7ee0/hdl/generic_baseblocks_v2_1_vl_rfs.v:2133]
INFO: [Synth 8-638] synthesizing module 'generic_baseblocks_v2_1_0_comparator_static__parameterized2' [f:/xproject/smartcar/smartcar.srcs/sources_1/bd/smartcar/ipshared/7ee0/hdl/generic_baseblocks_v2_1_vl_rfs.v:2133]
INFO: [Synth 8-256] done synthesizing module 'generic_baseblocks_v2_1_0_comparator_static__parameterized2' (2#1) [f:/xproject/smartcar/smartcar.srcs/sources_1/bd/smartcar/ipshared/7ee0/hdl/generic_baseblocks_v2_1_vl_rfs.v:2133]
INFO: [Synth 8-256] done synthesizing module 'axi_crossbar_v2_1_11_addr_decoder' (3#1) [f:/xproject/smartcar/smartcar.srcs/sources_1/bd/smartcar/ipshared/d552/hdl/axi_crossbar_v2_1_vl_rfs.v:794]
INFO: [Synth 8-638] synthesizing module 'axi_crossbar_v2_1_11_decerr_slave' [f:/xproject/smartcar/smartcar.srcs/sources_1/bd/smartcar/ipshared/d552/hdl/axi_crossbar_v2_1_vl_rfs.v:3500]
INFO: [Synth 8-256] done synthesizing module 'axi_crossbar_v2_1_11_decerr_slave' (4#1) [f:/xproject/smartcar/smartcar.srcs/sources_1/bd/smartcar/ipshared/d552/hdl/axi_crossbar_v2_1_vl_rfs.v:3500]
INFO: [Synth 8-638] synthesizing module 'axi_crossbar_v2_1_11_addr_arbiter_sasd' [f:/xproject/smartcar/smartcar.srcs/sources_1/bd/smartcar/ipshared/d552/hdl/axi_crossbar_v2_1_vl_rfs.v:65]
INFO: [Synth 8-256] done synthesizing module 'axi_crossbar_v2_1_11_addr_arbiter_sasd' (5#1) [f:/xproject/smartcar/smartcar.srcs/sources_1/bd/smartcar/ipshared/d552/hdl/axi_crossbar_v2_1_vl_rfs.v:65]
INFO: [Synth 8-638] synthesizing module 'axi_crossbar_v2_1_11_splitter' [f:/xproject/smartcar/smartcar.srcs/sources_1/bd/smartcar/ipshared/d552/hdl/axi_crossbar_v2_1_vl_rfs.v:4459]
INFO: [Synth 8-256] done synthesizing module 'axi_crossbar_v2_1_11_splitter' (6#1) [f:/xproject/smartcar/smartcar.srcs/sources_1/bd/smartcar/ipshared/d552/hdl/axi_crossbar_v2_1_vl_rfs.v:4459]
INFO: [Synth 8-638] synthesizing module 'axi_crossbar_v2_1_11_splitter__parameterized0' [f:/xproject/smartcar/smartcar.srcs/sources_1/bd/smartcar/ipshared/d552/hdl/axi_crossbar_v2_1_vl_rfs.v:4459]
INFO: [Synth 8-256] done synthesizing module 'axi_crossbar_v2_1_11_splitter__parameterized0' (6#1) [f:/xproject/smartcar/smartcar.srcs/sources_1/bd/smartcar/ipshared/d552/hdl/axi_crossbar_v2_1_vl_rfs.v:4459]
INFO: [Synth 8-638] synthesizing module 'generic_baseblocks_v2_1_0_mux_enc' [f:/xproject/smartcar/smartcar.srcs/sources_1/bd/smartcar/ipshared/7ee0/hdl/generic_baseblocks_v2_1_vl_rfs.v:2452]
INFO: [Synth 8-256] done synthesizing module 'generic_baseblocks_v2_1_0_mux_enc' (7#1) [f:/xproject/smartcar/smartcar.srcs/sources_1/bd/smartcar/ipshared/7ee0/hdl/generic_baseblocks_v2_1_vl_rfs.v:2452]
INFO: [Synth 8-638] synthesizing module 'generic_baseblocks_v2_1_0_mux_enc__parameterized0' [f:/xproject/smartcar/smartcar.srcs/sources_1/bd/smartcar/ipshared/7ee0/hdl/generic_baseblocks_v2_1_vl_rfs.v:2452]
INFO: [Synth 8-256] done synthesizing module 'generic_baseblocks_v2_1_0_mux_enc__parameterized0' (7#1) [f:/xproject/smartcar/smartcar.srcs/sources_1/bd/smartcar/ipshared/7ee0/hdl/generic_baseblocks_v2_1_vl_rfs.v:2452]
INFO: [Synth 8-638] synthesizing module 'generic_baseblocks_v2_1_0_mux_enc__parameterized1' [f:/xproject/smartcar/smartcar.srcs/sources_1/bd/smartcar/ipshared/7ee0/hdl/generic_baseblocks_v2_1_vl_rfs.v:2452]
INFO: [Synth 8-256] done synthesizing module 'generic_baseblocks_v2_1_0_mux_enc__parameterized1' (7#1) [f:/xproject/smartcar/smartcar.srcs/sources_1/bd/smartcar/ipshared/7ee0/hdl/generic_baseblocks_v2_1_vl_rfs.v:2452]
INFO: [Synth 8-638] synthesizing module 'generic_baseblocks_v2_1_0_mux_enc__parameterized2' [f:/xproject/smartcar/smartcar.srcs/sources_1/bd/smartcar/ipshared/7ee0/hdl/generic_baseblocks_v2_1_vl_rfs.v:2452]
INFO: [Synth 8-256] done synthesizing module 'generic_baseblocks_v2_1_0_mux_enc__parameterized2' (7#1) [f:/xproject/smartcar/smartcar.srcs/sources_1/bd/smartcar/ipshared/7ee0/hdl/generic_baseblocks_v2_1_vl_rfs.v:2452]
INFO: [Synth 8-638] synthesizing module 'axi_register_slice_v2_1_10_axic_register_slice' [f:/xproject/smartcar/smartcar.srcs/sources_1/bd/smartcar/ipshared/7efe/hdl/axi_register_slice_v2_1_vl_rfs.v:85]
INFO: [Synth 8-256] done synthesizing module 'axi_register_slice_v2_1_10_axic_register_slice' (8#1) [f:/xproject/smartcar/smartcar.srcs/sources_1/bd/smartcar/ipshared/7efe/hdl/axi_register_slice_v2_1_vl_rfs.v:85]
INFO: [Synth 8-638] synthesizing module 'generic_baseblocks_v2_1_0_mux_enc__parameterized3' [f:/xproject/smartcar/smartcar.srcs/sources_1/bd/smartcar/ipshared/7ee0/hdl/generic_baseblocks_v2_1_vl_rfs.v:2452]
INFO: [Synth 8-256] done synthesizing module 'generic_baseblocks_v2_1_0_mux_enc__parameterized3' (8#1) [f:/xproject/smartcar/smartcar.srcs/sources_1/bd/smartcar/ipshared/7ee0/hdl/generic_baseblocks_v2_1_vl_rfs.v:2452]
INFO: [Synth 8-256] done synthesizing module 'axi_crossbar_v2_1_11_crossbar_sasd' (9#1) [f:/xproject/smartcar/smartcar.srcs/sources_1/bd/smartcar/ipshared/d552/hdl/axi_crossbar_v2_1_vl_rfs.v:1240]
INFO: [Synth 8-256] done synthesizing module 'axi_crossbar_v2_1_11_axi_crossbar' (10#1) [f:/xproject/smartcar/smartcar.srcs/sources_1/bd/smartcar/ipshared/d552/hdl/axi_crossbar_v2_1_vl_rfs.v:4882]
INFO: [Synth 8-256] done synthesizing module 'smartcar_xbar_0' (11#1) [f:/xproject/smartcar/smartcar.srcs/sources_1/bd/smartcar/ip/smartcar_xbar_0/synth/smartcar_xbar_0.v:59]
Finished RTL Elaboration : Time (s): cpu = 00:00:23 ; elapsed = 00:00:26 . Memory (MB): peak = 468.926 ; gain = 258.816
Finished RTL Optimization Phase 1 : Time (s): cpu = 00:00:23 ; elapsed = 00:00:27 . Memory (MB): peak = 468.926 ; gain = 258.816
INFO: [Device 21-403] Loading part xc7z020clg484-1
Constraint Validation Runtime : Time (s): cpu = 00:00:00 ; elapsed = 00:00:00.068 . Memory (MB): peak = 712.621 ; gain = 0.000
Finished Constraint Validation : Time (s): cpu = 00:00:40 ; elapsed = 00:00:45 . Memory (MB): peak = 712.621 ; gain = 502.512
Finished Loading Part and Timing Information : Time (s): cpu = 00:00:40 ; elapsed = 00:00:45 . Memory (MB): peak = 712.621 ; gain = 502.512
Finished applying 'set_property' XDC Constraints : Time (s): cpu = 00:00:40 ; elapsed = 00:00:45 . Memory (MB): peak = 712.621 ; gain = 502.512
Finished RTL Optimization Phase 2 : Time (s): cpu = 00:00:41 ; elapsed = 00:00:46 . Memory (MB): peak = 712.621 ; gain = 502.512
Finished Cross Boundary and Area Optimization : Time (s): cpu = 00:00:43 ; elapsed = 00:00:47 . Memory (MB): peak = 712.621 ; gain = 502.512
Finished Applying XDC Timing Constraints : Time (s): cpu = 00:00:59 ; elapsed = 00:01:05 . Memory (MB): peak = 712.621 ; gain = 502.512
Finished Timing Optimization : Time (s): cpu = 00:01:00 ; elapsed = 00:01:06 . Memory (MB): peak = 712.621 ; gain = 502.512
Finished Technology Mapping : Time (s): cpu = 00:01:00 ; elapsed = 00:01:06 . Memory (MB): peak = 712.621 ; gain = 502.512
Finished IO Insertion : Time (s): cpu = 00:01:01 ; elapsed = 00:01:07 . Memory (MB): peak = 712.621 ; gain = 502.512
Finished Renaming Generated Instances : Time (s): cpu = 00:01:01 ; elapsed = 00:01:07 . Memory (MB): peak = 712.621 ; gain = 502.512
Finished Rebuilding User Hierarchy : Time (s): cpu = 00:01:01 ; elapsed = 00:01:07 . Memory (MB): peak = 712.621 ; gain = 502.512
Finished Renaming Generated Ports : Time (s): cpu = 00:01:01 ; elapsed = 00:01:07 . Memory (MB): peak = 712.621 ; gain = 502.512
Finished Handling Custom Attributes : Time (s): cpu = 00:01:01 ; elapsed = 00:01:07 . Memory (MB): peak = 712.621 ; gain = 502.512
Finished Renaming Generated Nets : Time (s): cpu = 00:01:01 ; elapsed = 00:01:07 . Memory (MB): peak = 712.621 ; gain = 502.512

Report Cell Usage: 
+------+-----+------+
|      |Cell |Count |
+------+-----+------+
|1     |LUT1 |     2|
|2     |LUT2 |    12|
|3     |LUT3 |    44|
|4     |LUT4 |    53|
|5     |LUT5 |    54|
|6     |LUT6 |    62|
|7     |FDRE |   133|
+------+-----+------+
Finished Writing Synthesis Report : Time (s): cpu = 00:01:01 ; elapsed = 00:01:07 . Memory (MB): peak = 712.621 ; gain = 502.512
synth_design: Time (s): cpu = 00:00:55 ; elapsed = 00:00:59 . Memory (MB): peak = 712.621 ; gain = 443.016
