18:44:40 INFO  : Registering command handlers for SDK TCF services
18:44:41 INFO  : Launching XSCT server: xsct.bat -interactive F:\xproject\smartcar\smartcar.sdk\temp_xsdb_launch_script.tcl
18:44:47 INFO  : XSCT server has started successfully.
18:44:47 INFO  : Successfully done setting XSCT server connection channel  
18:44:47 INFO  : Successfully done setting SDK workspace  
18:44:47 INFO  : Processing command line option -hwspec F:/xproject/smartcar/smartcar.sdk/smartcar_wrapper.hdf.
18:50:04 INFO  : Connected to target on host '127.0.0.1' and port '3121'.
18:50:05 INFO  : 'targets -set -filter {jtag_cable_name =~ "Digilent Zed 210248658103" && level==0} -index 1' command is executed.
18:50:08 INFO  : FPGA configured successfully with bitstream "F:/xproject/smartcar/smartcar.sdk/smartcar_wrapper_hw_platform_0/smartcar_wrapper.bit"
18:50:20 INFO  : 'targets -set -filter {jtag_cable_name =~ "Digilent Zed 210248658103" && level==0} -index 1' command is executed.
18:50:20 INFO  : 'fpga -state' command is executed.
18:50:20 INFO  : Connected to target on host '127.0.0.1' and port '3121'.
18:50:20 INFO  : Jtag cable 'Digilent Zed 210248658103' is selected.
18:50:20 INFO  : 'jtag frequency' command is executed.
18:50:20 INFO  : Sourcing of 'F:/xproject/smartcar/smartcar.sdk/smartcar_wrapper_hw_platform_0/ps7_init.tcl' is done.
18:50:20 INFO  : Context for 'APU' is selected.
18:50:20 INFO  : Hardware design information is loaded from 'F:/xproject/smartcar/smartcar.sdk/smartcar_wrapper_hw_platform_0/system.hdf'.
18:50:21 INFO  : Context for 'APU' is selected.
18:50:21 INFO  : 'stop' command is executed.
18:50:25 INFO  : 'ps7_init' command is executed.
18:50:25 INFO  : 'ps7_post_config' command is executed.
18:50:25 INFO  : Context for processor 'ps7_cortexa9_0' is selected.
18:50:25 INFO  : Processor reset is completed for 'ps7_cortexa9_0'.
18:50:25 INFO  : Context for processor 'ps7_cortexa9_0' is selected.
18:50:26 INFO  : The application 'F:/xproject/smartcar/smartcar.sdk/bsp_test/Debug/bsp_test.elf' is downloaded to processor 'ps7_cortexa9_0'.
18:50:26 INFO  : ----------------XSDB Script----------------
connect -url tcp:127.0.0.1:3121
source F:/xproject/smartcar/smartcar.sdk/smartcar_wrapper_hw_platform_0/ps7_init.tcl
targets -set -nocase -filter {name =~"APU*" && jtag_cable_name =~ "Digilent Zed 210248658103"} -index 0
loadhw F:/xproject/smartcar/smartcar.sdk/smartcar_wrapper_hw_platform_0/system.hdf
targets -set -nocase -filter {name =~"APU*" && jtag_cable_name =~ "Digilent Zed 210248658103"} -index 0
stop
ps7_init
ps7_post_config
targets -set -nocase -filter {name =~ "ARM*#0" && jtag_cable_name =~ "Digilent Zed 210248658103"} -index 0
rst -processor
targets -set -nocase -filter {name =~ "ARM*#0" && jtag_cable_name =~ "Digilent Zed 210248658103"} -index 0
dow F:/xproject/smartcar/smartcar.sdk/bsp_test/Debug/bsp_test.elf
----------------End of Script----------------

18:50:26 INFO  : Memory regions updated for context APU
18:50:26 INFO  : Context for processor 'ps7_cortexa9_0' is selected.
18:50:26 INFO  : 'con' command is executed.
18:50:26 INFO  : ----------------XSDB Script (After Launch)----------------
targets -set -nocase -filter {name =~ "ARM*#0" && jtag_cable_name =~ "Digilent Zed 210248658103"} -index 0
con
----------------End of Script----------------

18:50:26 INFO  : Launch script is exported to file 'F:\xproject\smartcar\smartcar.sdk\.sdk\launch_scripts\xilinx_c-c++_application_(system_debugger)\system_debugger_using_debug_bsp_test.elf_on_local.tcl'
18:51:33 INFO  : Disconnected from the channel tcfchan#1.
18:51:34 INFO  : 'targets -set -filter {jtag_cable_name =~ "Digilent Zed 210248658103" && level==0} -index 1' command is executed.
18:51:34 INFO  : 'fpga -state' command is executed.
18:51:34 INFO  : Connected to target on host '127.0.0.1' and port '3121'.
18:51:35 INFO  : Jtag cable 'Digilent Zed 210248658103' is selected.
18:51:35 INFO  : 'jtag frequency' command is executed.
18:51:35 INFO  : Sourcing of 'F:/xproject/smartcar/smartcar.sdk/smartcar_wrapper_hw_platform_0/ps7_init.tcl' is done.
18:51:35 INFO  : Context for 'APU' is selected.
18:51:38 INFO  : Hardware design information is loaded from 'F:/xproject/smartcar/smartcar.sdk/smartcar_wrapper_hw_platform_0/system.hdf'.
18:51:38 INFO  : Context for 'APU' is selected.
18:51:38 INFO  : 'stop' command is executed.
18:51:42 INFO  : 'ps7_init' command is executed.
18:51:42 INFO  : 'ps7_post_config' command is executed.
18:51:42 INFO  : Context for processor 'ps7_cortexa9_0' is selected.
18:51:42 INFO  : Processor reset is completed for 'ps7_cortexa9_0'.
18:51:42 INFO  : Context for processor 'ps7_cortexa9_0' is selected.
18:51:43 INFO  : The application 'F:/xproject/smartcar/smartcar.sdk/bsp_test/Debug/bsp_test.elf' is downloaded to processor 'ps7_cortexa9_0'.
18:51:43 INFO  : ----------------XSDB Script----------------
connect -url tcp:127.0.0.1:3121
source F:/xproject/smartcar/smartcar.sdk/smartcar_wrapper_hw_platform_0/ps7_init.tcl
targets -set -nocase -filter {name =~"APU*" && jtag_cable_name =~ "Digilent Zed 210248658103"} -index 0
loadhw F:/xproject/smartcar/smartcar.sdk/smartcar_wrapper_hw_platform_0/system.hdf
targets -set -nocase -filter {name =~"APU*" && jtag_cable_name =~ "Digilent Zed 210248658103"} -index 0
stop
ps7_init
ps7_post_config
targets -set -nocase -filter {name =~ "ARM*#0" && jtag_cable_name =~ "Digilent Zed 210248658103"} -index 0
rst -processor
targets -set -nocase -filter {name =~ "ARM*#0" && jtag_cable_name =~ "Digilent Zed 210248658103"} -index 0
dow F:/xproject/smartcar/smartcar.sdk/bsp_test/Debug/bsp_test.elf
----------------End of Script----------------

18:51:43 INFO  : Memory regions updated for context APU
18:51:44 INFO  : Context for processor 'ps7_cortexa9_0' is selected.
18:51:44 INFO  : 'con' command is executed.
18:51:44 INFO  : ----------------XSDB Script (After Launch)----------------
targets -set -nocase -filter {name =~ "ARM*#0" && jtag_cable_name =~ "Digilent Zed 210248658103"} -index 0
con
----------------End of Script----------------

18:51:44 INFO  : Launch script is exported to file 'F:\xproject\smartcar\smartcar.sdk\.sdk\launch_scripts\xilinx_c-c++_application_(system_debugger)\system_debugger_using_debug_bsp_test.elf_on_local.tcl'
18:54:04 INFO  : Disconnected from the channel tcfchan#2.
18:54:05 INFO  : 'targets -set -filter {jtag_cable_name =~ "Digilent Zed 210248658103" && level==0} -index 1' command is executed.
18:54:05 INFO  : 'fpga -state' command is executed.
18:54:05 INFO  : Connected to target on host '127.0.0.1' and port '3121'.
18:54:06 INFO  : Jtag cable 'Digilent Zed 210248658103' is selected.
18:54:06 INFO  : 'jtag frequency' command is executed.
18:54:06 INFO  : Sourcing of 'F:/xproject/smartcar/smartcar.sdk/smartcar_wrapper_hw_platform_0/ps7_init.tcl' is done.
18:54:06 INFO  : Context for 'APU' is selected.
18:54:09 INFO  : Hardware design information is loaded from 'F:/xproject/smartcar/smartcar.sdk/smartcar_wrapper_hw_platform_0/system.hdf'.
18:54:09 INFO  : Context for 'APU' is selected.
18:54:09 INFO  : 'stop' command is executed.
18:54:12 INFO  : 'ps7_init' command is executed.
18:54:12 INFO  : 'ps7_post_config' command is executed.
18:54:12 INFO  : Context for processor 'ps7_cortexa9_0' is selected.
18:54:12 INFO  : Processor reset is completed for 'ps7_cortexa9_0'.
18:54:12 INFO  : Context for processor 'ps7_cortexa9_0' is selected.
18:54:12 INFO  : The application 'F:/xproject/smartcar/smartcar.sdk/bsp_test/Debug/bsp_test.elf' is downloaded to processor 'ps7_cortexa9_0'.
18:54:12 INFO  : ----------------XSDB Script----------------
connect -url tcp:127.0.0.1:3121
source F:/xproject/smartcar/smartcar.sdk/smartcar_wrapper_hw_platform_0/ps7_init.tcl
targets -set -nocase -filter {name =~"APU*" && jtag_cable_name =~ "Digilent Zed 210248658103"} -index 0
loadhw F:/xproject/smartcar/smartcar.sdk/smartcar_wrapper_hw_platform_0/system.hdf
targets -set -nocase -filter {name =~"APU*" && jtag_cable_name =~ "Digilent Zed 210248658103"} -index 0
stop
ps7_init
ps7_post_config
targets -set -nocase -filter {name =~ "ARM*#0" && jtag_cable_name =~ "Digilent Zed 210248658103"} -index 0
rst -processor
targets -set -nocase -filter {name =~ "ARM*#0" && jtag_cable_name =~ "Digilent Zed 210248658103"} -index 0
dow F:/xproject/smartcar/smartcar.sdk/bsp_test/Debug/bsp_test.elf
----------------End of Script----------------

18:54:12 INFO  : Memory regions updated for context APU
18:54:13 INFO  : Context for processor 'ps7_cortexa9_0' is selected.
18:54:13 INFO  : 'con' command is executed.
18:54:13 INFO  : ----------------XSDB Script (After Launch)----------------
targets -set -nocase -filter {name =~ "ARM*#0" && jtag_cable_name =~ "Digilent Zed 210248658103"} -index 0
con
----------------End of Script----------------

18:54:13 INFO  : Launch script is exported to file 'F:\xproject\smartcar\smartcar.sdk\.sdk\launch_scripts\xilinx_c-c++_application_(system_debugger)\system_debugger_using_debug_bsp_test.elf_on_local.tcl'
18:59:49 INFO  : Disconnected from the channel tcfchan#3.
18:59:51 INFO  : 'targets -set -filter {jtag_cable_name =~ "Digilent Zed 210248658103" && level==0} -index 1' command is executed.
18:59:51 INFO  : 'fpga -state' command is executed.
18:59:51 INFO  : Connected to target on host '127.0.0.1' and port '3121'.
18:59:52 INFO  : Jtag cable 'Digilent Zed 210248658103' is selected.
18:59:52 INFO  : 'jtag frequency' command is executed.
18:59:52 INFO  : Sourcing of 'F:/xproject/smartcar/smartcar.sdk/smartcar_wrapper_hw_platform_0/ps7_init.tcl' is done.
18:59:52 INFO  : Context for 'APU' is selected.
18:59:55 INFO  : Hardware design information is loaded from 'F:/xproject/smartcar/smartcar.sdk/smartcar_wrapper_hw_platform_0/system.hdf'.
18:59:55 INFO  : Context for 'APU' is selected.
18:59:55 INFO  : 'stop' command is executed.
19:00:00 INFO  : 'ps7_init' command is executed.
19:00:00 INFO  : 'ps7_post_config' command is executed.
19:00:00 INFO  : Context for processor 'ps7_cortexa9_0' is selected.
19:00:00 INFO  : Processor reset is completed for 'ps7_cortexa9_0'.
19:00:00 INFO  : Context for processor 'ps7_cortexa9_0' is selected.
19:00:01 INFO  : The application 'F:/xproject/smartcar/smartcar.sdk/bsp_test/Debug/bsp_test.elf' is downloaded to processor 'ps7_cortexa9_0'.
19:00:01 INFO  : ----------------XSDB Script----------------
connect -url tcp:127.0.0.1:3121
source F:/xproject/smartcar/smartcar.sdk/smartcar_wrapper_hw_platform_0/ps7_init.tcl
targets -set -nocase -filter {name =~"APU*" && jtag_cable_name =~ "Digilent Zed 210248658103"} -index 0
loadhw F:/xproject/smartcar/smartcar.sdk/smartcar_wrapper_hw_platform_0/system.hdf
targets -set -nocase -filter {name =~"APU*" && jtag_cable_name =~ "Digilent Zed 210248658103"} -index 0
stop
ps7_init
ps7_post_config
targets -set -nocase -filter {name =~ "ARM*#0" && jtag_cable_name =~ "Digilent Zed 210248658103"} -index 0
rst -processor
targets -set -nocase -filter {name =~ "ARM*#0" && jtag_cable_name =~ "Digilent Zed 210248658103"} -index 0
dow F:/xproject/smartcar/smartcar.sdk/bsp_test/Debug/bsp_test.elf
----------------End of Script----------------

19:00:01 INFO  : Memory regions updated for context APU
19:00:01 INFO  : Context for processor 'ps7_cortexa9_0' is selected.
19:00:02 INFO  : 'con' command is executed.
19:00:02 INFO  : ----------------XSDB Script (After Launch)----------------
targets -set -nocase -filter {name =~ "ARM*#0" && jtag_cable_name =~ "Digilent Zed 210248658103"} -index 0
con
----------------End of Script----------------

19:00:02 INFO  : Launch script is exported to file 'F:\xproject\smartcar\smartcar.sdk\.sdk\launch_scripts\xilinx_c-c++_application_(system_debugger)\system_debugger_using_debug_bsp_test.elf_on_local.tcl'
19:05:30 INFO  : Disconnected from the channel tcfchan#4.
19:05:32 INFO  : 'targets -set -filter {jtag_cable_name =~ "Digilent Zed 210248658103" && level==0} -index 1' command is executed.
19:05:32 INFO  : 'fpga -state' command is executed.
19:05:32 INFO  : Connected to target on host '127.0.0.1' and port '3121'.
19:05:33 INFO  : Jtag cable 'Digilent Zed 210248658103' is selected.
19:05:33 INFO  : 'jtag frequency' command is executed.
19:05:33 INFO  : Sourcing of 'F:/xproject/smartcar/smartcar.sdk/smartcar_wrapper_hw_platform_0/ps7_init.tcl' is done.
19:05:33 INFO  : Context for 'APU' is selected.
19:05:36 INFO  : Hardware design information is loaded from 'F:/xproject/smartcar/smartcar.sdk/smartcar_wrapper_hw_platform_0/system.hdf'.
19:05:37 INFO  : Context for 'APU' is selected.
19:05:37 INFO  : 'stop' command is executed.
19:05:40 INFO  : 'ps7_init' command is executed.
19:05:40 INFO  : 'ps7_post_config' command is executed.
19:05:40 INFO  : Context for processor 'ps7_cortexa9_0' is selected.
19:05:40 INFO  : Processor reset is completed for 'ps7_cortexa9_0'.
19:05:40 INFO  : Context for processor 'ps7_cortexa9_0' is selected.
19:05:40 INFO  : The application 'F:/xproject/smartcar/smartcar.sdk/bsp_test/Debug/bsp_test.elf' is downloaded to processor 'ps7_cortexa9_0'.
19:05:40 INFO  : ----------------XSDB Script----------------
connect -url tcp:127.0.0.1:3121
source F:/xproject/smartcar/smartcar.sdk/smartcar_wrapper_hw_platform_0/ps7_init.tcl
targets -set -nocase -filter {name =~"APU*" && jtag_cable_name =~ "Digilent Zed 210248658103"} -index 0
loadhw F:/xproject/smartcar/smartcar.sdk/smartcar_wrapper_hw_platform_0/system.hdf
targets -set -nocase -filter {name =~"APU*" && jtag_cable_name =~ "Digilent Zed 210248658103"} -index 0
stop
ps7_init
ps7_post_config
targets -set -nocase -filter {name =~ "ARM*#0" && jtag_cable_name =~ "Digilent Zed 210248658103"} -index 0
rst -processor
targets -set -nocase -filter {name =~ "ARM*#0" && jtag_cable_name =~ "Digilent Zed 210248658103"} -index 0
dow F:/xproject/smartcar/smartcar.sdk/bsp_test/Debug/bsp_test.elf
----------------End of Script----------------

19:05:41 INFO  : Memory regions updated for context APU
19:05:41 INFO  : Context for processor 'ps7_cortexa9_0' is selected.
19:05:41 INFO  : 'con' command is executed.
19:05:41 INFO  : ----------------XSDB Script (After Launch)----------------
targets -set -nocase -filter {name =~ "ARM*#0" && jtag_cable_name =~ "Digilent Zed 210248658103"} -index 0
con
----------------End of Script----------------

19:05:41 INFO  : Launch script is exported to file 'F:\xproject\smartcar\smartcar.sdk\.sdk\launch_scripts\xilinx_c-c++_application_(system_debugger)\system_debugger_using_debug_bsp_test.elf_on_local.tcl'
19:07:09 INFO  : Disconnected from the channel tcfchan#5.
19:07:10 INFO  : 'targets -set -filter {jtag_cable_name =~ "Digilent Zed 210248658103" && level==0} -index 1' command is executed.
19:07:10 INFO  : 'fpga -state' command is executed.
19:07:10 INFO  : Connected to target on host '127.0.0.1' and port '3121'.
19:07:11 INFO  : Jtag cable 'Digilent Zed 210248658103' is selected.
19:07:11 INFO  : 'jtag frequency' command is executed.
19:07:11 INFO  : Sourcing of 'F:/xproject/smartcar/smartcar.sdk/smartcar_wrapper_hw_platform_0/ps7_init.tcl' is done.
19:07:11 INFO  : Context for 'APU' is selected.
19:07:14 INFO  : Hardware design information is loaded from 'F:/xproject/smartcar/smartcar.sdk/smartcar_wrapper_hw_platform_0/system.hdf'.
19:07:14 INFO  : Context for 'APU' is selected.
19:07:14 INFO  : 'stop' command is executed.
19:07:18 INFO  : 'ps7_init' command is executed.
19:07:18 INFO  : 'ps7_post_config' command is executed.
19:07:18 INFO  : Context for processor 'ps7_cortexa9_0' is selected.
19:07:18 INFO  : Processor reset is completed for 'ps7_cortexa9_0'.
19:07:18 INFO  : Context for processor 'ps7_cortexa9_0' is selected.
19:07:18 INFO  : The application 'F:/xproject/smartcar/smartcar.sdk/bsp_test/Debug/bsp_test.elf' is downloaded to processor 'ps7_cortexa9_0'.
19:07:18 INFO  : ----------------XSDB Script----------------
connect -url tcp:127.0.0.1:3121
source F:/xproject/smartcar/smartcar.sdk/smartcar_wrapper_hw_platform_0/ps7_init.tcl
targets -set -nocase -filter {name =~"APU*" && jtag_cable_name =~ "Digilent Zed 210248658103"} -index 0
loadhw F:/xproject/smartcar/smartcar.sdk/smartcar_wrapper_hw_platform_0/system.hdf
targets -set -nocase -filter {name =~"APU*" && jtag_cable_name =~ "Digilent Zed 210248658103"} -index 0
stop
ps7_init
ps7_post_config
targets -set -nocase -filter {name =~ "ARM*#0" && jtag_cable_name =~ "Digilent Zed 210248658103"} -index 0
rst -processor
targets -set -nocase -filter {name =~ "ARM*#0" && jtag_cable_name =~ "Digilent Zed 210248658103"} -index 0
dow F:/xproject/smartcar/smartcar.sdk/bsp_test/Debug/bsp_test.elf
----------------End of Script----------------

19:07:18 INFO  : Memory regions updated for context APU
19:07:19 INFO  : Context for processor 'ps7_cortexa9_0' is selected.
19:07:19 INFO  : 'con' command is executed.
19:07:19 INFO  : ----------------XSDB Script (After Launch)----------------
targets -set -nocase -filter {name =~ "ARM*#0" && jtag_cable_name =~ "Digilent Zed 210248658103"} -index 0
con
----------------End of Script----------------

19:07:19 INFO  : Launch script is exported to file 'F:\xproject\smartcar\smartcar.sdk\.sdk\launch_scripts\xilinx_c-c++_application_(system_debugger)\system_debugger_using_debug_bsp_test.elf_on_local.tcl'
19:08:13 INFO  : Disconnected from the channel tcfchan#6.
19:08:15 INFO  : 'targets -set -filter {jtag_cable_name =~ "Digilent Zed 210248658103" && level==0} -index 1' command is executed.
19:08:15 INFO  : 'fpga -state' command is executed.
19:08:15 INFO  : Connected to target on host '127.0.0.1' and port '3121'.
19:08:15 INFO  : Jtag cable 'Digilent Zed 210248658103' is selected.
19:08:15 INFO  : 'jtag frequency' command is executed.
19:08:15 INFO  : Sourcing of 'F:/xproject/smartcar/smartcar.sdk/smartcar_wrapper_hw_platform_0/ps7_init.tcl' is done.
19:08:15 INFO  : Context for 'APU' is selected.
19:08:18 INFO  : Hardware design information is loaded from 'F:/xproject/smartcar/smartcar.sdk/smartcar_wrapper_hw_platform_0/system.hdf'.
19:08:19 INFO  : Context for 'APU' is selected.
19:08:19 INFO  : 'stop' command is executed.
19:08:23 INFO  : 'ps7_init' command is executed.
19:08:23 INFO  : 'ps7_post_config' command is executed.
19:08:23 INFO  : Context for processor 'ps7_cortexa9_0' is selected.
19:08:23 INFO  : Processor reset is completed for 'ps7_cortexa9_0'.
19:08:23 INFO  : Context for processor 'ps7_cortexa9_0' is selected.
19:08:24 INFO  : The application 'F:/xproject/smartcar/smartcar.sdk/bsp_test/Debug/bsp_test.elf' is downloaded to processor 'ps7_cortexa9_0'.
19:08:24 INFO  : ----------------XSDB Script----------------
connect -url tcp:127.0.0.1:3121
source F:/xproject/smartcar/smartcar.sdk/smartcar_wrapper_hw_platform_0/ps7_init.tcl
targets -set -nocase -filter {name =~"APU*" && jtag_cable_name =~ "Digilent Zed 210248658103"} -index 0
loadhw F:/xproject/smartcar/smartcar.sdk/smartcar_wrapper_hw_platform_0/system.hdf
targets -set -nocase -filter {name =~"APU*" && jtag_cable_name =~ "Digilent Zed 210248658103"} -index 0
stop
ps7_init
ps7_post_config
targets -set -nocase -filter {name =~ "ARM*#0" && jtag_cable_name =~ "Digilent Zed 210248658103"} -index 0
rst -processor
targets -set -nocase -filter {name =~ "ARM*#0" && jtag_cable_name =~ "Digilent Zed 210248658103"} -index 0
dow F:/xproject/smartcar/smartcar.sdk/bsp_test/Debug/bsp_test.elf
----------------End of Script----------------

19:08:24 INFO  : Memory regions updated for context APU
19:08:24 INFO  : Context for processor 'ps7_cortexa9_0' is selected.
19:08:24 INFO  : 'con' command is executed.
19:08:24 INFO  : ----------------XSDB Script (After Launch)----------------
targets -set -nocase -filter {name =~ "ARM*#0" && jtag_cable_name =~ "Digilent Zed 210248658103"} -index 0
con
----------------End of Script----------------

19:08:24 INFO  : Launch script is exported to file 'F:\xproject\smartcar\smartcar.sdk\.sdk\launch_scripts\xilinx_c-c++_application_(system_debugger)\system_debugger_using_debug_bsp_test.elf_on_local.tcl'
19:10:03 INFO  : Disconnected from the channel tcfchan#7.
19:10:04 INFO  : 'targets -set -filter {jtag_cable_name =~ "Digilent Zed 210248658103" && level==0} -index 1' command is executed.
19:10:04 INFO  : 'fpga -state' command is executed.
19:10:04 INFO  : Connected to target on host '127.0.0.1' and port '3121'.
19:10:04 INFO  : Jtag cable 'Digilent Zed 210248658103' is selected.
19:10:04 INFO  : 'jtag frequency' command is executed.
19:10:04 INFO  : Sourcing of 'F:/xproject/smartcar/smartcar.sdk/smartcar_wrapper_hw_platform_0/ps7_init.tcl' is done.
19:10:04 INFO  : Context for 'APU' is selected.
19:10:08 INFO  : Hardware design information is loaded from 'F:/xproject/smartcar/smartcar.sdk/smartcar_wrapper_hw_platform_0/system.hdf'.
19:10:08 INFO  : Context for 'APU' is selected.
19:10:08 INFO  : 'stop' command is executed.
19:10:13 INFO  : 'ps7_init' command is executed.
19:10:13 INFO  : 'ps7_post_config' command is executed.
19:10:13 INFO  : Context for processor 'ps7_cortexa9_0' is selected.
19:10:13 INFO  : Processor reset is completed for 'ps7_cortexa9_0'.
19:10:13 INFO  : Context for processor 'ps7_cortexa9_0' is selected.
19:10:15 INFO  : The application 'F:/xproject/smartcar/smartcar.sdk/bsp_test/Debug/bsp_test.elf' is downloaded to processor 'ps7_cortexa9_0'.
19:10:15 INFO  : ----------------XSDB Script----------------
connect -url tcp:127.0.0.1:3121
source F:/xproject/smartcar/smartcar.sdk/smartcar_wrapper_hw_platform_0/ps7_init.tcl
targets -set -nocase -filter {name =~"APU*" && jtag_cable_name =~ "Digilent Zed 210248658103"} -index 0
loadhw F:/xproject/smartcar/smartcar.sdk/smartcar_wrapper_hw_platform_0/system.hdf
targets -set -nocase -filter {name =~"APU*" && jtag_cable_name =~ "Digilent Zed 210248658103"} -index 0
stop
ps7_init
ps7_post_config
targets -set -nocase -filter {name =~ "ARM*#0" && jtag_cable_name =~ "Digilent Zed 210248658103"} -index 0
rst -processor
targets -set -nocase -filter {name =~ "ARM*#0" && jtag_cable_name =~ "Digilent Zed 210248658103"} -index 0
dow F:/xproject/smartcar/smartcar.sdk/bsp_test/Debug/bsp_test.elf
----------------End of Script----------------

19:10:15 INFO  : Memory regions updated for context APU
19:10:15 INFO  : Context for processor 'ps7_cortexa9_0' is selected.
19:10:15 INFO  : 'con' command is executed.
19:10:15 INFO  : ----------------XSDB Script (After Launch)----------------
targets -set -nocase -filter {name =~ "ARM*#0" && jtag_cable_name =~ "Digilent Zed 210248658103"} -index 0
con
----------------End of Script----------------

19:10:15 INFO  : Launch script is exported to file 'F:\xproject\smartcar\smartcar.sdk\.sdk\launch_scripts\xilinx_c-c++_application_(system_debugger)\system_debugger_using_debug_bsp_test.elf_on_local.tcl'
19:12:03 INFO  : Disconnected from the channel tcfchan#8.
20:00:06 INFO  : SDK has detected change in the last modified timestamps for source hardware specification file Source:1491307071526,  Project:1491302485223
20:00:06 INFO  : Project smartcar_wrapper_hw_platform_0's source hardware specification located at F:/xproject/smartcar/smartcar.sdk/smartcar_wrapper.hdf is now different from the local copy.
		 The local copy will be replaced with the source specification and your workspace will be updated.
20:00:10 INFO  : Copied contents of F:/xproject/smartcar/smartcar.sdk/smartcar_wrapper.hdf into \smartcar_wrapper_hw_platform_0\system.hdf.
20:00:17 INFO  : Synchronizing projects in the workspace with the hardware platform specification changes.
20:00:21 INFO  : 
20:00:21 INFO  : Updating hardware inferred compiler options for bsp_test.
20:00:21 INFO  : Clearing existing target manager status.
20:00:24 INFO  : Closing and re-opening the MSS file of ther project bsp_test_bsp
20:00:25 INFO  : Closing and re-opening the MSS file of ther project bsp_test_bsp
20:00:25 INFO  : Workspace synchronized with the new hardware specification file. Cleaning dependent projects...
20:00:27 WARN  : Linker script will not be updated automatically. Users need to update it manually.
20:13:21 INFO  : Connected to target on host '127.0.0.1' and port '3121'.
20:13:25 INFO  : 'targets -set -filter {jtag_cable_name =~ "Digilent Zed 210248658103" && level==0} -index 1' command is executed.
20:13:27 INFO  : FPGA configured successfully with bitstream "F:/xproject/smartcar/smartcar.sdk/smartcar_wrapper_hw_platform_0/smartcar_wrapper.bit"
20:13:39 INFO  : 'targets -set -filter {jtag_cable_name =~ "Digilent Zed 210248658103" && level==0} -index 1' command is executed.
20:13:39 INFO  : 'fpga -state' command is executed.
20:13:39 INFO  : Connected to target on host '127.0.0.1' and port '3121'.
20:13:39 INFO  : Jtag cable 'Digilent Zed 210248658103' is selected.
20:13:39 INFO  : 'jtag frequency' command is executed.
20:13:39 INFO  : Sourcing of 'F:/xproject/smartcar/smartcar.sdk/smartcar_wrapper_hw_platform_0/ps7_init.tcl' is done.
20:13:39 INFO  : Context for 'APU' is selected.
20:13:39 INFO  : Hardware design information is loaded from 'F:/xproject/smartcar/smartcar.sdk/smartcar_wrapper_hw_platform_0/system.hdf'.
20:13:39 INFO  : Context for 'APU' is selected.
20:13:40 INFO  : 'stop' command is executed.
20:13:44 INFO  : 'ps7_init' command is executed.
20:13:45 INFO  : 'ps7_post_config' command is executed.
20:13:45 INFO  : Context for processor 'ps7_cortexa9_0' is selected.
20:13:45 INFO  : Processor reset is completed for 'ps7_cortexa9_0'.
20:13:45 INFO  : Context for processor 'ps7_cortexa9_0' is selected.
20:13:46 INFO  : The application 'F:/xproject/smartcar/smartcar.sdk/bsp_test/Debug/bsp_test.elf' is downloaded to processor 'ps7_cortexa9_0'.
20:13:46 INFO  : ----------------XSDB Script----------------
connect -url tcp:127.0.0.1:3121
source F:/xproject/smartcar/smartcar.sdk/smartcar_wrapper_hw_platform_0/ps7_init.tcl
targets -set -nocase -filter {name =~"APU*" && jtag_cable_name =~ "Digilent Zed 210248658103"} -index 0
loadhw F:/xproject/smartcar/smartcar.sdk/smartcar_wrapper_hw_platform_0/system.hdf
targets -set -nocase -filter {name =~"APU*" && jtag_cable_name =~ "Digilent Zed 210248658103"} -index 0
stop
ps7_init
ps7_post_config
targets -set -nocase -filter {name =~ "ARM*#0" && jtag_cable_name =~ "Digilent Zed 210248658103"} -index 0
rst -processor
targets -set -nocase -filter {name =~ "ARM*#0" && jtag_cable_name =~ "Digilent Zed 210248658103"} -index 0
dow F:/xproject/smartcar/smartcar.sdk/bsp_test/Debug/bsp_test.elf
----------------End of Script----------------

20:13:46 INFO  : Memory regions updated for context APU
20:13:46 INFO  : Context for processor 'ps7_cortexa9_0' is selected.
20:13:47 INFO  : 'con' command is executed.
20:13:47 INFO  : ----------------XSDB Script (After Launch)----------------
targets -set -nocase -filter {name =~ "ARM*#0" && jtag_cable_name =~ "Digilent Zed 210248658103"} -index 0
con
----------------End of Script----------------

20:13:47 INFO  : Launch script is exported to file 'F:\xproject\smartcar\smartcar.sdk\.sdk\launch_scripts\xilinx_c-c++_application_(system_debugger)\system_debugger_using_debug_bsp_test.elf_on_local.tcl'
20:16:20 INFO  : Disconnected from the channel tcfchan#9.
20:16:22 INFO  : 'targets -set -filter {jtag_cable_name =~ "Digilent Zed 210248658103" && level==0} -index 1' command is executed.
20:16:22 INFO  : 'fpga -state' command is executed.
20:16:22 INFO  : Connected to target on host '127.0.0.1' and port '3121'.
20:16:22 INFO  : Jtag cable 'Digilent Zed 210248658103' is selected.
20:16:22 INFO  : 'jtag frequency' command is executed.
20:16:22 INFO  : Sourcing of 'F:/xproject/smartcar/smartcar.sdk/smartcar_wrapper_hw_platform_0/ps7_init.tcl' is done.
20:16:22 INFO  : Context for 'APU' is selected.
20:16:25 INFO  : Hardware design information is loaded from 'F:/xproject/smartcar/smartcar.sdk/smartcar_wrapper_hw_platform_0/system.hdf'.
20:16:25 INFO  : Context for 'APU' is selected.
20:16:25 INFO  : 'stop' command is executed.
20:16:30 INFO  : 'ps7_init' command is executed.
20:16:30 INFO  : 'ps7_post_config' command is executed.
20:16:30 INFO  : Context for processor 'ps7_cortexa9_0' is selected.
20:16:30 INFO  : Processor reset is completed for 'ps7_cortexa9_0'.
20:16:30 INFO  : Context for processor 'ps7_cortexa9_0' is selected.
20:16:30 INFO  : The application 'F:/xproject/smartcar/smartcar.sdk/bsp_test/Debug/bsp_test.elf' is downloaded to processor 'ps7_cortexa9_0'.
20:16:30 INFO  : ----------------XSDB Script----------------
connect -url tcp:127.0.0.1:3121
source F:/xproject/smartcar/smartcar.sdk/smartcar_wrapper_hw_platform_0/ps7_init.tcl
targets -set -nocase -filter {name =~"APU*" && jtag_cable_name =~ "Digilent Zed 210248658103"} -index 0
loadhw F:/xproject/smartcar/smartcar.sdk/smartcar_wrapper_hw_platform_0/system.hdf
targets -set -nocase -filter {name =~"APU*" && jtag_cable_name =~ "Digilent Zed 210248658103"} -index 0
stop
ps7_init
ps7_post_config
targets -set -nocase -filter {name =~ "ARM*#0" && jtag_cable_name =~ "Digilent Zed 210248658103"} -index 0
rst -processor
targets -set -nocase -filter {name =~ "ARM*#0" && jtag_cable_name =~ "Digilent Zed 210248658103"} -index 0
dow F:/xproject/smartcar/smartcar.sdk/bsp_test/Debug/bsp_test.elf
----------------End of Script----------------

20:16:31 INFO  : Memory regions updated for context APU
20:16:31 INFO  : Context for processor 'ps7_cortexa9_0' is selected.
20:16:31 INFO  : 'con' command is executed.
20:16:31 INFO  : ----------------XSDB Script (After Launch)----------------
targets -set -nocase -filter {name =~ "ARM*#0" && jtag_cable_name =~ "Digilent Zed 210248658103"} -index 0
con
----------------End of Script----------------

20:16:31 INFO  : Launch script is exported to file 'F:\xproject\smartcar\smartcar.sdk\.sdk\launch_scripts\xilinx_c-c++_application_(system_debugger)\system_debugger_using_debug_bsp_test.elf_on_local.tcl'
20:20:33 INFO  : Disconnected from the channel tcfchan#10.
20:20:35 INFO  : 'targets -set -filter {jtag_cable_name =~ "Digilent Zed 210248658103" && level==0} -index 1' command is executed.
20:20:35 INFO  : 'fpga -state' command is executed.
20:20:35 INFO  : Connected to target on host '127.0.0.1' and port '3121'.
20:20:35 INFO  : Jtag cable 'Digilent Zed 210248658103' is selected.
20:20:35 INFO  : 'jtag frequency' command is executed.
20:20:35 INFO  : Sourcing of 'F:/xproject/smartcar/smartcar.sdk/smartcar_wrapper_hw_platform_0/ps7_init.tcl' is done.
20:20:35 INFO  : Context for 'APU' is selected.
20:20:35 INFO  : Hardware design information is loaded from 'F:/xproject/smartcar/smartcar.sdk/smartcar_wrapper_hw_platform_0/system.hdf'.
20:20:35 INFO  : Context for 'APU' is selected.
20:20:35 INFO  : 'stop' command is executed.
20:20:38 INFO  : 'ps7_init' command is executed.
20:20:39 INFO  : 'ps7_post_config' command is executed.
20:20:39 INFO  : Context for processor 'ps7_cortexa9_0' is selected.
20:20:39 INFO  : Processor reset is completed for 'ps7_cortexa9_0'.
20:20:39 INFO  : Context for processor 'ps7_cortexa9_0' is selected.
20:20:39 INFO  : The application 'F:/xproject/smartcar/smartcar.sdk/bsp_test/Debug/bsp_test.elf' is downloaded to processor 'ps7_cortexa9_0'.
20:20:39 INFO  : ----------------XSDB Script----------------
connect -url tcp:127.0.0.1:3121
source F:/xproject/smartcar/smartcar.sdk/smartcar_wrapper_hw_platform_0/ps7_init.tcl
targets -set -nocase -filter {name =~"APU*" && jtag_cable_name =~ "Digilent Zed 210248658103"} -index 0
loadhw F:/xproject/smartcar/smartcar.sdk/smartcar_wrapper_hw_platform_0/system.hdf
targets -set -nocase -filter {name =~"APU*" && jtag_cable_name =~ "Digilent Zed 210248658103"} -index 0
stop
ps7_init
ps7_post_config
targets -set -nocase -filter {name =~ "ARM*#0" && jtag_cable_name =~ "Digilent Zed 210248658103"} -index 0
rst -processor
targets -set -nocase -filter {name =~ "ARM*#0" && jtag_cable_name =~ "Digilent Zed 210248658103"} -index 0
dow F:/xproject/smartcar/smartcar.sdk/bsp_test/Debug/bsp_test.elf
----------------End of Script----------------

20:20:39 INFO  : Memory regions updated for context APU
20:20:39 INFO  : Context for processor 'ps7_cortexa9_0' is selected.
20:20:40 INFO  : 'con' command is executed.
20:20:40 INFO  : ----------------XSDB Script (After Launch)----------------
targets -set -nocase -filter {name =~ "ARM*#0" && jtag_cable_name =~ "Digilent Zed 210248658103"} -index 0
con
----------------End of Script----------------

20:20:40 INFO  : Launch script is exported to file 'F:\xproject\smartcar\smartcar.sdk\.sdk\launch_scripts\xilinx_c-c++_application_(system_debugger)\system_debugger_using_debug_bsp_test.elf_on_local.tcl'
20:29:18 INFO  : Disconnected from the channel tcfchan#11.
20:29:19 INFO  : 'targets -set -filter {jtag_cable_name =~ "Digilent Zed 210248658103" && level==0} -index 1' command is executed.
20:29:19 INFO  : 'fpga -state' command is executed.
20:29:19 INFO  : Connected to target on host '127.0.0.1' and port '3121'.
20:29:20 INFO  : Jtag cable 'Digilent Zed 210248658103' is selected.
20:29:20 INFO  : 'jtag frequency' command is executed.
20:29:20 INFO  : Sourcing of 'F:/xproject/smartcar/smartcar.sdk/smartcar_wrapper_hw_platform_0/ps7_init.tcl' is done.
20:29:20 INFO  : Context for 'APU' is selected.
20:29:20 INFO  : Hardware design information is loaded from 'F:/xproject/smartcar/smartcar.sdk/smartcar_wrapper_hw_platform_0/system.hdf'.
20:29:20 INFO  : Context for 'APU' is selected.
20:29:20 INFO  : 'stop' command is executed.
20:29:24 INFO  : 'ps7_init' command is executed.
20:29:24 INFO  : 'ps7_post_config' command is executed.
20:29:24 INFO  : Context for processor 'ps7_cortexa9_0' is selected.
20:29:24 INFO  : Processor reset is completed for 'ps7_cortexa9_0'.
20:29:24 INFO  : Context for processor 'ps7_cortexa9_0' is selected.
20:29:25 INFO  : The application 'F:/xproject/smartcar/smartcar.sdk/bsp_test/Debug/bsp_test.elf' is downloaded to processor 'ps7_cortexa9_0'.
20:29:25 INFO  : ----------------XSDB Script----------------
connect -url tcp:127.0.0.1:3121
source F:/xproject/smartcar/smartcar.sdk/smartcar_wrapper_hw_platform_0/ps7_init.tcl
targets -set -nocase -filter {name =~"APU*" && jtag_cable_name =~ "Digilent Zed 210248658103"} -index 0
loadhw F:/xproject/smartcar/smartcar.sdk/smartcar_wrapper_hw_platform_0/system.hdf
targets -set -nocase -filter {name =~"APU*" && jtag_cable_name =~ "Digilent Zed 210248658103"} -index 0
stop
ps7_init
ps7_post_config
targets -set -nocase -filter {name =~ "ARM*#0" && jtag_cable_name =~ "Digilent Zed 210248658103"} -index 0
rst -processor
targets -set -nocase -filter {name =~ "ARM*#0" && jtag_cable_name =~ "Digilent Zed 210248658103"} -index 0
dow F:/xproject/smartcar/smartcar.sdk/bsp_test/Debug/bsp_test.elf
----------------End of Script----------------

20:29:25 INFO  : Memory regions updated for context APU
20:29:26 INFO  : Context for processor 'ps7_cortexa9_0' is selected.
20:29:26 INFO  : 'con' command is executed.
20:29:26 INFO  : ----------------XSDB Script (After Launch)----------------
targets -set -nocase -filter {name =~ "ARM*#0" && jtag_cable_name =~ "Digilent Zed 210248658103"} -index 0
con
----------------End of Script----------------

20:29:26 INFO  : Launch script is exported to file 'F:\xproject\smartcar\smartcar.sdk\.sdk\launch_scripts\xilinx_c-c++_application_(system_debugger)\system_debugger_using_debug_bsp_test.elf_on_local.tcl'
20:30:05 INFO  : Connected to target on host '127.0.0.1' and port '3121'.
20:30:05 INFO  : 'targets -set -filter {jtag_cable_name =~ "Digilent Zed 210248658103" && level==0} -index 1' command is executed.
20:30:08 INFO  : FPGA configured successfully with bitstream "F:/xproject/smartcar/smartcar.sdk/smartcar_wrapper_hw_platform_0/smartcar_wrapper.bit"
20:30:28 INFO  : Disconnected from the channel tcfchan#12.
20:30:29 INFO  : 'targets -set -filter {jtag_cable_name =~ "Digilent Zed 210248658103" && level==0} -index 1' command is executed.
20:30:29 INFO  : 'fpga -state' command is executed.
20:30:29 INFO  : Connected to target on host '127.0.0.1' and port '3121'.
20:30:29 INFO  : Jtag cable 'Digilent Zed 210248658103' is selected.
20:30:29 INFO  : 'jtag frequency' command is executed.
20:30:29 INFO  : Sourcing of 'F:/xproject/smartcar/smartcar.sdk/smartcar_wrapper_hw_platform_0/ps7_init.tcl' is done.
20:30:29 INFO  : Context for 'APU' is selected.
20:30:29 INFO  : Hardware design information is loaded from 'F:/xproject/smartcar/smartcar.sdk/smartcar_wrapper_hw_platform_0/system.hdf'.
20:30:29 INFO  : Context for 'APU' is selected.
20:30:29 INFO  : 'stop' command is executed.
20:30:34 INFO  : 'ps7_init' command is executed.
20:30:35 INFO  : 'ps7_post_config' command is executed.
20:30:35 INFO  : Context for processor 'ps7_cortexa9_0' is selected.
20:30:35 INFO  : Processor reset is completed for 'ps7_cortexa9_0'.
20:30:35 INFO  : Context for processor 'ps7_cortexa9_0' is selected.
20:30:35 INFO  : The application 'F:/xproject/smartcar/smartcar.sdk/bsp_test/Debug/bsp_test.elf' is downloaded to processor 'ps7_cortexa9_0'.
20:30:35 INFO  : ----------------XSDB Script----------------
connect -url tcp:127.0.0.1:3121
source F:/xproject/smartcar/smartcar.sdk/smartcar_wrapper_hw_platform_0/ps7_init.tcl
targets -set -nocase -filter {name =~"APU*" && jtag_cable_name =~ "Digilent Zed 210248658103"} -index 0
loadhw F:/xproject/smartcar/smartcar.sdk/smartcar_wrapper_hw_platform_0/system.hdf
targets -set -nocase -filter {name =~"APU*" && jtag_cable_name =~ "Digilent Zed 210248658103"} -index 0
stop
ps7_init
ps7_post_config
targets -set -nocase -filter {name =~ "ARM*#0" && jtag_cable_name =~ "Digilent Zed 210248658103"} -index 0
rst -processor
targets -set -nocase -filter {name =~ "ARM*#0" && jtag_cable_name =~ "Digilent Zed 210248658103"} -index 0
dow F:/xproject/smartcar/smartcar.sdk/bsp_test/Debug/bsp_test.elf
----------------End of Script----------------

20:30:36 INFO  : Memory regions updated for context APU
20:30:36 INFO  : Context for processor 'ps7_cortexa9_0' is selected.
20:30:36 INFO  : 'con' command is executed.
20:30:36 INFO  : ----------------XSDB Script (After Launch)----------------
targets -set -nocase -filter {name =~ "ARM*#0" && jtag_cable_name =~ "Digilent Zed 210248658103"} -index 0
con
----------------End of Script----------------

20:30:36 INFO  : Launch script is exported to file 'F:\xproject\smartcar\smartcar.sdk\.sdk\launch_scripts\xilinx_c-c++_application_(system_debugger)\system_debugger_using_debug_bsp_test.elf_on_local.tcl'
20:31:47 INFO  : Disconnected from the channel tcfchan#13.
20:31:48 INFO  : 'targets -set -filter {jtag_cable_name =~ "Digilent Zed 210248658103" && level==0} -index 1' command is executed.
20:31:48 INFO  : 'fpga -state' command is executed.
20:31:48 INFO  : Connected to target on host '127.0.0.1' and port '3121'.
20:31:48 INFO  : Jtag cable 'Digilent Zed 210248658103' is selected.
20:31:48 INFO  : 'jtag frequency' command is executed.
20:31:48 INFO  : Sourcing of 'F:/xproject/smartcar/smartcar.sdk/smartcar_wrapper_hw_platform_0/ps7_init.tcl' is done.
20:31:49 INFO  : Context for 'APU' is selected.
20:31:49 INFO  : Hardware design information is loaded from 'F:/xproject/smartcar/smartcar.sdk/smartcar_wrapper_hw_platform_0/system.hdf'.
20:31:49 INFO  : Context for 'APU' is selected.
20:31:49 INFO  : 'stop' command is executed.
20:31:53 INFO  : 'ps7_init' command is executed.
20:31:53 INFO  : 'ps7_post_config' command is executed.
20:31:53 INFO  : Context for processor 'ps7_cortexa9_0' is selected.
20:31:53 INFO  : Processor reset is completed for 'ps7_cortexa9_0'.
20:31:54 INFO  : Context for processor 'ps7_cortexa9_0' is selected.
20:31:54 INFO  : The application 'F:/xproject/smartcar/smartcar.sdk/bsp_test/Debug/bsp_test.elf' is downloaded to processor 'ps7_cortexa9_0'.
20:31:54 INFO  : ----------------XSDB Script----------------
connect -url tcp:127.0.0.1:3121
source F:/xproject/smartcar/smartcar.sdk/smartcar_wrapper_hw_platform_0/ps7_init.tcl
targets -set -nocase -filter {name =~"APU*" && jtag_cable_name =~ "Digilent Zed 210248658103"} -index 0
loadhw F:/xproject/smartcar/smartcar.sdk/smartcar_wrapper_hw_platform_0/system.hdf
targets -set -nocase -filter {name =~"APU*" && jtag_cable_name =~ "Digilent Zed 210248658103"} -index 0
stop
ps7_init
ps7_post_config
targets -set -nocase -filter {name =~ "ARM*#0" && jtag_cable_name =~ "Digilent Zed 210248658103"} -index 0
rst -processor
targets -set -nocase -filter {name =~ "ARM*#0" && jtag_cable_name =~ "Digilent Zed 210248658103"} -index 0
dow F:/xproject/smartcar/smartcar.sdk/bsp_test/Debug/bsp_test.elf
----------------End of Script----------------

20:31:54 INFO  : Memory regions updated for context APU
20:31:56 INFO  : Context for processor 'ps7_cortexa9_0' is selected.
20:31:56 INFO  : 'con' command is executed.
20:31:56 INFO  : ----------------XSDB Script (After Launch)----------------
targets -set -nocase -filter {name =~ "ARM*#0" && jtag_cable_name =~ "Digilent Zed 210248658103"} -index 0
con
----------------End of Script----------------

20:31:56 INFO  : Launch script is exported to file 'F:\xproject\smartcar\smartcar.sdk\.sdk\launch_scripts\xilinx_c-c++_application_(system_debugger)\system_debugger_using_debug_bsp_test.elf_on_local.tcl'
20:35:01 INFO  : Disconnected from the channel tcfchan#14.
20:35:03 INFO  : 'targets -set -filter {jtag_cable_name =~ "Digilent Zed 210248658103" && level==0} -index 1' command is executed.
20:35:03 INFO  : 'fpga -state' command is executed.
20:35:03 INFO  : Connected to target on host '127.0.0.1' and port '3121'.
20:35:03 INFO  : Jtag cable 'Digilent Zed 210248658103' is selected.
20:35:03 INFO  : 'jtag frequency' command is executed.
20:35:03 INFO  : Sourcing of 'F:/xproject/smartcar/smartcar.sdk/smartcar_wrapper_hw_platform_0/ps7_init.tcl' is done.
20:35:03 INFO  : Context for 'APU' is selected.
20:35:03 INFO  : Hardware design information is loaded from 'F:/xproject/smartcar/smartcar.sdk/smartcar_wrapper_hw_platform_0/system.hdf'.
20:35:03 INFO  : Context for 'APU' is selected.
20:35:04 INFO  : 'stop' command is executed.
20:35:08 INFO  : 'ps7_init' command is executed.
20:35:08 INFO  : 'ps7_post_config' command is executed.
20:35:08 INFO  : Context for processor 'ps7_cortexa9_0' is selected.
20:35:08 INFO  : Processor reset is completed for 'ps7_cortexa9_0'.
20:35:08 INFO  : Context for processor 'ps7_cortexa9_0' is selected.
20:35:09 INFO  : The application 'F:/xproject/smartcar/smartcar.sdk/bsp_test/Debug/bsp_test.elf' is downloaded to processor 'ps7_cortexa9_0'.
20:35:09 INFO  : ----------------XSDB Script----------------
connect -url tcp:127.0.0.1:3121
source F:/xproject/smartcar/smartcar.sdk/smartcar_wrapper_hw_platform_0/ps7_init.tcl
targets -set -nocase -filter {name =~"APU*" && jtag_cable_name =~ "Digilent Zed 210248658103"} -index 0
loadhw F:/xproject/smartcar/smartcar.sdk/smartcar_wrapper_hw_platform_0/system.hdf
targets -set -nocase -filter {name =~"APU*" && jtag_cable_name =~ "Digilent Zed 210248658103"} -index 0
stop
ps7_init
ps7_post_config
targets -set -nocase -filter {name =~ "ARM*#0" && jtag_cable_name =~ "Digilent Zed 210248658103"} -index 0
rst -processor
targets -set -nocase -filter {name =~ "ARM*#0" && jtag_cable_name =~ "Digilent Zed 210248658103"} -index 0
dow F:/xproject/smartcar/smartcar.sdk/bsp_test/Debug/bsp_test.elf
----------------End of Script----------------

20:35:09 INFO  : Memory regions updated for context APU
20:35:10 INFO  : Context for processor 'ps7_cortexa9_0' is selected.
20:35:10 INFO  : 'con' command is executed.
20:35:10 INFO  : ----------------XSDB Script (After Launch)----------------
targets -set -nocase -filter {name =~ "ARM*#0" && jtag_cable_name =~ "Digilent Zed 210248658103"} -index 0
con
----------------End of Script----------------

20:35:10 INFO  : Launch script is exported to file 'F:\xproject\smartcar\smartcar.sdk\.sdk\launch_scripts\xilinx_c-c++_application_(system_debugger)\system_debugger_using_debug_bsp_test.elf_on_local.tcl'
20:45:53 INFO  : Saving repository preferences.
20:45:53 INFO  : Reading in cores from local repositories: 
		 F:\Xilinx\SDK\device-tree-xlnx
20:45:53 INFO  : Cleaning BSP projects in the workspace.
20:57:25 INFO  : No changes in MSS file content so not generating sources.
21:28:53 INFO  : Invoking Bootgen: bootgen -image output.bif -arch zynq -o F:\smartcar\sd\BOOT.bin
21:28:53 INFO  : Creating new bif file F:\smartcar\sd\output.bif
21:28:55 INFO  : Bootgen command execution is done.
00:27:57 INFO  : Disconnected from the channel tcfchan#15.
00:28:06 ERROR : Unexpected error while parsing XMD response ?: com.google.gson.JsonSyntaxException: com.google.gson.stream.MalformedJsonException: invalid number or unquoted string near 
